0 verbose cli C:\nvm4w\nodejs\node.exe C:\nvm4w\nodejs\node_modules\npm\bin\npm-cli.js
1 info using npm@10.9.4
2 info using node@v22.21.1
3 silly config load:file:C:\Users\DELL\AppData\Local\nvm\v22.21.1\node_modules\npm\npmrc
4 silly config load:file:C:\My_Projects\Cell_Xchange_Web\.npmrc
5 silly config load:file:C:\Users\DELL\.npmrc
6 silly config load:file:C:\nvm4w\nodejs\etc\npmrc
7 verbose title npm ci
8 verbose argv "ci" "--cache" ".npm-cache"
9 verbose logfile logs-max:10 dir:C:\My_Projects\Cell_Xchange_Web\.npm-cache\_logs\2026-07-21T05_31_09_206Z-
10 verbose logfile C:\My_Projects\Cell_Xchange_Web\.npm-cache\_logs\2026-07-21T05_31_09_206Z-debug-0.log
11 silly logfile done cleaning log files
12 silly packumentCache heap:4345298944 maxSize:1086324736 maxEntrySize:543162368
13 silly idealTree buildDeps
14 silly fetch manifest @babel/core@^7.24.4
15 silly packumentCache full:https://registry.npmjs.org/@babel%2fcore cache-miss
16 http cache https://registry.npmjs.org/@babel%2fcore 21ms (cache hit)
17 silly packumentCache full:https://registry.npmjs.org/@babel%2fcore set size:788258 disposed:false
18 silly placeDep ROOT @babel/core@7.29.7 OK for: eslint-plugin-react-hooks@7.1.1 want: ^7.24.4
19 silly fetch manifest json5@^2.2.3
20 silly packumentCache full:https://registry.npmjs.org/json5 cache-miss
21 silly fetch manifest gensync@^1.0.0-beta.2
22 silly packumentCache full:https://registry.npmjs.org/gensync cache-miss
23 silly fetch manifest @babel/types@^7.29.7
24 silly packumentCache full:https://registry.npmjs.org/@babel%2ftypes cache-miss
25 silly fetch manifest @babel/helpers@^7.29.7
26 silly packumentCache full:https://registry.npmjs.org/@babel%2fhelpers cache-miss
27 silly fetch manifest @babel/template@^7.29.7
28 silly packumentCache full:https://registry.npmjs.org/@babel%2ftemplate cache-miss
29 silly fetch manifest @babel/traverse@^7.29.7
30 silly packumentCache full:https://registry.npmjs.org/@babel%2ftraverse cache-miss
31 silly fetch manifest @babel/generator@^7.29.7
32 silly packumentCache full:https://registry.npmjs.org/@babel%2fgenerator cache-miss
33 http cache https://registry.npmjs.org/json5 35ms (cache hit)
34 silly packumentCache full:https://registry.npmjs.org/json5 set size:86136 disposed:false
35 silly fetch manifest @babel/code-frame@^7.29.7
36 silly packumentCache full:https://registry.npmjs.org/@babel%2fcode-frame cache-miss
37 http cache https://registry.npmjs.org/@babel%2fhelpers 40ms (cache hit)
38 silly packumentCache full:https://registry.npmjs.org/@babel%2fhelpers set size:398496 disposed:false
39 silly fetch manifest convert-source-map@^2.0.0
40 silly packumentCache full:https://registry.npmjs.org/convert-source-map cache-miss
41 http cache https://registry.npmjs.org/@babel%2ftypes 46ms (cache hit)
42 silly packumentCache full:https://registry.npmjs.org/@babel%2ftypes set size:500625 disposed:false
43 silly fetch manifest @babel/helper-module-transforms@^7.29.7
44 silly packumentCache full:https://registry.npmjs.org/@babel%2fhelper-module-transforms cache-miss
45 http cache https://registry.npmjs.org/gensync 54ms (cache hit)
46 silly packumentCache full:https://registry.npmjs.org/gensync set size:15068 disposed:false
47 silly fetch manifest @babel/helper-compilation-targets@^7.29.7
48 silly packumentCache full:https://registry.npmjs.org/@babel%2fhelper-compilation-targets cache-miss
49 http cache https://registry.npmjs.org/@babel%2ftemplate 57ms (cache hit)
50 silly packumentCache full:https://registry.npmjs.org/@babel%2ftemplate set size:237074 disposed:false
51 http cache https://registry.npmjs.org/@babel%2ftraverse 62ms (cache hit)
52 silly packumentCache full:https://registry.npmjs.org/@babel%2ftraverse set size:562384 disposed:false
53 http cache https://registry.npmjs.org/@babel%2fgenerator 68ms (cache hit)
54 silly packumentCache full:https://registry.npmjs.org/@babel%2fgenerator set size:520504 disposed:false
55 http cache https://registry.npmjs.org/@babel%2fhelper-module-transforms 37ms (cache hit)
56 silly packumentCache full:https://registry.npmjs.org/@babel%2fhelper-module-transforms set size:346454 disposed:false
57 http cache https://registry.npmjs.org/@babel%2fcode-frame 59ms (cache hit)
58 silly packumentCache full:https://registry.npmjs.org/@babel%2fcode-frame set size:206617 disposed:false
59 http cache https://registry.npmjs.org/@babel%2fhelper-compilation-targets 46ms (cache hit)
60 silly packumentCache full:https://registry.npmjs.org/@babel%2fhelper-compilation-targets set size:229541 disposed:false
61 http cache https://registry.npmjs.org/convert-source-map 59ms (cache hit)
62 silly packumentCache full:https://registry.npmjs.org/convert-source-map set size:66997 disposed:false
63 silly fetch manifest @babel/core@^7.0.0
64 silly packumentCache full:https://registry.npmjs.org/@babel%2fcore cache-hit
65 silly placeDep ROOT @babel/code-frame@7.29.7 OK for: @babel/core@7.29.7 want: ^7.29.7
66 silly placeDep ROOT @babel/generator@7.29.7 OK for: @babel/core@7.29.7 want: ^7.29.7
67 silly placeDep ROOT @babel/helper-compilation-targets@7.29.7 OK for: @babel/core@7.29.7 want: ^7.29.7
68 silly placeDep ROOT @babel/helper-module-transforms@7.29.7 OK for: @babel/core@7.29.7 want: ^7.29.7
69 silly placeDep ROOT @babel/helpers@7.29.7 OK for: @babel/core@7.29.7 want: ^7.29.7
70 silly placeDep ROOT @babel/template@7.29.7 OK for: @babel/core@7.29.7 want: ^7.29.7
71 silly placeDep ROOT @babel/traverse@7.29.7 OK for: @babel/core@7.29.7 want: ^7.29.7
72 silly placeDep ROOT @babel/types@7.29.7 OK for: @babel/core@7.29.7 want: ^7.29.7
73 silly placeDep ROOT convert-source-map@2.0.0 OK for: @babel/core@7.29.7 want: ^2.0.0
74 silly placeDep ROOT gensync@1.0.0-beta.2 OK for: @babel/core@7.29.7 want: ^1.0.0-beta.2
75 silly placeDep ROOT json5@2.2.3 OK for: @babel/core@7.29.7 want: ^2.2.3
76 silly fetch manifest jsesc@^3.0.2
77 silly packumentCache full:https://registry.npmjs.org/jsesc cache-miss
78 silly fetch manifest lru-cache@^5.1.1
79 silly packumentCache full:https://registry.npmjs.org/lru-cache cache-miss
80 silly fetch manifest browserslist@^4.24.0
81 silly packumentCache full:https://registry.npmjs.org/browserslist cache-miss
82 silly fetch manifest @babel/compat-data@^7.29.7
83 silly packumentCache full:https://registry.npmjs.org/@babel%2fcompat-data cache-miss
84 silly fetch manifest @babel/helper-validator-option@^7.29.7
85 silly packumentCache full:https://registry.npmjs.org/@babel%2fhelper-validator-option cache-miss
86 silly fetch manifest @babel/helper-module-imports@^7.29.7
87 silly packumentCache full:https://registry.npmjs.org/@babel%2fhelper-module-imports cache-miss
88 silly fetch manifest @babel/helper-globals@^7.29.7
89 silly packumentCache full:https://registry.npmjs.org/@babel%2fhelper-globals cache-miss
90 http fetch GET 200 https://registry.npmjs.org/jsesc 292ms (cache revalidated)
91 silly packumentCache full:https://registry.npmjs.org/jsesc set size:61512 disposed:false
92 http fetch GET 200 https://registry.npmjs.org/browserslist 316ms (cache revalidated)
93 silly packumentCache full:https://registry.npmjs.org/browserslist set size:514014 disposed:false
94 http fetch GET 200 https://registry.npmjs.org/@babel%2fhelper-globals 330ms (cache revalidated)
95 silly packumentCache full:https://registry.npmjs.org/@babel%2fhelper-globals set size:25155 disposed:false
96 http fetch GET 200 https://registry.npmjs.org/@babel%2fhelper-module-imports 334ms (cache revalidated)
97 silly packumentCache full:https://registry.npmjs.org/@babel%2fhelper-module-imports set size:203392 disposed:false
98 http fetch GET 200 https://registry.npmjs.org/@babel%2fcompat-data 340ms (cache revalidated)
99 silly packumentCache full:https://registry.npmjs.org/@babel%2fcompat-data set size:318807 disposed:false
100 http fetch GET 200 https://registry.npmjs.org/@babel%2fhelper-validator-option 345ms (cache revalidated)
101 silly packumentCache full:https://registry.npmjs.org/@babel%2fhelper-validator-option set size:101303 disposed:false
102 http fetch GET 200 https://registry.npmjs.org/lru-cache 519ms (cache revalidated)
103 silly packumentCache full:https://registry.npmjs.org/lru-cache set size:460407 disposed:false
104 silly placeDep ROOT jsesc@3.1.0 OK for: @babel/generator@7.29.7 want: ^3.0.2
105 silly placeDep ROOT @babel/compat-data@7.29.7 OK for: @babel/helper-compilation-targets@7.29.7 want: ^7.29.7
106 silly placeDep ROOT @babel/helper-validator-option@7.29.7 OK for: @babel/helper-compilation-targets@7.29.7 want: ^7.29.7
107 silly placeDep ROOT browserslist@4.28.6 OK for: @babel/helper-compilation-targets@7.29.7 want: ^4.24.0
108 silly placeDep ROOT lru-cache@5.1.1 OK for: @babel/helper-compilation-targets@7.29.7 want: ^5.1.1
109 silly fetch manifest node-releases@^2.0.51
110 silly packumentCache full:https://registry.npmjs.org/node-releases cache-miss
111 silly fetch manifest electron-to-chromium@^1.5.389
112 silly packumentCache full:https://registry.npmjs.org/electron-to-chromium cache-miss
113 silly fetch manifest update-browserslist-db@^1.2.3
114 silly packumentCache full:https://registry.npmjs.org/update-browserslist-db cache-miss
115 silly fetch manifest yallist@^3.0.2
116 silly packumentCache full:https://registry.npmjs.org/yallist cache-miss
117 http fetch GET 200 https://registry.npmjs.org/update-browserslist-db 220ms (cache revalidated)
118 silly packumentCache full:https://registry.npmjs.org/update-browserslist-db set size:62000 disposed:false
119 http fetch GET 200 https://registry.npmjs.org/yallist 230ms (cache revalidated)
120 silly packumentCache full:https://registry.npmjs.org/yallist set size:34610 disposed:false
121 http fetch GET 200 https://registry.npmjs.org/node-releases 235ms (cache revalidated)
122 silly packumentCache full:https://registry.npmjs.org/node-releases set size:290209 disposed:false
123 http fetch GET 200 https://registry.npmjs.org/electron-to-chromium 252ms (cache revalidated)
124 silly packumentCache full:https://registry.npmjs.org/electron-to-chromium set size:4870559 disposed:false
125 silly placeDep ROOT @babel/helper-module-imports@7.29.7 OK for: @babel/helper-module-transforms@7.29.7 want: ^7.29.7
126 silly placeDep ROOT @babel/helper-globals@7.29.7 OK for: @babel/traverse@7.29.7 want: ^7.29.7
127 silly fetch manifest browserslist@>= 4.21.0
128 silly packumentCache full:https://registry.npmjs.org/browserslist cache-hit
129 silly placeDep ROOT electron-to-chromium@1.5.394 OK for: browserslist@4.28.6 want: ^1.5.389
130 silly placeDep ROOT node-releases@2.0.51 OK for: browserslist@4.28.6 want: ^2.0.51
131 silly placeDep ROOT update-browserslist-db@1.2.3 OK for: browserslist@4.28.6 want: ^1.2.3
132 silly fetch manifest escalade@^3.2.0
133 silly packumentCache full:https://registry.npmjs.org/escalade cache-miss
134 http fetch GET 200 https://registry.npmjs.org/escalade 238ms (cache revalidated)
135 silly packumentCache full:https://registry.npmjs.org/escalade set size:33724 disposed:false
136 silly placeDep ROOT yallist@3.1.1 OK for: lru-cache@5.1.1 want: ^3.0.2
137 silly placeDep ROOT escalade@3.2.0 OK for: update-browserslist-db@1.2.3 want: ^3.2.0
138 verbose stack Error: 
138 verbose stack `npm ci` can only install packages when your package.json and package-lock.json or npm-shrinkwrap.json are in sync. Please update your lock file with `npm install` before continuing.
138 verbose stack
138 verbose stack Missing: @babel/core@7.29.7 from lock file
138 verbose stack Missing: @babel/code-frame@7.29.7 from lock file
138 verbose stack Missing: @babel/generator@7.29.7 from lock file
138 verbose stack Missing: @babel/helper-compilation-targets@7.29.7 from lock file
138 verbose stack Missing: @babel/helper-module-transforms@7.29.7 from lock file
138 verbose stack Missing: @babel/helpers@7.29.7 from lock file
138 verbose stack Missing: @babel/template@7.29.7 from lock file
138 verbose stack Missing: @babel/traverse@7.29.7 from lock file
138 verbose stack Missing: @babel/types@7.29.7 from lock file
138 verbose stack Missing: convert-source-map@2.0.0 from lock file
138 verbose stack Missing: gensync@1.0.0-beta.2 from lock file
138 verbose stack Missing: json5@2.2.3 from lock file
138 verbose stack Missing: jsesc@3.1.0 from lock file
138 verbose stack Missing: @babel/compat-data@7.29.7 from lock file
138 verbose stack Missing: @babel/helper-validator-option@7.29.7 from lock file
138 verbose stack Missing: browserslist@4.28.6 from lock file
138 verbose stack Missing: lru-cache@5.1.1 from lock file
138 verbose stack Missing: @babel/helper-module-imports@7.29.7 from lock file
138 verbose stack Missing: @babel/helper-globals@7.29.7 from lock file
138 verbose stack Missing: electron-to-chromium@1.5.394 from lock file
138 verbose stack Missing: node-releases@2.0.51 from lock file
138 verbose stack Missing: update-browserslist-db@1.2.3 from lock file
138 verbose stack Missing: yallist@3.1.1 from lock file
138 verbose stack Missing: escalade@3.2.0 from lock file
138 verbose stack
138 verbose stack Clean install a project
138 verbose stack
138 verbose stack Usage:
138 verbose stack npm ci
138 verbose stack
138 verbose stack Options:
138 verbose stack [--install-strategy <hoisted|nested|shallow|linked>] [--legacy-bundling]
138 verbose stack [--global-style] [--omit <dev|optional|peer> [--omit <dev|optional|peer> ...]]
138 verbose stack [--include <prod|dev|optional|peer> [--include <prod|dev|optional|peer> ...]]
138 verbose stack [--strict-peer-deps] [--foreground-scripts] [--ignore-scripts] [--no-audit]
138 verbose stack [--no-bin-links] [--no-fund] [--dry-run]
138 verbose stack [-w|--workspace <workspace-name> [-w|--workspace <workspace-name> ...]]
138 verbose stack [-ws|--workspaces] [--include-workspace-root] [--install-links]
138 verbose stack
138 verbose stack aliases: clean-install, ic, install-clean, isntall-clean
138 verbose stack
138 verbose stack Run "npm help ci" for more info
138 verbose stack     at CI.usageError (C:\Users\DELL\AppData\Local\nvm\v22.21.1\node_modules\npm\lib\base-cmd.js:111:26)
138 verbose stack     at CI.exec (C:\Users\DELL\AppData\Local\nvm\v22.21.1\node_modules\npm\lib\commands\ci.js:70:18)
138 verbose stack     at async Npm.exec (C:\Users\DELL\AppData\Local\nvm\v22.21.1\node_modules\npm\lib\npm.js:207:9)
138 verbose stack     at async module.exports (C:\Users\DELL\AppData\Local\nvm\v22.21.1\node_modules\npm\lib\cli\entry.js:74:5)
139 error code EUSAGE
140 error
140 error `npm ci` can only install packages when your package.json and package-lock.json or npm-shrinkwrap.json are in sync. Please update your lock file with `npm install` before continuing.
140 error
140 error Missing: @babel/core@7.29.7 from lock file
140 error Missing: @babel/code-frame@7.29.7 from lock file
140 error Missing: @babel/generator@7.29.7 from lock file
140 error Missing: @babel/helper-compilation-targets@7.29.7 from lock file
140 error Missing: @babel/helper-module-transforms@7.29.7 from lock file
140 error Missing: @babel/helpers@7.29.7 from lock file
140 error Missing: @babel/template@7.29.7 from lock file
140 error Missing: @babel/traverse@7.29.7 from lock file
140 error Missing: @babel/types@7.29.7 from lock file
140 error Missing: convert-source-map@2.0.0 from lock file
140 error Missing: gensync@1.0.0-beta.2 from lock file
140 error Missing: json5@2.2.3 from lock file
140 error Missing: jsesc@3.1.0 from lock file
140 error Missing: @babel/compat-data@7.29.7 from lock file
140 error Missing: @babel/helper-validator-option@7.29.7 from lock file
140 error Missing: browserslist@4.28.6 from lock file
140 error Missing: lru-cache@5.1.1 from lock file
140 error Missing: @babel/helper-module-imports@7.29.7 from lock file
140 error Missing: @babel/helper-globals@7.29.7 from lock file
140 error Missing: electron-to-chromium@1.5.394 from lock file
140 error Missing: node-releases@2.0.51 from lock file
140 error Missing: update-browserslist-db@1.2.3 from lock file
140 error Missing: yallist@3.1.1 from lock file
140 error Missing: escalade@3.2.0 from lock file
140 error
140 error Clean install a project
140 error
140 error Usage:
140 error npm ci
140 error
140 error Options:
140 error [--install-strategy <hoisted|nested|shallow|linked>] [--legacy-bundling]
140 error [--global-style] [--omit <dev|optional|peer> [--omit <dev|optional|peer> ...]]
140 error [--include <prod|dev|optional|peer> [--include <prod|dev|optional|peer> ...]]
140 error [--strict-peer-deps] [--foreground-scripts] [--ignore-scripts] [--no-audit]
140 error [--no-bin-links] [--no-fund] [--dry-run]
140 error [-w|--workspace <workspace-name> [-w|--workspace <workspace-name> ...]]
140 error [-ws|--workspaces] [--include-workspace-root] [--install-links]
140 error
140 error aliases: clean-install, ic, install-clean, isntall-clean
140 error
140 error Run "npm help ci" for more info
141 verbose cwd C:\My_Projects\Cell_Xchange_Web
142 verbose os Windows_NT 10.0.26200
143 verbose node v22.21.1
144 verbose npm  v10.9.4
145 verbose exit 1
146 verbose code 1
147 error A complete log of this run can be found in: C:\My_Projects\Cell_Xchange_Web\.npm-cache\_logs\2026-07-21T05_31_09_206Z-debug-0.log
