0 verbose cli C:\nvm4w\nodejs\node.exe C:\nvm4w\nodejs\node_modules\npm\bin\npm-cli.js
1 info using npm@10.9.4
2 info using node@v22.21.1
3 silly config load:file:C:\Users\DELL\AppData\Local\nvm\v22.21.1\node_modules\npm\npmrc
4 silly config load:file:C:\My_Projects\Cell_Xchange_Web\.npmrc
5 silly config load:file:C:\Users\DELL\.npmrc
6 silly config load:file:C:\nvm4w\nodejs\etc\npmrc
7 verbose title npm install @babel/core@latest react-hook-form@7.82.0 lightningcss-win32-x64-msvc@1.30.2
8 verbose argv "install" "@babel/core@latest" "react-hook-form@7.82.0" "lightningcss-win32-x64-msvc@1.30.2" "--save-dev" "--force" "--cache" ".npm-cache"
9 verbose logfile logs-max:10 dir:C:\My_Projects\Cell_Xchange_Web\.npm-cache\_logs\2026-07-21T05_31_27_294Z-
10 verbose logfile C:\My_Projects\Cell_Xchange_Web\.npm-cache\_logs\2026-07-21T05_31_27_294Z-debug-0.log
11 warn using --force Recommended protections disabled.
12 silly logfile done cleaning log files
13 silly packumentCache heap:4345298944 maxSize:1086324736 maxEntrySize:543162368
14 silly packumentCache corgi:https://registry.npmjs.org/@babel%2fcore cache-miss
15 http fetch GET 200 https://registry.npmjs.org/@babel%2fcore 1066ms (cache miss)
16 silly packumentCache corgi:https://registry.npmjs.org/@babel%2fcore set size:undefined disposed:false
17 warn idealTree Removing dependencies.react-hook-form in favor of devDependencies.react-hook-form
18 silly idealTree buildDeps
19 silly fetch manifest react-hook-form@7.82.0
20 silly packumentCache full:https://registry.npmjs.org/react-hook-form cache-miss
21 http fetch GET 200 https://registry.npmjs.org/react-hook-form 95ms (cache revalidated)
22 silly packumentCache full:https://registry.npmjs.org/react-hook-form set size:5184019 disposed:false
23 silly fetch manifest react@^19.2.0
24 silly packumentCache full:https://registry.npmjs.org/react cache-miss
25 http fetch GET 200 https://registry.npmjs.org/react 68ms (cache revalidated)
26 silly packumentCache full:https://registry.npmjs.org/react set size:6810323 disposed:false
27 silly fetch manifest lightningcss-win32-x64-msvc@1.30.2
28 silly packumentCache full:https://registry.npmjs.org/lightningcss-win32-x64-msvc cache-miss
29 http fetch GET 200 https://registry.npmjs.org/lightningcss-win32-x64-msvc 1024ms (cache revalidated)
30 silly packumentCache full:https://registry.npmjs.org/lightningcss-win32-x64-msvc set size:81347 disposed:false
31 silly fetch manifest @babel/core@8.0.1
32 silly packumentCache full:https://registry.npmjs.org/@babel%2fcore cache-miss
33 http cache https://registry.npmjs.org/@babel%2fcore 27ms (cache hit)
34 silly packumentCache full:https://registry.npmjs.org/@babel%2fcore set size:788258 disposed:false
35 silly placeDep ROOT @babel/core@8.0.1 OK for: mobile-hub@1.0.0 want: 8.0.1
36 silly placeDep ROOT lightningcss-win32-x64-msvc@1.30.2 REPLACE for: mobile-hub@1.0.0 want: 1.30.2
37 silly placeDep ROOT react-hook-form@7.82.0 REPLACE for: mobile-hub@1.0.0 want: 7.82.0
38 silly fetch manifest @babel/code-frame@^8.0.0
39 silly packumentCache full:https://registry.npmjs.org/@babel%2fcode-frame cache-miss
40 silly fetch manifest @babel/generator@^8.0.0
41 silly packumentCache full:https://registry.npmjs.org/@babel%2fgenerator cache-miss
42 silly fetch manifest @babel/helper-compilation-targets@^8.0.0
43 silly packumentCache full:https://registry.npmjs.org/@babel%2fhelper-compilation-targets cache-miss
44 silly fetch manifest @babel/helpers@^8.0.0
45 silly packumentCache full:https://registry.npmjs.org/@babel%2fhelpers cache-miss
46 silly fetch manifest @babel/parser@^8.0.0
47 silly packumentCache full:https://registry.npmjs.org/@babel%2fparser cache-miss
48 silly fetch manifest @babel/template@^8.0.0
49 silly packumentCache full:https://registry.npmjs.org/@babel%2ftemplate cache-miss
50 silly fetch manifest @babel/traverse@^8.0.0
51 silly packumentCache full:https://registry.npmjs.org/@babel%2ftraverse cache-miss
52 http cache https://registry.npmjs.org/@babel%2fcode-frame 64ms (cache hit)
53 silly packumentCache full:https://registry.npmjs.org/@babel%2fcode-frame set size:206617 disposed:false
54 silly fetch manifest @babel/types@^8.0.0
55 silly packumentCache full:https://registry.npmjs.org/@babel%2ftypes cache-miss
56 http cache https://registry.npmjs.org/@babel%2fhelper-compilation-targets 69ms (cache hit)
57 silly packumentCache full:https://registry.npmjs.org/@babel%2fhelper-compilation-targets set size:229541 disposed:false
58 silly fetch manifest @types/gensync@^1.0.5
59 silly packumentCache full:https://registry.npmjs.org/@types%2fgensync cache-miss
60 http cache https://registry.npmjs.org/@babel%2fgenerator 75ms (cache hit)
61 silly packumentCache full:https://registry.npmjs.org/@babel%2fgenerator set size:520504 disposed:false
62 silly fetch manifest convert-source-map@^2.0.0
63 silly packumentCache full:https://registry.npmjs.org/convert-source-map cache-miss
64 http cache https://registry.npmjs.org/@babel%2fparser 80ms (cache hit)
65 silly packumentCache full:https://registry.npmjs.org/@babel%2fparser set size:735431 disposed:false
66 silly fetch manifest empathic@^2.0.1
67 silly packumentCache full:https://registry.npmjs.org/empathic cache-miss
68 http cache https://registry.npmjs.org/@babel%2ftemplate 94ms (cache hit)
69 silly packumentCache full:https://registry.npmjs.org/@babel%2ftemplate set size:237074 disposed:false
70 silly fetch manifest gensync@^1.0.0-beta.2
71 silly packumentCache full:https://registry.npmjs.org/gensync cache-miss
72 http cache https://registry.npmjs.org/@babel%2fhelpers 103ms (cache hit)
73 silly packumentCache full:https://registry.npmjs.org/@babel%2fhelpers set size:398496 disposed:false
74 silly fetch manifest import-meta-resolve@^4.2.0
75 silly packumentCache full:https://registry.npmjs.org/import-meta-resolve cache-miss
76 http cache https://registry.npmjs.org/@babel%2ftraverse 117ms (cache hit)
77 silly packumentCache full:https://registry.npmjs.org/@babel%2ftraverse set size:562384 disposed:false
78 silly fetch manifest json5@^2.2.3
79 silly packumentCache full:https://registry.npmjs.org/json5 cache-miss
80 http cache https://registry.npmjs.org/convert-source-map 65ms (cache hit)
81 silly packumentCache full:https://registry.npmjs.org/convert-source-map set size:66997 disposed:false
82 silly fetch manifest obug@^2.1.1
83 silly packumentCache full:https://registry.npmjs.org/obug cache-miss
84 http cache https://registry.npmjs.org/@babel%2ftypes 82ms (cache hit)
85 silly packumentCache full:https://registry.npmjs.org/@babel%2ftypes set size:500625 disposed:false
86 silly fetch manifest semver@^7.7.3
87 silly packumentCache full:https://registry.npmjs.org/semver cache-miss
88 http cache https://registry.npmjs.org/gensync 56ms (cache hit)
89 silly packumentCache full:https://registry.npmjs.org/gensync set size:15068 disposed:false
90 http cache https://registry.npmjs.org/json5 33ms (cache hit)
91 silly packumentCache full:https://registry.npmjs.org/json5 set size:86136 disposed:false
92 http cache https://registry.npmjs.org/semver 18ms (cache hit)
93 silly packumentCache full:https://registry.npmjs.org/semver set size:246069 disposed:false
94 http fetch GET 200 https://registry.npmjs.org/@types%2fgensync 170ms (cache miss)
95 silly packumentCache full:https://registry.npmjs.org/@types%2fgensync set size:undefined disposed:false
96 http fetch GET 200 https://registry.npmjs.org/empathic 240ms (cache miss)
97 silly packumentCache full:https://registry.npmjs.org/empathic set size:undefined disposed:false
98 http fetch GET 200 https://registry.npmjs.org/obug 195ms (cache miss)
99 silly packumentCache full:https://registry.npmjs.org/obug set size:undefined disposed:false
100 http fetch GET 200 https://registry.npmjs.org/import-meta-resolve 486ms (cache miss)
101 silly packumentCache full:https://registry.npmjs.org/import-meta-resolve set size:undefined disposed:false
102 silly placeDep ROOT @babel/code-frame@8.0.0 OK for: @babel/core@8.0.1 want: ^8.0.0
103 silly placeDep ROOT @babel/generator@8.0.0 OK for: @babel/core@8.0.1 want: ^8.0.0
104 silly placeDep ROOT @babel/helper-compilation-targets@8.0.0 OK for: @babel/core@8.0.1 want: ^8.0.0
105 silly placeDep ROOT @babel/helpers@8.0.0 OK for: @babel/core@8.0.1 want: ^8.0.0
106 silly placeDep node_modules/@babel/core @babel/parser@8.0.4 OK for: @babel/core@8.0.1 want: ^8.0.0
107 silly placeDep ROOT @babel/template@8.0.0 OK for: @babel/core@8.0.1 want: ^8.0.0
108 silly placeDep ROOT @babel/traverse@8.0.4 OK for: @babel/core@8.0.1 want: ^8.0.0
109 silly placeDep ROOT @babel/types@8.0.4 OK for: @babel/core@8.0.1 want: ^8.0.0
110 silly placeDep ROOT @types/gensync@1.0.5 OK for: @babel/core@8.0.1 want: ^1.0.5
111 silly placeDep ROOT convert-source-map@2.0.0 OK for: @babel/core@8.0.1 want: ^2.0.0
112 silly placeDep ROOT empathic@2.0.1 OK for: @babel/core@8.0.1 want: ^2.0.1
113 silly placeDep ROOT gensync@1.0.0-beta.2 OK for: @babel/core@8.0.1 want: ^1.0.0-beta.2
114 silly placeDep ROOT import-meta-resolve@4.2.0 OK for: @babel/core@8.0.1 want: ^4.2.0
115 silly placeDep ROOT json5@2.2.3 OK for: @babel/core@8.0.1 want: ^2.2.3
116 silly placeDep ROOT obug@2.1.4 OK for: @babel/core@8.0.1 want: ^2.1.1
117 silly placeDep node_modules/@babel/core semver@7.8.5 OK for: @babel/core@8.0.1 want: ^7.7.3
118 silly fetch manifest js-tokens@^10.0.0
119 silly packumentCache full:https://registry.npmjs.org/js-tokens cache-miss
120 silly fetch manifest @babel/helper-validator-identifier@^8.0.0
121 silly packumentCache full:https://registry.npmjs.org/@babel%2fhelper-validator-identifier cache-miss
122 silly fetch manifest jsesc@^3.0.2
123 silly packumentCache full:https://registry.npmjs.org/jsesc cache-miss
124 silly fetch manifest @types/jsesc@^2.5.0
125 silly packumentCache full:https://registry.npmjs.org/@types%2fjsesc cache-miss
126 silly fetch manifest lru-cache@^11.0.0
127 silly packumentCache full:https://registry.npmjs.org/lru-cache cache-miss
128 silly fetch manifest browserslist@^4.24.0
129 silly packumentCache full:https://registry.npmjs.org/browserslist cache-miss
130 silly fetch manifest @babel/compat-data@^8.0.0
131 silly packumentCache full:https://registry.npmjs.org/@babel%2fcompat-data cache-miss
132 http cache https://registry.npmjs.org/jsesc 43ms (cache hit)
133 silly packumentCache full:https://registry.npmjs.org/jsesc set size:61512 disposed:false
134 silly fetch manifest @babel/helper-validator-option@^8.0.0
135 silly packumentCache full:https://registry.npmjs.org/@babel%2fhelper-validator-option cache-miss
136 http cache https://registry.npmjs.org/lru-cache 44ms (cache hit)
137 silly packumentCache full:https://registry.npmjs.org/lru-cache set size:460407 disposed:false
138 silly fetch manifest @babel/types@^8.0.4
139 silly packumentCache full:https://registry.npmjs.org/@babel%2ftypes cache-hit
140 silly fetch manifest @babel/helper-globals@^8.0.0
141 silly packumentCache full:https://registry.npmjs.org/@babel%2fhelper-globals cache-miss
142 http cache https://registry.npmjs.org/browserslist 53ms (cache hit)
143 silly packumentCache full:https://registry.npmjs.org/browserslist set size:514014 disposed:false
144 silly fetch manifest @babel/parser@^8.0.4
145 silly packumentCache full:https://registry.npmjs.org/@babel%2fparser cache-hit
146 silly fetch manifest @babel/helper-string-parser@^8.0.0
147 silly packumentCache full:https://registry.npmjs.org/@babel%2fhelper-string-parser cache-miss
148 http cache https://registry.npmjs.org/@babel%2fcompat-data 73ms (cache hit)
149 silly packumentCache full:https://registry.npmjs.org/@babel%2fcompat-data set size:318807 disposed:false
150 silly fetch manifest @babel/helper-validator-identifier@^8.0.4
151 silly packumentCache full:https://registry.npmjs.org/@babel%2fhelper-validator-identifier cache-miss
152 http cache https://registry.npmjs.org/@babel%2fhelper-validator-option 58ms (cache hit)
153 silly packumentCache full:https://registry.npmjs.org/@babel%2fhelper-validator-option set size:101303 disposed:false
154 http cache https://registry.npmjs.org/@babel%2fhelper-globals 51ms (cache hit)
155 silly packumentCache full:https://registry.npmjs.org/@babel%2fhelper-globals set size:25155 disposed:false
156 http fetch GET 200 https://registry.npmjs.org/js-tokens 296ms (cache revalidated)
157 silly packumentCache full:https://registry.npmjs.org/js-tokens set size:41947 disposed:false
158 http fetch GET 200 https://registry.npmjs.org/@babel%2fhelper-validator-identifier 300ms (cache revalidated)
159 silly packumentCache full:https://registry.npmjs.org/@babel%2fhelper-validator-identifier set size:130133 disposed:false
160 http fetch GET 200 https://registry.npmjs.org/@babel%2fhelper-string-parser 711ms (cache revalidated)
161 silly packumentCache full:https://registry.npmjs.org/@babel%2fhelper-string-parser set size:91563 disposed:false
162 http fetch GET 200 https://registry.npmjs.org/@babel%2fhelper-validator-identifier 702ms (cache revalidated)
163 silly packumentCache full:https://registry.npmjs.org/@babel%2fhelper-validator-identifier set size:130133 disposed:false
164 silly packumentCache full:https://registry.npmjs.org/@babel%2fhelper-validator-identifier dispose
165 http fetch GET 200 https://registry.npmjs.org/@types%2fjsesc 805ms (cache miss)
166 silly packumentCache full:https://registry.npmjs.org/@types%2fjsesc set size:undefined disposed:false
167 silly placeDep node_modules/@babel/code-frame @babel/helper-validator-identifier@8.0.4 OK for: @babel/code-frame@8.0.0 want: ^8.0.0
168 silly placeDep node_modules/@babel/code-frame js-tokens@10.0.0 OK for: @babel/code-frame@8.0.0 want: ^10.0.0
169 silly placeDep node_modules/@babel/generator @babel/parser@8.0.4 OK for: @babel/generator@8.0.0 want: ^8.0.0
170 silly placeDep ROOT @types/jsesc@2.5.1 OK for: @babel/generator@8.0.0 want: ^2.5.0
171 silly placeDep ROOT jsesc@3.1.0 OK for: @babel/generator@8.0.0 want: ^3.0.2
172 silly placeDep ROOT @babel/compat-data@8.0.0 OK for: @babel/helper-compilation-targets@8.0.0 want: ^8.0.0
173 silly placeDep ROOT @babel/helper-validator-option@8.0.0 OK for: @babel/helper-compilation-targets@8.0.0 want: ^8.0.0
174 silly placeDep ROOT browserslist@4.28.6 OK for: @babel/helper-compilation-targets@8.0.0 want: ^4.24.0
175 silly placeDep ROOT lru-cache@11.5.2 OK for: @babel/helper-compilation-targets@8.0.0 want: ^11.0.0
176 silly placeDep node_modules/@babel/helper-compilation-targets semver@7.8.5 OK for: @babel/helper-compilation-targets@8.0.0 want: ^7.7.3
177 silly fetch manifest node-releases@^2.0.51
178 silly packumentCache full:https://registry.npmjs.org/node-releases cache-miss
179 silly fetch manifest electron-to-chromium@^1.5.389
180 silly packumentCache full:https://registry.npmjs.org/electron-to-chromium cache-miss
181 silly fetch manifest update-browserslist-db@^1.2.3
182 silly packumentCache full:https://registry.npmjs.org/update-browserslist-db cache-miss
183 http cache https://registry.npmjs.org/update-browserslist-db 14ms (cache hit)
184 silly packumentCache full:https://registry.npmjs.org/update-browserslist-db set size:62000 disposed:false
185 http cache https://registry.npmjs.org/node-releases 19ms (cache hit)
186 silly packumentCache full:https://registry.npmjs.org/node-releases set size:290209 disposed:false
187 http cache https://registry.npmjs.org/electron-to-chromium 47ms (cache hit)
188 silly packumentCache full:https://registry.npmjs.org/electron-to-chromium set size:4870559 disposed:false
189 silly placeDep node_modules/@babel/template @babel/parser@8.0.4 OK for: @babel/template@8.0.0 want: ^8.0.0
190 silly placeDep ROOT @babel/helper-globals@8.0.0 OK for: @babel/traverse@8.0.4 want: ^8.0.0
191 silly placeDep node_modules/@babel/traverse @babel/parser@8.0.4 OK for: @babel/traverse@8.0.4 want: ^8.0.4
192 silly placeDep node_modules/@babel/types @babel/helper-string-parser@8.0.0 OK for: @babel/types@8.0.4 want: ^8.0.0
193 silly placeDep node_modules/@babel/types @babel/helper-validator-identifier@8.0.4 OK for: @babel/types@8.0.4 want: ^8.0.4
194 silly fetch manifest browserslist@>= 4.21.0
195 silly packumentCache full:https://registry.npmjs.org/browserslist cache-hit
196 silly placeDep ROOT electron-to-chromium@1.5.394 OK for: browserslist@4.28.6 want: ^1.5.389
197 silly placeDep ROOT node-releases@2.0.51 OK for: browserslist@4.28.6 want: ^2.0.51
198 silly placeDep ROOT update-browserslist-db@1.2.3 OK for: browserslist@4.28.6 want: ^1.2.3
199 silly fetch manifest escalade@^3.2.0
200 silly packumentCache full:https://registry.npmjs.org/escalade cache-miss
201 http cache https://registry.npmjs.org/escalade 9ms (cache hit)
202 silly packumentCache full:https://registry.npmjs.org/escalade set size:33724 disposed:false
203 silly fetch manifest @babel/core@^7.24.4
204 silly packumentCache full:https://registry.npmjs.org/@babel%2fcore cache-hit
205 silly placeDep node_modules/eslint-plugin-react-hooks @babel/core@7.29.7 OK for: eslint-plugin-react-hooks@7.1.1 want: ^7.24.4
206 silly fetch manifest @babel/types@^7.29.7
207 silly packumentCache full:https://registry.npmjs.org/@babel%2ftypes cache-hit
208 silly fetch manifest @babel/helpers@^7.29.7
209 silly packumentCache full:https://registry.npmjs.org/@babel%2fhelpers cache-hit
210 silly fetch manifest @babel/template@^7.29.7
211 silly packumentCache full:https://registry.npmjs.org/@babel%2ftemplate cache-hit
212 silly fetch manifest @babel/traverse@^7.29.7
213 silly packumentCache full:https://registry.npmjs.org/@babel%2ftraverse cache-hit
214 silly fetch manifest @babel/generator@^7.29.7
215 silly packumentCache full:https://registry.npmjs.org/@babel%2fgenerator cache-hit
216 silly fetch manifest @babel/code-frame@^7.29.7
217 silly packumentCache full:https://registry.npmjs.org/@babel%2fcode-frame cache-hit
218 silly fetch manifest @babel/helper-module-transforms@^7.29.7
219 silly packumentCache full:https://registry.npmjs.org/@babel%2fhelper-module-transforms cache-miss
220 silly fetch manifest @babel/helper-compilation-targets@^7.29.7
221 silly packumentCache full:https://registry.npmjs.org/@babel%2fhelper-compilation-targets cache-hit
222 http cache https://registry.npmjs.org/@babel%2fhelper-module-transforms 31ms (cache hit)
223 silly packumentCache full:https://registry.npmjs.org/@babel%2fhelper-module-transforms set size:346454 disposed:false
224 silly fetch manifest lightningcss-win32-x64-msvc@1.32.0
225 silly packumentCache full:https://registry.npmjs.org/lightningcss-win32-x64-msvc cache-hit
226 silly placeDep node_modules/lightningcss lightningcss-win32-x64-msvc@1.32.0 OK for: lightningcss@1.32.0 want: 1.32.0
227 silly placeDep ROOT escalade@3.2.0 OK for: update-browserslist-db@1.2.3 want: ^3.2.0
228 silly fetch manifest @babel/core@^7.0.0
229 silly packumentCache full:https://registry.npmjs.org/@babel%2fcore cache-hit
230 silly placeDep node_modules/eslint-plugin-react-hooks @babel/code-frame@7.29.7 OK for: @babel/core@7.29.7 want: ^7.29.7
231 silly placeDep node_modules/eslint-plugin-react-hooks @babel/generator@7.29.7 OK for: @babel/core@7.29.7 want: ^7.29.7
232 silly placeDep node_modules/eslint-plugin-react-hooks @babel/helper-compilation-targets@7.29.7 OK for: @babel/core@7.29.7 want: ^7.29.7
233 silly placeDep node_modules/eslint-plugin-react-hooks @babel/helper-module-transforms@7.29.7 OK for: @babel/core@7.29.7 want: ^7.29.7
234 silly placeDep node_modules/eslint-plugin-react-hooks @babel/helpers@7.29.7 OK for: @babel/core@7.29.7 want: ^7.29.7
235 silly placeDep node_modules/eslint-plugin-react-hooks @babel/template@7.29.7 OK for: @babel/core@7.29.7 want: ^7.29.7
236 silly placeDep node_modules/eslint-plugin-react-hooks @babel/traverse@7.29.7 OK for: @babel/core@7.29.7 want: ^7.29.7
237 silly placeDep node_modules/eslint-plugin-react-hooks @babel/types@7.29.7 OK for: @babel/core@7.29.7 want: ^7.29.7
238 silly fetch manifest lru-cache@^5.1.1
239 silly packumentCache full:https://registry.npmjs.org/lru-cache cache-hit
240 silly fetch manifest @babel/compat-data@^7.29.7
241 silly packumentCache full:https://registry.npmjs.org/@babel%2fcompat-data cache-hit
242 silly fetch manifest @babel/helper-validator-option@^7.29.7
243 silly packumentCache full:https://registry.npmjs.org/@babel%2fhelper-validator-option cache-hit
244 silly fetch manifest @babel/helper-module-imports@^7.29.7
245 silly packumentCache full:https://registry.npmjs.org/@babel%2fhelper-module-imports cache-miss
246 silly fetch manifest @babel/helper-globals@^7.29.7
247 silly packumentCache full:https://registry.npmjs.org/@babel%2fhelper-globals cache-hit
248 http cache https://registry.npmjs.org/@babel%2fhelper-module-imports 15ms (cache hit)
249 silly packumentCache full:https://registry.npmjs.org/@babel%2fhelper-module-imports set size:203392 disposed:false
250 silly placeDep node_modules/eslint-plugin-react-hooks @babel/compat-data@7.29.7 OK for: @babel/helper-compilation-targets@7.29.7 want: ^7.29.7
251 silly placeDep node_modules/eslint-plugin-react-hooks @babel/helper-validator-option@7.29.7 OK for: @babel/helper-compilation-targets@7.29.7 want: ^7.29.7
252 silly placeDep node_modules/eslint-plugin-react-hooks lru-cache@5.1.1 OK for: @babel/helper-compilation-targets@7.29.7 want: ^5.1.1
253 silly fetch manifest yallist@^3.0.2
254 silly packumentCache full:https://registry.npmjs.org/yallist cache-miss
255 http cache https://registry.npmjs.org/yallist 8ms (cache hit)
256 silly packumentCache full:https://registry.npmjs.org/yallist set size:34610 disposed:false
257 silly placeDep ROOT @babel/helper-module-imports@7.29.7 OK for: @babel/helper-module-transforms@7.29.7 want: ^7.29.7
258 silly placeDep node_modules/@babel/helper-module-imports @babel/traverse@7.29.7 OK for: @babel/helper-module-imports@7.29.7 want: ^7.29.7
259 silly placeDep node_modules/@babel/helper-module-imports @babel/types@7.29.7 OK for: @babel/helper-module-imports@7.29.7 want: ^7.29.7
260 silly placeDep node_modules/@babel/helper-module-imports @babel/code-frame@7.29.7 OK for: @babel/traverse@7.29.7 want: ^7.29.7
261 silly placeDep node_modules/@babel/helper-module-imports @babel/generator@7.29.7 OK for: @babel/traverse@7.29.7 want: ^7.29.7
262 silly placeDep node_modules/@babel/helper-module-imports @babel/helper-globals@7.29.7 OK for: @babel/traverse@7.29.7 want: ^7.29.7
263 silly placeDep node_modules/@babel/helper-module-imports @babel/template@7.29.7 OK for: @babel/traverse@7.29.7 want: ^7.29.7
264 silly placeDep node_modules/eslint-plugin-react-hooks @babel/helper-globals@7.29.7 OK for: @babel/traverse@7.29.7 want: ^7.29.7
265 silly placeDep ROOT yallist@3.1.1 OK for: lru-cache@5.1.1 want: ^3.0.2
266 silly reify mark retired [
266 silly reify   'C:\\My_Projects\\Cell_Xchange_Web\\node_modules\\lightningcss-win32-x64-msvc'
266 silly reify ]
267 silly reify mark retired [ 'C:\\My_Projects\\Cell_Xchange_Web\\node_modules\\react-hook-form' ]
268 silly reify moves {
268 silly reify   'C:\\My_Projects\\Cell_Xchange_Web\\node_modules\\lightningcss-win32-x64-msvc': 'C:\\My_Projects\\Cell_Xchange_Web\\node_modules\\.lightningcss-win32-x64-msvc-020RAvCo',
268 silly reify   'C:\\My_Projects\\Cell_Xchange_Web\\node_modules\\react-hook-form': 'C:\\My_Projects\\Cell_Xchange_Web\\node_modules\\.react-hook-form-R9j9eT9Q'
268 silly reify }
269 verbose reify failed optional dependency C:\My_Projects\Cell_Xchange_Web\node_modules\@tailwindcss\oxide\node_modules\@tailwindcss\oxide-wasm32-wasi
270 silly reify mark deleted [
270 silly reify   'C:\\My_Projects\\Cell_Xchange_Web\\node_modules\\@tailwindcss\\oxide\\node_modules\\@tailwindcss\\oxide-wasm32-wasi'
270 silly reify ]
271 silly audit bulk request {
271 silly audit   '@alloc/quick-lru': [ '5.2.0' ],
271 silly audit   '@babel/helper-string-parser': [ '7.29.7', '8.0.0' ],
271 silly audit   '@babel/helper-validator-identifier': [ '7.29.7', '8.0.4' ],
271 silly audit   '@babel/parser': [ '7.29.7', '8.0.4' ],
271 silly audit   '@babel/types': [ '7.29.7', '8.0.4' ],
271 silly audit   '@emnapi/core': [ '1.10.0' ],
271 silly audit   '@emnapi/runtime': [ '1.11.2', '1.10.0' ],
271 silly audit   '@emnapi/wasi-threads': [ '1.2.1' ],
271 silly audit   '@eslint-community/eslint-utils': [ '4.9.1' ],
271 silly audit   'eslint-visitor-keys': [ '3.4.3', '5.0.1', '4.2.1' ],
271 silly audit   '@eslint-community/regexpp': [ '4.12.2' ],
271 silly audit   '@eslint/config-array': [ '0.21.2' ],
271 silly audit   '@eslint/config-helpers': [ '0.4.2' ],
271 silly audit   '@eslint/core': [ '0.17.0' ],
271 silly audit   '@eslint/eslintrc': [ '3.3.6' ],
271 silly audit   '@eslint/js': [ '9.39.5' ],
271 silly audit   '@eslint/object-schema': [ '2.1.7' ],
271 silly audit   '@eslint/plugin-kit': [ '0.4.1' ],
271 silly audit   '@hookform/resolvers': [ '5.4.0' ],
271 silly audit   '@humanfs/core': [ '0.19.2' ],
271 silly audit   '@humanfs/node': [ '0.16.8' ],
271 silly audit   '@humanfs/types': [ '0.15.0' ],
271 silly audit   '@humanwhocodes/module-importer': [ '1.0.1' ],
271 silly audit   '@humanwhocodes/retry': [ '0.4.3' ],
271 silly audit   '@img/colour': [ '1.1.0' ],
271 silly audit   '@jridgewell/gen-mapping': [ '0.3.13' ],
271 silly audit   '@jridgewell/remapping': [ '2.3.5' ],
271 silly audit   '@jridgewell/resolve-uri': [ '3.1.2' ],
271 silly audit   '@jridgewell/sourcemap-codec': [ '1.5.5' ],
271 silly audit   '@jridgewell/trace-mapping': [ '0.3.31' ],
271 silly audit   '@mongodb-js/saslprep': [ '1.4.12' ],
271 silly audit   '@napi-rs/wasm-runtime': [ '1.1.6' ],
271 silly audit   '@next/env': [ '16.2.10' ],
271 silly audit   '@next/eslint-plugin-next': [ '16.2.10' ],
271 silly audit   '@next/swc-darwin-arm64': [ '16.2.10' ],
271 silly audit   '@next/swc-darwin-x64': [ '16.2.10' ],
271 silly audit   '@next/swc-linux-arm64-gnu': [ '16.2.10' ],
271 silly audit   '@next/swc-linux-arm64-musl': [ '16.2.10' ],
271 silly audit   '@next/swc-linux-x64-gnu': [ '16.2.10' ],
271 silly audit   '@next/swc-linux-x64-musl': [ '16.2.10' ],
271 silly audit   '@next/swc-win32-arm64-msvc': [ '16.2.10' ],
271 silly audit   '@next/swc-win32-x64-msvc': [ '16.2.10' ],
271 silly audit   '@nodelib/fs.scandir': [ '2.1.5' ],
271 silly audit   '@nodelib/fs.stat': [ '2.0.5' ],
271 silly audit   '@nodelib/fs.walk': [ '1.2.8' ],
271 silly audit   '@nolyfill/is-core-module': [ '1.0.39' ],
271 silly audit   '@rtsao/scc': [ '1.1.0' ],
271 silly audit   '@standard-schema/utils': [ '0.3.0' ],
271 silly audit   '@swc/helpers': [ '0.5.15' ],
271 silly audit   '@tailwindcss/node': [ '4.3.3' ],
271 silly audit   '@tailwindcss/oxide': [ '4.3.3' ],
271 silly audit   '@tailwindcss/oxide-win32-x64-msvc': [ '4.3.3' ],
271 silly audit   '@tailwindcss/oxide-android-arm64': [ '4.3.3' ],
271 silly audit   '@tailwindcss/oxide-darwin-arm64': [ '4.3.3' ],
271 silly audit   '@tailwindcss/oxide-darwin-x64': [ '4.3.3' ],
271 silly audit   '@tailwindcss/oxide-freebsd-x64': [ '4.3.3' ],
271 silly audit   '@tailwindcss/oxide-linux-arm-gnueabihf': [ '4.3.3' ],
271 silly audit   '@tailwindcss/oxide-linux-arm64-gnu': [ '4.3.3' ],
271 silly audit   '@tailwindcss/oxide-linux-arm64-musl': [ '4.3.3' ],
271 silly audit   '@tailwindcss/oxide-linux-x64-gnu': [ '4.3.3' ],
271 silly audit   '@tailwindcss/oxide-linux-x64-musl': [ '4.3.3' ],
271 silly audit   '@tailwindcss/oxide-win32-arm64-msvc': [ '4.3.3' ],
271 silly audit   '@tailwindcss/postcss': [ '4.3.3' ],
271 silly audit   '@tybys/wasm-util': [ '0.10.3' ],
271 silly audit   '@types/estree': [ '1.0.9' ],
271 silly audit   '@types/json-schema': [ '7.0.15' ],
271 silly audit   '@types/json5': [ '0.0.29' ],
271 silly audit   '@types/webidl-conversions': [ '7.0.3' ],
271 silly audit   '@types/whatwg-url': [ '11.0.5' ],
271 silly audit   '@typescript-eslint/parser': [ '8.65.0' ],
271 silly audit   '@typescript-eslint/scope-manager': [ '8.65.0' ],
271 silly audit   '@typescript-eslint/project-service': [ '8.65.0' ],
271 silly audit   '@typescript-eslint/tsconfig-utils': [ '8.65.0' ],
271 silly audit   '@typescript-eslint/type-utils': [ '8.65.0' ],
271 silly audit   '@typescript-eslint/types': [ '8.65.0' ],
271 silly audit   '@typescript-eslint/typescript-estree': [ '8.65.0' ],
271 silly audit   'balanced-match': [ '4.0.4', '1.0.2' ],
271 silly audit   'brace-expansion': [ '5.0.7', '1.1.16' ],
271 silly audit   minimatch: [ '10.2.5', '3.1.5' ],
271 silly audit   semver: [ '7.8.5', '6.3.1' ],
271 silly audit   '@typescript-eslint/utils': [ '8.65.0' ],
271 silly audit   '@typescript-eslint/visitor-keys': [ '8.65.0' ],
271 silly audit   '@unrs/resolver-binding-win32-x64-msvc': [ '1.12.2' ],
271 silly audit   acorn: [ '8.17.0' ],
271 silly audit   'acorn-jsx': [ '5.3.2' ],
271 silly audit   'agent-base': [ '6.0.2' ],
271 silly audit   ajv: [ '6.15.0' ],
271 silly audit   'ansi-styles': [ '4.3.0' ],
271 silly audit   'append-field': [ '1.0.0' ],
271 silly audit   argparse: [ '2.0.1' ],
271 silly audit   'array-buffer-byte-length': [ '1.0.2' ],
271 silly audit   'array-includes': [ '3.1.9' ],
271 silly audit   'array.prototype.findlast': [ '1.2.5' ],
271 silly audit   'array.prototype.findlastindex': [ '1.2.6' ],
271 silly audit   'array.prototype.flat': [ '1.3.3' ],
271 silly audit   'array.prototype.flatmap': [ '1.3.3' ],
271 silly audit   'array.prototype.tosorted': [ '1.1.4' ],
271 silly audit   'arraybuffer.prototype.slice': [ '1.0.4' ],
271 silly audit   'ast-types-flow': [ '0.0.8' ],
271 silly audit   'async-function': [ '1.0.0' ],
271 silly audit   asynckit: [ '0.4.0' ],
271 silly audit   'available-typed-arrays': [ '1.0.7' ],
271 silly audit   'axe-core': [ '4.12.1' ],
271 silly audit   axios: [ '1.18.1' ],
271 silly audit   'baseline-browser-mapping': [ '2.10.44' ],
271 silly audit   bcryptjs: [ '3.0.3' ],
271 silly audit   braces: [ '3.0.3' ],
271 silly audit   bson: [ '6.10.4' ],
271 silly audit   'buffer-equal-constant-time': [ '1.0.1' ],
271 silly audit   'buffer-from': [ '1.1.2' ],
271 silly audit   busboy: [ '1.6.0' ],
271 silly audit   'call-bind': [ '1.0.9' ],
271 silly audit   'call-bind-apply-helpers': [ '1.0.2' ],
271 silly audit   'call-bound': [ '1.0.4' ],
271 silly audit   callsites: [ '3.1.0' ],
271 silly audit   'caniuse-lite': [ '1.0.30001806' ],
271 silly audit   chalk: [ '4.1.2' ],
271 silly audit   'client-only': [ '0.0.1' ],
271 silly audit   cloudinary: [ '2.10.0' ],
271 silly audit   lodash: [ '4.18.1' ],
271 silly audit   'color-convert': [ '2.0.1' ],
271 silly audit   'color-name': [ '1.1.4' ],
271 silly audit   'combined-stream': [ '1.0.8' ],
271 silly audit   'concat-map': [ '0.0.1' ],
271 silly audit   'concat-stream': [ '2.0.0' ],
271 silly audit   'cross-spawn': [ '7.0.6' ],
271 silly audit   csstype: [ '3.2.3' ],
271 silly audit   'damerau-levenshtein': [ '1.0.8' ],
271 silly audit   'data-view-buffer': [ '1.0.2' ],
271 silly audit   'data-view-byte-length': [ '1.0.2' ],
271 silly audit   'data-view-byte-offset': [ '1.0.1' ],
271 silly audit   debug: [ '4.4.3', '3.2.7' ],
271 silly audit   'deep-is': [ '0.1.4' ],
271 silly audit   'define-data-property': [ '1.1.4' ],
271 silly audit   'define-properties': [ '1.2.1' ],
271 silly audit   'delayed-stream': [ '1.0.0' ],
271 silly audit   'detect-libc': [ '2.1.2' ],
271 silly audit   doctrine: [ '2.1.0' ],
271 silly audit   'dunder-proto': [ '1.0.1' ],
271 silly audit   'ecdsa-sig-formatter': [ '1.0.11' ],
271 silly audit   'emoji-regex': [ '9.2.2' ],
271 silly audit   'enhanced-resolve': [ '5.24.3' ],
271 silly audit   'es-abstract': [ '1.24.2' ],
271 silly audit   'es-abstract-get': [ '1.0.0' ],
271 silly audit   'es-define-property': [ '1.0.1' ],
271 silly audit   'es-errors': [ '1.3.0' ],
271 silly audit   'es-object-atoms': [ '1.1.2' ],
271 silly audit   'es-set-tostringtag': [ '2.1.0' ],
271 silly audit   'es-shim-unscopables': [ '1.1.0' ],
271 silly audit   'es-to-primitive': [ '1.3.4' ],
271 silly audit   'escape-string-regexp': [ '4.0.0' ],
271 silly audit   eslint: [ '9.39.5' ],
271 silly audit   'eslint-config-next': [ '16.2.10' ],
271 silly audit   'aria-query': [ '5.3.2' ],
271 silly audit   'axobject-query': [ '4.1.0' ],
271 silly audit   'es-iterator-helpers': [ '1.4.0' ],
271 silly audit   'eslint-plugin-jsx-a11y': [ '6.10.2' ],
271 silly audit   'eslint-plugin-react': [ '7.37.5' ],
271 silly audit   globals: [ '16.4.0', '14.0.0' ],
271 silly audit   'eslint-import-resolver-node': [ '0.3.10' ],
271 silly audit   'eslint-import-resolver-typescript': [ '3.10.1' ],
271 silly audit   'eslint-module-utils': [ '2.14.0' ],
271 silly audit   'eslint-plugin-import': [ '2.32.0' ],
271 silly audit   'eslint-plugin-react-hooks': [ '7.1.1' ],
271 silly audit   'eslint-scope': [ '8.4.0' ],
271 silly audit   espree: [ '10.4.0' ],
271 silly audit   esquery: [ '1.7.0' ],
271 silly audit   esrecurse: [ '4.3.0' ],
271 silly audit   estraverse: [ '5.3.0' ],
271 silly audit   esutils: [ '2.0.3' ],
271 silly audit   'fast-deep-equal': [ '3.1.3' ],
271 silly audit   'fast-glob': [ '3.3.1' ],
271 silly audit   'glob-parent': [ '5.1.2', '6.0.2' ],
271 silly audit   'fast-json-stable-stringify': [ '2.1.0' ],
271 silly audit   'fast-levenshtein': [ '2.0.6' ],
271 silly audit   fastq: [ '1.20.1' ],
271 silly audit   'file-entry-cache': [ '8.0.0' ],
271 silly audit   'fill-range': [ '7.1.1' ],
271 silly audit   'find-up': [ '5.0.0' ],
271 silly audit   'flat-cache': [ '4.0.1' ],
271 silly audit   flatted: [ '3.4.2' ],
271 silly audit   'follow-redirects': [ '1.16.0' ],
271 silly audit   'for-each': [ '0.3.5' ],
271 silly audit   'form-data': [ '4.0.6' ],
271 silly audit   'framer-motion': [ '12.42.2' ],
271 silly audit   'function-bind': [ '1.1.2' ],
271 silly audit   'function.prototype.name': [ '1.2.0' ],
271 silly audit   'functions-have-names': [ '1.2.3' ],
271 silly audit   'generator-function': [ '2.0.1' ],
271 silly audit   'get-intrinsic': [ '1.3.0' ],
271 silly audit   'get-proto': [ '1.0.1' ],
271 silly audit   'get-symbol-description': [ '1.1.0' ],
271 silly audit   'get-tsconfig': [ '4.14.0' ],
271 silly audit   globalthis: [ '1.0.4' ],
271 silly audit   goober: [ '2.1.19' ],
271 silly audit   gopd: [ '1.2.0' ],
271 silly audit   'graceful-fs': [ '4.2.11' ],
271 silly audit   'has-bigints': [ '1.1.0' ],
271 silly audit   'has-flag': [ '4.0.0' ],
271 silly audit   'has-property-descriptors': [ '1.0.2' ],
271 silly audit   'has-proto': [ '1.2.0' ],
271 silly audit   'has-symbols': [ '1.1.0' ],
271 silly audit   'has-tostringtag': [ '1.0.2' ],
271 silly audit   hasown: [ '2.0.4' ],
271 silly audit   'hermes-estree': [ '0.25.1' ],
271 silly audit   'hermes-parser': [ '0.25.1' ],
271 silly audit   'https-proxy-agent': [ '5.0.1' ],
271 silly audit   ignore: [ '5.3.2', '7.0.6' ],
271 silly audit   'import-fresh': [ '3.3.1' ],
271 silly audit   imurmurhash: [ '0.1.4' ],
271 silly audit   inherits: [ '2.0.4' ],
271 silly audit   'internal-slot': [ '1.1.0' ],
271 silly audit   'is-array-buffer': [ '3.0.5' ],
271 silly audit   'is-async-function': [ '2.1.1' ],
271 silly audit   'is-bigint': [ '1.1.0' ],
271 silly audit   'is-boolean-object': [ '1.2.2' ],
271 silly audit   'is-bun-module': [ '2.0.0' ],
271 silly audit   'is-callable': [ '1.2.7' ],
271 silly audit   'is-core-module': [ '2.16.2' ],
271 silly audit   'is-data-view': [ '1.0.2' ],
271 silly audit   'is-date-object': [ '1.1.0' ],
271 silly audit   'is-document.all': [ '1.0.0' ],
271 silly audit   'is-extglob': [ '2.1.1' ],
271 silly audit   'is-finalizationregistry': [ '1.1.1' ],
271 silly audit   'is-generator-function': [ '1.1.2' ],
271 silly audit   'is-glob': [ '4.0.3' ],
271 silly audit   'is-map': [ '2.0.3' ],
271 silly audit   'is-negative-zero': [ '2.0.3' ],
271 silly audit   'is-number': [ '7.0.0' ],
271 silly audit   'is-number-object': [ '1.1.1' ],
271 silly audit   'is-regex': [ '1.2.1' ],
271 silly audit   'is-set': [ '2.0.3' ],
271 silly audit   'is-shared-array-buffer': [ '1.0.4' ],
271 silly audit   'is-string': [ '1.1.1' ],
271 silly audit   'is-symbol': [ '1.1.1' ],
271 silly audit   'is-typed-array': [ '1.1.15' ],
271 silly audit   'is-weakmap': [ '2.0.2' ],
271 silly audit   'is-weakref': [ '1.1.1' ],
271 silly audit   'is-weakset': [ '2.0.4' ],
271 silly audit   isarray: [ '2.0.5' ],
271 silly audit   isexe: [ '2.0.0' ],
271 silly audit   'iterator.prototype': [ '1.1.5' ],
271 silly audit   jiti: [ '2.7.0' ],
271 silly audit   jose: [ '6.2.3' ],
271 silly audit   'js-tokens': [ '4.0.0', '10.0.0' ],
271 silly audit   'js-yaml': [ '4.3.0' ],
271 silly audit   'json-buffer': [ '3.0.1' ],
271 silly audit   'json-schema-traverse': [ '0.4.1' ],
271 silly audit   'json-stable-stringify-without-jsonify': [ '1.0.1' ],
271 silly audit   jsonwebtoken: [ '9.0.3' ],
271 silly audit   'jsx-ast-utils': [ '3.3.5' ],
271 silly audit   jwa: [ '2.0.1' ],
271 silly audit   jws: [ '4.0.1' ],
271 silly audit   kareem: [ '2.6.3' ],
271 silly audit   keyv: [ '4.5.4' ],
271 silly audit   'language-subtag-registry': [ '0.3.23' ],
271 silly audit   'language-tags': [ '1.0.9' ],
271 silly audit   levn: [ '0.4.1' ],
271 silly audit   lightningcss: [ '1.32.0' ],
271 silly audit   'lightningcss-android-arm64': [ '1.32.0' ],
271 silly audit   'lightningcss-darwin-arm64': [ '1.32.0' ],
271 silly audit   'lightningcss-darwin-x64': [ '1.32.0' ],
271 silly audit   'lightningcss-freebsd-x64': [ '1.32.0' ],
271 silly audit   'lightningcss-linux-arm-gnueabihf': [ '1.32.0' ],
271 silly audit   'lightningcss-linux-arm64-gnu': [ '1.32.0' ],
271 silly audit   'lightningcss-linux-arm64-musl': [ '1.32.0' ],
271 silly audit   'lightningcss-linux-x64-gnu': [ '1.32.0' ],
271 silly audit   'lightningcss-linux-x64-musl': [ '1.32.0' ],
271 silly audit   'lightningcss-win32-arm64-msvc': [ '1.32.0' ],
271 silly audit   'locate-path': [ '6.0.0' ],
271 silly audit   'lodash.includes': [ '4.3.0' ],
271 silly audit   'lodash.isboolean': [ '3.0.3' ],
271 silly audit   'lodash.isinteger': [ '4.0.4' ],
271 silly audit   'lodash.isnumber': [ '3.0.3' ],
271 silly audit   'lodash.isplainobject': [ '4.0.6' ],
271 silly audit   'lodash.isstring': [ '4.0.1' ],
271 silly audit   'lodash.merge': [ '4.6.2' ],
271 silly audit   'lodash.once': [ '4.1.1' ],
271 silly audit   'loose-envify': [ '1.4.0' ],
271 silly audit   'lucide-react': [ '0.468.0' ],
271 silly audit   'magic-string': [ '0.30.21' ],
271 silly audit   'math-intrinsics': [ '1.1.0' ],
271 silly audit   'media-typer': [ '0.3.0' ],
271 silly audit   'memory-pager': [ '1.5.0' ],
271 silly audit   merge2: [ '1.4.1' ],
271 silly audit   micromatch: [ '4.0.8' ],
271 silly audit   'mime-db': [ '1.52.0' ],
271 silly audit   'mime-types': [ '2.1.35' ],
271 silly audit   minimist: [ '1.2.8' ],
271 silly audit   mongodb: [ '6.20.0' ],
271 silly audit   'mongodb-connection-string-url': [ '3.0.2' ],
271 silly audit   mongoose: [ '8.24.1' ],
271 silly audit   'motion-dom': [ '12.42.2' ],
271 silly audit   'motion-utils': [ '12.39.0' ],
271 silly audit   mpath: [ '0.9.0' ],
271 silly audit   mquery: [ '5.0.0' ],
271 silly audit   ms: [ '2.1.3' ],
271 silly audit   multer: [ '2.2.0' ],
271 silly audit   nanoid: [ '3.3.16' ],
271 silly audit   'napi-postinstall': [ '0.3.4' ],
271 silly audit   'natural-compare': [ '1.4.0' ],
271 silly audit   next: [ '16.2.10' ],
271 silly audit   postcss: [ '8.4.31', '8.5.20' ],
271 silly audit   'node-exports-info': [ '1.6.2' ],
271 silly audit   'object-assign': [ '4.1.1' ],
271 silly audit   'object-inspect': [ '1.13.4' ],
271 silly audit   'object-keys': [ '1.1.1' ],
271 silly audit   'object.assign': [ '4.1.7' ],
271 silly audit   'object.entries': [ '1.1.9' ],
271 silly audit   'object.fromentries': [ '2.0.8' ],
271 silly audit   'object.groupby': [ '1.0.3' ],
271 silly audit   'object.values': [ '1.2.1' ],
271 silly audit   optionator: [ '0.9.4' ],
271 silly audit   'own-keys': [ '1.0.1' ],
271 silly audit   'p-limit': [ '3.1.0' ],
271 silly audit   'p-locate': [ '5.0.0' ],
271 silly audit   'parent-module': [ '1.0.1' ],
271 silly audit   'path-exists': [ '4.0.0' ],
271 silly audit   'path-key': [ '3.1.1' ],
271 silly audit   'path-parse': [ '1.0.7' ],
271 silly audit   picocolors: [ '1.1.1' ],
271 silly audit   picomatch: [ '2.3.2', '4.0.5' ],
271 silly audit   'possible-typed-array-names': [ '1.1.0' ],
271 silly audit   'prelude-ls': [ '1.2.1' ],
271 silly audit   'prop-types': [ '15.8.1' ],
271 silly audit   'proxy-from-env': [ '2.1.0' ],
271 silly audit   punycode: [ '2.3.1' ],
271 silly audit   'queue-microtask': [ '1.2.3' ],
271 silly audit   react: [ '19.2.7' ],
271 silly audit   'react-dom': [ '19.2.7' ],
271 silly audit   'react-hot-toast': [ '2.6.0' ],
271 silly audit   'react-is': [ '16.13.1' ],
271 silly audit   'readable-stream': [ '3.6.2' ],
271 silly audit   'reflect.getprototypeof': [ '1.0.10' ],
271 silly audit   'regexp.prototype.flags': [ '1.5.4' ],
271 silly audit   resolve: [ '2.0.0-next.7' ],
271 silly audit   'resolve-from': [ '4.0.0' ],
271 silly audit   'resolve-pkg-maps': [ '1.0.0' ],
271 silly audit   reusify: [ '1.1.0' ],
271 silly audit   'run-parallel': [ '1.2.0' ],
271 silly audit   'safe-array-concat': [ '1.1.4' ],
271 silly audit   'safe-buffer': [ '5.2.1' ],
271 silly audit   'safe-push-apply': [ '1.0.0' ],
271 silly audit   'safe-regex-test': [ '1.1.0' ],
271 silly audit   scheduler: [ '0.27.0' ],
271 silly audit   'set-function-length': [ '1.2.2' ],
271 silly audit   'set-function-name': [ '2.0.2' ],
271 silly audit   'set-proto': [ '1.0.0' ],
271 silly audit   sharp: [ '0.34.5' ],
271 silly audit   '@img/sharp-darwin-arm64': [ '0.34.5' ],
271 silly audit   '@img/sharp-darwin-x64': [ '0.34.5' ],
271 silly audit   '@img/sharp-libvips-darwin-arm64': [ '1.2.4' ],
271 silly audit   '@img/sharp-libvips-darwin-x64': [ '1.2.4' ],
271 silly audit   '@img/sharp-libvips-linux-arm': [ '1.2.4' ],
271 silly audit   '@img/sharp-libvips-linux-arm64': [ '1.2.4' ],
271 silly audit   '@img/sharp-libvips-linux-ppc64': [ '1.2.4' ],
271 silly audit   '@img/sharp-libvips-linux-riscv64': [ '1.2.4' ],
271 silly audit   '@img/sharp-libvips-linux-s390x': [ '1.2.4' ],
271 silly audit   '@img/sharp-libvips-linux-x64': [ '1.2.4' ],
271 silly audit   '@img/sharp-libvips-linuxmusl-arm64': [ '1.2.4' ],
271 silly audit   '@img/sharp-libvips-linuxmusl-x64': [ '1.2.4' ],
271 silly audit   '@img/sharp-linux-arm': [ '0.34.5' ],
271 silly audit   '@img/sharp-linux-arm64': [ '0.34.5' ],
271 silly audit   '@img/sharp-linux-ppc64': [ '0.34.5' ],
271 silly audit   '@img/sharp-linux-riscv64': [ '0.34.5' ],
271 silly audit   '@img/sharp-linux-s390x': [ '0.34.5' ],
271 silly audit   '@img/sharp-linux-x64': [ '0.34.5' ],
271 silly audit   '@img/sharp-linuxmusl-arm64': [ '0.34.5' ],
271 silly audit   '@img/sharp-linuxmusl-x64': [ '0.34.5' ],
271 silly audit   '@img/sharp-wasm32': [ '0.34.5' ],
271 silly audit   '@img/sharp-win32-arm64': [ '0.34.5' ],
271 silly audit   '@img/sharp-win32-ia32': [ '0.34.5' ],
271 silly audit   '@img/sharp-win32-x64': [ '0.34.5' ],
271 silly audit   'shebang-command': [ '2.0.0' ],
271 silly audit   'shebang-regex': [ '3.0.0' ],
271 silly audit   'side-channel': [ '1.1.1' ],
271 silly audit   'side-channel-list': [ '1.0.1' ],
271 silly audit   'side-channel-map': [ '1.0.1' ],
271 silly audit   'side-channel-weakmap': [ '1.0.2' ],
271 silly audit   sift: [ '17.1.3' ],
271 silly audit   'source-map-js': [ '1.2.1' ],
271 silly audit   'sparse-bitfield': [ '3.0.3' ],
271 silly audit   'stable-hash': [ '0.0.5' ],
271 silly audit   'stop-iteration-iterator': [ '1.1.0' ],
271 silly audit   streamsearch: [ '1.1.0' ],
271 silly audit   string_decoder: [ '1.3.0' ],
271 silly audit   'string.prototype.includes': [ '2.0.1' ],
271 silly audit   'string.prototype.matchall': [ '4.0.12' ],
271 silly audit   'string.prototype.repeat': [ '1.0.0' ],
271 silly audit   'string.prototype.trim': [ '1.2.11' ],
271 silly audit   'string.prototype.trimend': [ '1.0.10' ],
271 silly audit   'string.prototype.trimstart': [ '1.0.8' ],
271 silly audit   'strip-bom': [ '3.0.0' ],
271 silly audit   'strip-json-comments': [ '3.1.1' ],
271 silly audit   'styled-jsx': [ '5.1.6' ],
271 silly audit   'supports-color': [ '7.2.0' ],
271 silly audit   'supports-preserve-symlinks-flag': [ '1.0.0' ],
271 silly audit   tailwindcss: [ '4.3.3' ],
271 silly audit   tapable: [ '2.3.3' ],
271 silly audit   tinyglobby: [ '0.2.17' ],
271 silly audit   fdir: [ '6.5.0' ],
271 silly audit   'to-regex-range': [ '5.0.1' ],
271 silly audit   tr46: [ '5.1.1' ],
271 silly audit   'ts-api-utils': [ '2.5.0' ],
271 silly audit   'tsconfig-paths': [ '3.15.0' ],
271 silly audit   json5: [ '1.0.2', '2.2.3' ],
271 silly audit   tslib: [ '2.8.1' ],
271 silly audit   'type-check': [ '0.4.0' ],
271 silly audit   'type-is': [ '1.6.18' ],
271 silly audit   'typed-array-buffer': [ '1.0.3' ],
271 silly audit   'typed-array-byte-length': [ '1.0.3' ],
271 silly audit   'typed-array-byte-offset': [ '1.0.4' ],
271 silly audit   'typed-array-length': [ '1.0.8' ],
271 silly audit   typedarray: [ '0.0.6' ],
271 silly audit   typescript: [ '6.0.3' ],
271 silly audit   'typescript-eslint': [ '8.65.0' ],
271 silly audit   '@typescript-eslint/eslint-plugin': [ '8.65.0' ],
271 silly audit   'unbox-primitive': [ '1.1.0' ],
271 silly audit   'unrs-resolver': [ '1.12.2' ],
271 silly audit   '@unrs/resolver-binding-android-arm-eabi': [ '1.12.2' ],
271 silly audit   '@unrs/resolver-binding-android-arm64': [ '1.12.2' ],
271 silly audit   '@unrs/resolver-binding-darwin-arm64': [ '1.12.2' ],
271 silly audit   '@unrs/resolver-binding-darwin-x64': [ '1.12.2' ],
271 silly audit   '@unrs/resolver-binding-freebsd-x64': [ '1.12.2' ],
271 silly audit   '@unrs/resolver-binding-linux-arm-gnueabihf': [ '1.12.2' ],
271 silly audit   '@unrs/resolver-binding-linux-arm-musleabihf': [ '1.12.2' ],
271 silly audit   '@unrs/resolver-binding-linux-arm64-gnu': [ '1.12.2' ],
271 silly audit   '@unrs/resolver-binding-linux-arm64-musl': [ '1.12.2' ],
271 silly audit   '@unrs/resolver-binding-linux-loong64-gnu': [ '1.12.2' ],
271 silly audit   '@unrs/resolver-binding-linux-loong64-musl': [ '1.12.2' ],
271 silly audit   '@unrs/resolver-binding-linux-ppc64-gnu': [ '1.12.2' ],
271 silly audit   '@unrs/resolver-binding-linux-riscv64-gnu': [ '1.12.2' ],
271 silly audit   '@unrs/resolver-binding-linux-riscv64-musl': [ '1.12.2' ],
271 silly audit   '@unrs/resolver-binding-linux-s390x-gnu': [ '1.12.2' ],
271 silly audit   '@unrs/resolver-binding-linux-x64-gnu': [ '1.12.2' ],
271 silly audit   '@unrs/resolver-binding-linux-x64-musl': [ '1.12.2' ],
271 silly audit   '@unrs/resolver-binding-openharmony-arm64': [ '1.12.2' ],
271 silly audit   '@unrs/resolver-binding-wasm32-wasi': [ '1.12.2' ],
271 silly audit   '@unrs/resolver-binding-win32-arm64-msvc': [ '1.12.2' ],
271 silly audit   '@unrs/resolver-binding-win32-ia32-msvc': [ '1.12.2' ],
271 silly audit   'uri-js': [ '4.4.1' ],
271 silly audit   'util-deprecate': [ '1.0.2' ],
271 silly audit   'webidl-conversions': [ '7.0.0' ],
271 silly audit   'whatwg-url': [ '14.2.0' ],
271 silly audit   which: [ '2.0.2' ],
271 silly audit   'which-boxed-primitive': [ '1.1.1' ],
271 silly audit   'which-builtin-type': [ '1.2.1' ],
271 silly audit   'which-collection': [ '1.0.2' ],
271 silly audit   'which-typed-array': [ '1.1.22' ],
271 silly audit   'word-wrap': [ '1.2.5' ],
271 silly audit   'yocto-queue': [ '0.1.0' ],
271 silly audit   zod: [ '4.4.3' ],
271 silly audit   'zod-validation-error': [ '4.0.2' ],
271 silly audit   '@babel/core': [ '8.0.1', '7.29.7' ],
271 silly audit   'lightningcss-win32-x64-msvc': [ '1.30.2', '1.32.0' ],
271 silly audit   'react-hook-form': [ '7.82.0' ],
271 silly audit   '@babel/code-frame': [ '8.0.0', '7.29.7' ],
271 silly audit   '@babel/generator': [ '8.0.0', '7.29.7' ],
271 silly audit   '@babel/helper-compilation-targets': [ '8.0.0', '7.29.7' ],
271 silly audit   '@babel/helpers': [ '8.0.0', '7.29.7' ],
271 silly audit   '@babel/template': [ '8.0.0', '7.29.7' ],
271 silly audit   '@babel/traverse': [ '8.0.4', '7.29.7' ],
271 silly audit   '@types/gensync': [ '1.0.5' ],
271 silly audit   'convert-source-map': [ '2.0.0' ],
271 silly audit   empathic: [ '2.0.1' ],
271 silly audit   gensync: [ '1.0.0-beta.2' ],
271 silly audit   'import-meta-resolve': [ '4.2.0' ],
271 silly audit   obug: [ '2.1.4' ],
271 silly audit   '@types/jsesc': [ '2.5.1' ],
271 silly audit   jsesc: [ '3.1.0' ],
271 silly audit   '@babel/compat-data': [ '8.0.0', '7.29.7' ],
271 silly audit   '@babel/helper-validator-option': [ '8.0.0', '7.29.7' ],
271 silly audit   browserslist: [ '4.28.6' ],
271 silly audit   'lru-cache': [ '11.5.2', '5.1.1' ],
271 silly audit   '@babel/helper-globals': [ '8.0.0', '7.29.7' ],
271 silly audit   'electron-to-chromium': [ '1.5.394' ],
271 silly audit   'node-releases': [ '2.0.51' ],
271 silly audit   'update-browserslist-db': [ '1.2.3' ],
271 silly audit   escalade: [ '3.2.0' ],
271 silly audit   '@babel/helper-module-transforms': [ '7.29.7' ],
271 silly audit   '@babel/helper-module-imports': [ '7.29.7' ],
271 silly audit   yallist: [ '3.1.1' ],
271 silly audit   '@tailwindcss/oxide-wasm32-wasi': [ '4.3.3' ]
271 silly audit }
272 verbose reify failed optional dependency C:\My_Projects\Cell_Xchange_Web\node_modules\@next\swc-win32-arm64-msvc
273 silly reify mark deleted [
273 silly reify   'C:\\My_Projects\\Cell_Xchange_Web\\node_modules\\@next\\swc-win32-arm64-msvc'
273 silly reify ]
274 verbose reify failed optional dependency C:\My_Projects\Cell_Xchange_Web\node_modules\@next\swc-linux-x64-musl
275 silly reify mark deleted [
275 silly reify   'C:\\My_Projects\\Cell_Xchange_Web\\node_modules\\@next\\swc-linux-x64-musl'
275 silly reify ]
276 verbose reify failed optional dependency C:\My_Projects\Cell_Xchange_Web\node_modules\@next\swc-linux-x64-gnu
277 silly reify mark deleted [
277 silly reify   'C:\\My_Projects\\Cell_Xchange_Web\\node_modules\\@next\\swc-linux-x64-gnu'
277 silly reify ]
278 verbose reify failed optional dependency C:\My_Projects\Cell_Xchange_Web\node_modules\@next\swc-linux-arm64-musl
279 silly reify mark deleted [
279 silly reify   'C:\\My_Projects\\Cell_Xchange_Web\\node_modules\\@next\\swc-linux-arm64-musl'
279 silly reify ]
280 verbose reify failed optional dependency C:\My_Projects\Cell_Xchange_Web\node_modules\@next\swc-linux-arm64-gnu
281 silly reify mark deleted [
281 silly reify   'C:\\My_Projects\\Cell_Xchange_Web\\node_modules\\@next\\swc-linux-arm64-gnu'
281 silly reify ]
282 verbose reify failed optional dependency C:\My_Projects\Cell_Xchange_Web\node_modules\@next\swc-darwin-x64
283 silly reify mark deleted [
283 silly reify   'C:\\My_Projects\\Cell_Xchange_Web\\node_modules\\@next\\swc-darwin-x64'
283 silly reify ]
284 verbose reify failed optional dependency C:\My_Projects\Cell_Xchange_Web\node_modules\@next\swc-darwin-arm64
285 silly reify mark deleted [
285 silly reify   'C:\\My_Projects\\Cell_Xchange_Web\\node_modules\\@next\\swc-darwin-arm64'
285 silly reify ]
286 verbose reify failed optional dependency C:\My_Projects\Cell_Xchange_Web\node_modules\unrs-resolver\node_modules\@unrs\resolver-binding-win32-ia32-msvc
287 silly reify mark deleted [
287 silly reify   'C:\\My_Projects\\Cell_Xchange_Web\\node_modules\\unrs-resolver\\node_modules\\@unrs\\resolver-binding-win32-ia32-msvc'
287 silly reify ]
288 verbose reify failed optional dependency C:\My_Projects\Cell_Xchange_Web\node_modules\unrs-resolver\node_modules\@unrs\resolver-binding-win32-arm64-msvc
289 silly reify mark deleted [
289 silly reify   'C:\\My_Projects\\Cell_Xchange_Web\\node_modules\\unrs-resolver\\node_modules\\@unrs\\resolver-binding-win32-arm64-msvc'
289 silly reify ]
290 verbose reify failed optional dependency C:\My_Projects\Cell_Xchange_Web\node_modules\unrs-resolver\node_modules\@unrs\resolver-binding-wasm32-wasi
291 silly reify mark deleted [
291 silly reify   'C:\\My_Projects\\Cell_Xchange_Web\\node_modules\\unrs-resolver\\node_modules\\@unrs\\resolver-binding-wasm32-wasi'
291 silly reify ]
292 verbose reify failed optional dependency C:\My_Projects\Cell_Xchange_Web\node_modules\unrs-resolver\node_modules\@emnapi\runtime
293 silly reify mark deleted [
293 silly reify   'C:\\My_Projects\\Cell_Xchange_Web\\node_modules\\unrs-resolver\\node_modules\\@emnapi\\runtime'
293 silly reify ]
294 verbose reify failed optional dependency C:\My_Projects\Cell_Xchange_Web\node_modules\unrs-resolver\node_modules\@unrs\resolver-binding-openharmony-arm64
295 silly reify mark deleted [
295 silly reify   'C:\\My_Projects\\Cell_Xchange_Web\\node_modules\\unrs-resolver\\node_modules\\@unrs\\resolver-binding-openharmony-arm64'
295 silly reify ]
296 verbose reify failed optional dependency C:\My_Projects\Cell_Xchange_Web\node_modules\unrs-resolver\node_modules\@unrs\resolver-binding-linux-x64-musl
297 silly reify mark deleted [
297 silly reify   'C:\\My_Projects\\Cell_Xchange_Web\\node_modules\\unrs-resolver\\node_modules\\@unrs\\resolver-binding-linux-x64-musl'
297 silly reify ]
298 verbose reify failed optional dependency C:\My_Projects\Cell_Xchange_Web\node_modules\unrs-resolver\node_modules\@unrs\resolver-binding-linux-x64-gnu
299 silly reify mark deleted [
299 silly reify   'C:\\My_Projects\\Cell_Xchange_Web\\node_modules\\unrs-resolver\\node_modules\\@unrs\\resolver-binding-linux-x64-gnu'
299 silly reify ]
300 verbose reify failed optional dependency C:\My_Projects\Cell_Xchange_Web\node_modules\unrs-resolver\node_modules\@unrs\resolver-binding-linux-s390x-gnu
301 silly reify mark deleted [
301 silly reify   'C:\\My_Projects\\Cell_Xchange_Web\\node_modules\\unrs-resolver\\node_modules\\@unrs\\resolver-binding-linux-s390x-gnu'
301 silly reify ]
302 verbose reify failed optional dependency C:\My_Projects\Cell_Xchange_Web\node_modules\unrs-resolver\node_modules\@unrs\resolver-binding-linux-riscv64-musl
303 silly reify mark deleted [
303 silly reify   'C:\\My_Projects\\Cell_Xchange_Web\\node_modules\\unrs-resolver\\node_modules\\@unrs\\resolver-binding-linux-riscv64-musl'
303 silly reify ]
304 verbose reify failed optional dependency C:\My_Projects\Cell_Xchange_Web\node_modules\unrs-resolver\node_modules\@unrs\resolver-binding-linux-riscv64-gnu
305 silly reify mark deleted [
305 silly reify   'C:\\My_Projects\\Cell_Xchange_Web\\node_modules\\unrs-resolver\\node_modules\\@unrs\\resolver-binding-linux-riscv64-gnu'
305 silly reify ]
306 verbose reify failed optional dependency C:\My_Projects\Cell_Xchange_Web\node_modules\unrs-resolver\node_modules\@unrs\resolver-binding-linux-ppc64-gnu
307 silly reify mark deleted [
307 silly reify   'C:\\My_Projects\\Cell_Xchange_Web\\node_modules\\unrs-resolver\\node_modules\\@unrs\\resolver-binding-linux-ppc64-gnu'
307 silly reify ]
308 verbose reify failed optional dependency C:\My_Projects\Cell_Xchange_Web\node_modules\unrs-resolver\node_modules\@unrs\resolver-binding-linux-loong64-musl
309 silly reify mark deleted [
309 silly reify   'C:\\My_Projects\\Cell_Xchange_Web\\node_modules\\unrs-resolver\\node_modules\\@unrs\\resolver-binding-linux-loong64-musl'
309 silly reify ]
310 verbose reify failed optional dependency C:\My_Projects\Cell_Xchange_Web\node_modules\unrs-resolver\node_modules\@unrs\resolver-binding-linux-loong64-gnu
311 silly reify mark deleted [
311 silly reify   'C:\\My_Projects\\Cell_Xchange_Web\\node_modules\\unrs-resolver\\node_modules\\@unrs\\resolver-binding-linux-loong64-gnu'
311 silly reify ]
312 verbose reify failed optional dependency C:\My_Projects\Cell_Xchange_Web\node_modules\unrs-resolver\node_modules\@unrs\resolver-binding-linux-arm64-musl
313 silly reify mark deleted [
313 silly reify   'C:\\My_Projects\\Cell_Xchange_Web\\node_modules\\unrs-resolver\\node_modules\\@unrs\\resolver-binding-linux-arm64-musl'
313 silly reify ]
314 verbose reify failed optional dependency C:\My_Projects\Cell_Xchange_Web\node_modules\unrs-resolver\node_modules\@unrs\resolver-binding-linux-arm64-gnu
315 silly reify mark deleted [
315 silly reify   'C:\\My_Projects\\Cell_Xchange_Web\\node_modules\\unrs-resolver\\node_modules\\@unrs\\resolver-binding-linux-arm64-gnu'
315 silly reify ]
316 verbose reify failed optional dependency C:\My_Projects\Cell_Xchange_Web\node_modules\unrs-resolver\node_modules\@unrs\resolver-binding-linux-arm-musleabihf
317 silly reify mark deleted [
317 silly reify   'C:\\My_Projects\\Cell_Xchange_Web\\node_modules\\unrs-resolver\\node_modules\\@unrs\\resolver-binding-linux-arm-musleabihf'
317 silly reify ]
318 verbose reify failed optional dependency C:\My_Projects\Cell_Xchange_Web\node_modules\unrs-resolver\node_modules\@unrs\resolver-binding-linux-arm-gnueabihf
319 silly reify mark deleted [
319 silly reify   'C:\\My_Projects\\Cell_Xchange_Web\\node_modules\\unrs-resolver\\node_modules\\@unrs\\resolver-binding-linux-arm-gnueabihf'
319 silly reify ]
320 verbose reify failed optional dependency C:\My_Projects\Cell_Xchange_Web\node_modules\unrs-resolver\node_modules\@unrs\resolver-binding-freebsd-x64
321 silly reify mark deleted [
321 silly reify   'C:\\My_Projects\\Cell_Xchange_Web\\node_modules\\unrs-resolver\\node_modules\\@unrs\\resolver-binding-freebsd-x64'
321 silly reify ]
322 verbose reify failed optional dependency C:\My_Projects\Cell_Xchange_Web\node_modules\unrs-resolver\node_modules\@unrs\resolver-binding-darwin-x64
323 silly reify mark deleted [
323 silly reify   'C:\\My_Projects\\Cell_Xchange_Web\\node_modules\\unrs-resolver\\node_modules\\@unrs\\resolver-binding-darwin-x64'
323 silly reify ]
324 verbose reify failed optional dependency C:\My_Projects\Cell_Xchange_Web\node_modules\unrs-resolver\node_modules\@unrs\resolver-binding-darwin-arm64
325 silly reify mark deleted [
325 silly reify   'C:\\My_Projects\\Cell_Xchange_Web\\node_modules\\unrs-resolver\\node_modules\\@unrs\\resolver-binding-darwin-arm64'
325 silly reify ]
326 verbose reify failed optional dependency C:\My_Projects\Cell_Xchange_Web\node_modules\unrs-resolver\node_modules\@unrs\resolver-binding-android-arm64
327 silly reify mark deleted [
327 silly reify   'C:\\My_Projects\\Cell_Xchange_Web\\node_modules\\unrs-resolver\\node_modules\\@unrs\\resolver-binding-android-arm64'
327 silly reify ]
328 verbose reify failed optional dependency C:\My_Projects\Cell_Xchange_Web\node_modules\unrs-resolver\node_modules\@unrs\resolver-binding-android-arm-eabi
329 silly reify mark deleted [
329 silly reify   'C:\\My_Projects\\Cell_Xchange_Web\\node_modules\\unrs-resolver\\node_modules\\@unrs\\resolver-binding-android-arm-eabi'
329 silly reify ]
330 verbose reify failed optional dependency C:\My_Projects\Cell_Xchange_Web\node_modules\sharp\node_modules\@img\sharp-win32-ia32
331 silly reify mark deleted [
331 silly reify   'C:\\My_Projects\\Cell_Xchange_Web\\node_modules\\sharp\\node_modules\\@img\\sharp-win32-ia32'
331 silly reify ]
332 verbose reify failed optional dependency C:\My_Projects\Cell_Xchange_Web\node_modules\sharp\node_modules\@img\sharp-win32-arm64
333 silly reify mark deleted [
333 silly reify   'C:\\My_Projects\\Cell_Xchange_Web\\node_modules\\sharp\\node_modules\\@img\\sharp-win32-arm64'
333 silly reify ]
334 verbose reify failed optional dependency C:\My_Projects\Cell_Xchange_Web\node_modules\sharp\node_modules\@img\sharp-wasm32
335 silly reify mark deleted [
335 silly reify   'C:\\My_Projects\\Cell_Xchange_Web\\node_modules\\sharp\\node_modules\\@img\\sharp-wasm32'
335 silly reify ]
336 verbose reify failed optional dependency C:\My_Projects\Cell_Xchange_Web\node_modules\sharp\node_modules\@img\sharp-linuxmusl-x64
337 silly reify mark deleted [
337 silly reify   'C:\\My_Projects\\Cell_Xchange_Web\\node_modules\\sharp\\node_modules\\@img\\sharp-linuxmusl-x64'
337 silly reify ]
338 verbose reify failed optional dependency C:\My_Projects\Cell_Xchange_Web\node_modules\sharp\node_modules\@img\sharp-linuxmusl-arm64
339 silly reify mark deleted [
339 silly reify   'C:\\My_Projects\\Cell_Xchange_Web\\node_modules\\sharp\\node_modules\\@img\\sharp-linuxmusl-arm64'
339 silly reify ]
340 verbose reify failed optional dependency C:\My_Projects\Cell_Xchange_Web\node_modules\sharp\node_modules\@img\sharp-linux-x64
341 silly reify mark deleted [
341 silly reify   'C:\\My_Projects\\Cell_Xchange_Web\\node_modules\\sharp\\node_modules\\@img\\sharp-linux-x64'
341 silly reify ]
342 verbose reify failed optional dependency C:\My_Projects\Cell_Xchange_Web\node_modules\sharp\node_modules\@img\sharp-linux-s390x
343 silly reify mark deleted [
343 silly reify   'C:\\My_Projects\\Cell_Xchange_Web\\node_modules\\sharp\\node_modules\\@img\\sharp-linux-s390x'
343 silly reify ]
344 verbose reify failed optional dependency C:\My_Projects\Cell_Xchange_Web\node_modules\sharp\node_modules\@img\sharp-linux-riscv64
345 silly reify mark deleted [
345 silly reify   'C:\\My_Projects\\Cell_Xchange_Web\\node_modules\\sharp\\node_modules\\@img\\sharp-linux-riscv64'
345 silly reify ]
346 verbose reify failed optional dependency C:\My_Projects\Cell_Xchange_Web\node_modules\sharp\node_modules\@img\sharp-linux-ppc64
347 silly reify mark deleted [
347 silly reify   'C:\\My_Projects\\Cell_Xchange_Web\\node_modules\\sharp\\node_modules\\@img\\sharp-linux-ppc64'
347 silly reify ]
348 verbose reify failed optional dependency C:\My_Projects\Cell_Xchange_Web\node_modules\sharp\node_modules\@img\sharp-linux-arm64
349 silly reify mark deleted [
349 silly reify   'C:\\My_Projects\\Cell_Xchange_Web\\node_modules\\sharp\\node_modules\\@img\\sharp-linux-arm64'
349 silly reify ]
350 verbose reify failed optional dependency C:\My_Projects\Cell_Xchange_Web\node_modules\sharp\node_modules\@img\sharp-linux-arm
351 silly reify mark deleted [
351 silly reify   'C:\\My_Projects\\Cell_Xchange_Web\\node_modules\\sharp\\node_modules\\@img\\sharp-linux-arm'
351 silly reify ]
352 verbose reify failed optional dependency C:\My_Projects\Cell_Xchange_Web\node_modules\sharp\node_modules\@img\sharp-libvips-linuxmusl-x64
353 silly reify mark deleted [
353 silly reify   'C:\\My_Projects\\Cell_Xchange_Web\\node_modules\\sharp\\node_modules\\@img\\sharp-libvips-linuxmusl-x64'
353 silly reify ]
354 verbose reify failed optional dependency C:\My_Projects\Cell_Xchange_Web\node_modules\sharp\node_modules\@img\sharp-libvips-linuxmusl-arm64
355 silly reify mark deleted [
355 silly reify   'C:\\My_Projects\\Cell_Xchange_Web\\node_modules\\sharp\\node_modules\\@img\\sharp-libvips-linuxmusl-arm64'
355 silly reify ]
356 verbose reify failed optional dependency C:\My_Projects\Cell_Xchange_Web\node_modules\sharp\node_modules\@img\sharp-libvips-linux-x64
357 silly reify mark deleted [
357 silly reify   'C:\\My_Projects\\Cell_Xchange_Web\\node_modules\\sharp\\node_modules\\@img\\sharp-libvips-linux-x64'
357 silly reify ]
358 verbose reify failed optional dependency C:\My_Projects\Cell_Xchange_Web\node_modules\sharp\node_modules\@img\sharp-libvips-linux-s390x
359 silly reify mark deleted [
359 silly reify   'C:\\My_Projects\\Cell_Xchange_Web\\node_modules\\sharp\\node_modules\\@img\\sharp-libvips-linux-s390x'
359 silly reify ]
360 verbose reify failed optional dependency C:\My_Projects\Cell_Xchange_Web\node_modules\sharp\node_modules\@img\sharp-libvips-linux-riscv64
361 silly reify mark deleted [
361 silly reify   'C:\\My_Projects\\Cell_Xchange_Web\\node_modules\\sharp\\node_modules\\@img\\sharp-libvips-linux-riscv64'
361 silly reify ]
362 verbose reify failed optional dependency C:\My_Projects\Cell_Xchange_Web\node_modules\sharp\node_modules\@img\sharp-libvips-linux-ppc64
363 silly reify mark deleted [
363 silly reify   'C:\\My_Projects\\Cell_Xchange_Web\\node_modules\\sharp\\node_modules\\@img\\sharp-libvips-linux-ppc64'
363 silly reify ]
364 verbose reify failed optional dependency C:\My_Projects\Cell_Xchange_Web\node_modules\sharp\node_modules\@img\sharp-libvips-linux-arm64
365 silly reify mark deleted [
365 silly reify   'C:\\My_Projects\\Cell_Xchange_Web\\node_modules\\sharp\\node_modules\\@img\\sharp-libvips-linux-arm64'
365 silly reify ]
366 verbose reify failed optional dependency C:\My_Projects\Cell_Xchange_Web\node_modules\sharp\node_modules\@img\sharp-libvips-linux-arm
367 silly reify mark deleted [
367 silly reify   'C:\\My_Projects\\Cell_Xchange_Web\\node_modules\\sharp\\node_modules\\@img\\sharp-libvips-linux-arm'
367 silly reify ]
368 verbose reify failed optional dependency C:\My_Projects\Cell_Xchange_Web\node_modules\sharp\node_modules\@img\sharp-libvips-darwin-x64
369 silly reify mark deleted [
369 silly reify   'C:\\My_Projects\\Cell_Xchange_Web\\node_modules\\sharp\\node_modules\\@img\\sharp-libvips-darwin-x64'
369 silly reify ]
370 verbose reify failed optional dependency C:\My_Projects\Cell_Xchange_Web\node_modules\sharp\node_modules\@img\sharp-libvips-darwin-arm64
371 silly reify mark deleted [
371 silly reify   'C:\\My_Projects\\Cell_Xchange_Web\\node_modules\\sharp\\node_modules\\@img\\sharp-libvips-darwin-arm64'
371 silly reify ]
372 verbose reify failed optional dependency C:\My_Projects\Cell_Xchange_Web\node_modules\sharp\node_modules\@img\sharp-darwin-x64
373 silly reify mark deleted [
373 silly reify   'C:\\My_Projects\\Cell_Xchange_Web\\node_modules\\sharp\\node_modules\\@img\\sharp-darwin-x64'
373 silly reify ]
374 verbose reify failed optional dependency C:\My_Projects\Cell_Xchange_Web\node_modules\sharp\node_modules\@img\sharp-darwin-arm64
375 silly reify mark deleted [
375 silly reify   'C:\\My_Projects\\Cell_Xchange_Web\\node_modules\\sharp\\node_modules\\@img\\sharp-darwin-arm64'
375 silly reify ]
376 verbose reify failed optional dependency C:\My_Projects\Cell_Xchange_Web\node_modules\lightningcss\node_modules\lightningcss-win32-arm64-msvc
377 silly reify mark deleted [
377 silly reify   'C:\\My_Projects\\Cell_Xchange_Web\\node_modules\\lightningcss\\node_modules\\lightningcss-win32-arm64-msvc'
377 silly reify ]
378 verbose reify failed optional dependency C:\My_Projects\Cell_Xchange_Web\node_modules\lightningcss\node_modules\lightningcss-linux-x64-musl
379 silly reify mark deleted [
379 silly reify   'C:\\My_Projects\\Cell_Xchange_Web\\node_modules\\lightningcss\\node_modules\\lightningcss-linux-x64-musl'
379 silly reify ]
380 verbose reify failed optional dependency C:\My_Projects\Cell_Xchange_Web\node_modules\lightningcss\node_modules\lightningcss-linux-x64-gnu
381 silly reify mark deleted [
381 silly reify   'C:\\My_Projects\\Cell_Xchange_Web\\node_modules\\lightningcss\\node_modules\\lightningcss-linux-x64-gnu'
381 silly reify ]
382 verbose reify failed optional dependency C:\My_Projects\Cell_Xchange_Web\node_modules\lightningcss\node_modules\lightningcss-linux-arm64-musl
383 silly reify mark deleted [
383 silly reify   'C:\\My_Projects\\Cell_Xchange_Web\\node_modules\\lightningcss\\node_modules\\lightningcss-linux-arm64-musl'
383 silly reify ]
384 verbose reify failed optional dependency C:\My_Projects\Cell_Xchange_Web\node_modules\lightningcss\node_modules\lightningcss-linux-arm64-gnu
385 silly reify mark deleted [
385 silly reify   'C:\\My_Projects\\Cell_Xchange_Web\\node_modules\\lightningcss\\node_modules\\lightningcss-linux-arm64-gnu'
385 silly reify ]
386 verbose reify failed optional dependency C:\My_Projects\Cell_Xchange_Web\node_modules\lightningcss\node_modules\lightningcss-linux-arm-gnueabihf
387 silly reify mark deleted [
387 silly reify   'C:\\My_Projects\\Cell_Xchange_Web\\node_modules\\lightningcss\\node_modules\\lightningcss-linux-arm-gnueabihf'
387 silly reify ]
388 verbose reify failed optional dependency C:\My_Projects\Cell_Xchange_Web\node_modules\lightningcss\node_modules\lightningcss-freebsd-x64
389 silly reify mark deleted [
389 silly reify   'C:\\My_Projects\\Cell_Xchange_Web\\node_modules\\lightningcss\\node_modules\\lightningcss-freebsd-x64'
389 silly reify ]
390 verbose reify failed optional dependency C:\My_Projects\Cell_Xchange_Web\node_modules\lightningcss\node_modules\lightningcss-darwin-x64
391 silly reify mark deleted [
391 silly reify   'C:\\My_Projects\\Cell_Xchange_Web\\node_modules\\lightningcss\\node_modules\\lightningcss-darwin-x64'
391 silly reify ]
392 verbose reify failed optional dependency C:\My_Projects\Cell_Xchange_Web\node_modules\lightningcss\node_modules\lightningcss-darwin-arm64
393 silly reify mark deleted [
393 silly reify   'C:\\My_Projects\\Cell_Xchange_Web\\node_modules\\lightningcss\\node_modules\\lightningcss-darwin-arm64'
393 silly reify ]
394 verbose reify failed optional dependency C:\My_Projects\Cell_Xchange_Web\node_modules\lightningcss\node_modules\lightningcss-android-arm64
395 silly reify mark deleted [
395 silly reify   'C:\\My_Projects\\Cell_Xchange_Web\\node_modules\\lightningcss\\node_modules\\lightningcss-android-arm64'
395 silly reify ]
396 verbose reify failed optional dependency C:\My_Projects\Cell_Xchange_Web\node_modules\@tailwindcss\oxide\node_modules\@tailwindcss\oxide-win32-arm64-msvc
397 silly reify mark deleted [
397 silly reify   'C:\\My_Projects\\Cell_Xchange_Web\\node_modules\\@tailwindcss\\oxide\\node_modules\\@tailwindcss\\oxide-win32-arm64-msvc'
397 silly reify ]
398 verbose reify failed optional dependency C:\My_Projects\Cell_Xchange_Web\node_modules\@tailwindcss\oxide\node_modules\@tailwindcss\oxide-linux-x64-musl
399 silly reify mark deleted [
399 silly reify   'C:\\My_Projects\\Cell_Xchange_Web\\node_modules\\@tailwindcss\\oxide\\node_modules\\@tailwindcss\\oxide-linux-x64-musl'
399 silly reify ]
400 verbose reify failed optional dependency C:\My_Projects\Cell_Xchange_Web\node_modules\@tailwindcss\oxide\node_modules\@tailwindcss\oxide-linux-x64-gnu
401 silly reify mark deleted [
401 silly reify   'C:\\My_Projects\\Cell_Xchange_Web\\node_modules\\@tailwindcss\\oxide\\node_modules\\@tailwindcss\\oxide-linux-x64-gnu'
401 silly reify ]
402 verbose reify failed optional dependency C:\My_Projects\Cell_Xchange_Web\node_modules\@tailwindcss\oxide\node_modules\@tailwindcss\oxide-linux-arm64-musl
403 silly reify mark deleted [
403 silly reify   'C:\\My_Projects\\Cell_Xchange_Web\\node_modules\\@tailwindcss\\oxide\\node_modules\\@tailwindcss\\oxide-linux-arm64-musl'
403 silly reify ]
404 verbose reify failed optional dependency C:\My_Projects\Cell_Xchange_Web\node_modules\@tailwindcss\oxide\node_modules\@tailwindcss\oxide-linux-arm64-gnu
405 silly reify mark deleted [
405 silly reify   'C:\\My_Projects\\Cell_Xchange_Web\\node_modules\\@tailwindcss\\oxide\\node_modules\\@tailwindcss\\oxide-linux-arm64-gnu'
405 silly reify ]
406 verbose reify failed optional dependency C:\My_Projects\Cell_Xchange_Web\node_modules\@tailwindcss\oxide\node_modules\@tailwindcss\oxide-linux-arm-gnueabihf
407 silly reify mark deleted [
407 silly reify   'C:\\My_Projects\\Cell_Xchange_Web\\node_modules\\@tailwindcss\\oxide\\node_modules\\@tailwindcss\\oxide-linux-arm-gnueabihf'
407 silly reify ]
408 verbose reify failed optional dependency C:\My_Projects\Cell_Xchange_Web\node_modules\@tailwindcss\oxide\node_modules\@tailwindcss\oxide-freebsd-x64
409 silly reify mark deleted [
409 silly reify   'C:\\My_Projects\\Cell_Xchange_Web\\node_modules\\@tailwindcss\\oxide\\node_modules\\@tailwindcss\\oxide-freebsd-x64'
409 silly reify ]
410 verbose reify failed optional dependency C:\My_Projects\Cell_Xchange_Web\node_modules\@tailwindcss\oxide\node_modules\@tailwindcss\oxide-darwin-x64
411 silly reify mark deleted [
411 silly reify   'C:\\My_Projects\\Cell_Xchange_Web\\node_modules\\@tailwindcss\\oxide\\node_modules\\@tailwindcss\\oxide-darwin-x64'
411 silly reify ]
412 verbose reify failed optional dependency C:\My_Projects\Cell_Xchange_Web\node_modules\@tailwindcss\oxide\node_modules\@tailwindcss\oxide-darwin-arm64
413 silly reify mark deleted [
413 silly reify   'C:\\My_Projects\\Cell_Xchange_Web\\node_modules\\@tailwindcss\\oxide\\node_modules\\@tailwindcss\\oxide-darwin-arm64'
413 silly reify ]
414 verbose reify failed optional dependency C:\My_Projects\Cell_Xchange_Web\node_modules\@tailwindcss\oxide\node_modules\@tailwindcss\oxide-android-arm64
415 silly reify mark deleted [
415 silly reify   'C:\\My_Projects\\Cell_Xchange_Web\\node_modules\\@tailwindcss\\oxide\\node_modules\\@tailwindcss\\oxide-android-arm64'
415 silly reify ]
416 http cache yallist@https://registry.npmjs.org/yallist/-/yallist-3.1.1.tgz 0ms (cache hit)
417 http cache @babel/helper-module-imports@https://registry.npmjs.org/@babel/helper-module-imports/-/helper-module-imports-7.29.7.tgz 0ms (cache hit)
418 http cache @babel/template@https://registry.npmjs.org/@babel/template/-/template-7.29.7.tgz 0ms (cache hit)
419 http cache @babel/helper-globals@https://registry.npmjs.org/@babel/helper-globals/-/helper-globals-7.29.7.tgz 0ms (cache hit)
420 http cache @babel/generator@https://registry.npmjs.org/@babel/generator/-/generator-7.29.7.tgz 0ms (cache hit)
421 http cache @babel/code-frame@https://registry.npmjs.org/@babel/code-frame/-/code-frame-7.29.7.tgz 0ms (cache hit)
422 http cache escalade@https://registry.npmjs.org/escalade/-/escalade-3.2.0.tgz 0ms (cache hit)
423 http cache @babel/types@https://registry.npmjs.org/@babel/types/-/types-7.29.7.tgz 0ms (cache hit)
424 http cache @babel/traverse@https://registry.npmjs.org/@babel/traverse/-/traverse-7.29.7.tgz 0ms (cache hit)
425 http cache update-browserslist-db@https://registry.npmjs.org/update-browserslist-db/-/update-browserslist-db-1.2.3.tgz 0ms (cache hit)
426 http cache @babel/helper-globals@https://registry.npmjs.org/@babel/helper-globals/-/helper-globals-8.0.0.tgz 0ms (cache hit)
427 http cache node-releases@https://registry.npmjs.org/node-releases/-/node-releases-2.0.51.tgz 0ms (cache hit)
428 http cache electron-to-chromium@https://registry.npmjs.org/electron-to-chromium/-/electron-to-chromium-1.5.394.tgz 0ms (cache hit)
429 http cache @babel/helper-validator-option@https://registry.npmjs.org/@babel/helper-validator-option/-/helper-validator-option-8.0.0.tgz 0ms (cache hit)
430 http cache lru-cache@https://registry.npmjs.org/lru-cache/-/lru-cache-11.5.2.tgz 0ms (cache hit)
431 http cache browserslist@https://registry.npmjs.org/browserslist/-/browserslist-4.28.6.tgz 0ms (cache hit)
432 http cache @types/jsesc@https://registry.npmjs.org/@types/jsesc/-/jsesc-2.5.1.tgz 0ms (cache hit)
433 http cache @babel/compat-data@https://registry.npmjs.org/@babel/compat-data/-/compat-data-8.0.0.tgz 0ms (cache hit)
434 http cache jsesc@https://registry.npmjs.org/jsesc/-/jsesc-3.1.0.tgz 0ms (cache hit)
435 http cache obug@https://registry.npmjs.org/obug/-/obug-2.1.4.tgz 0ms (cache hit)
436 http cache json5@https://registry.npmjs.org/json5/-/json5-2.2.3.tgz 0ms (cache hit)
437 http cache import-meta-resolve@https://registry.npmjs.org/import-meta-resolve/-/import-meta-resolve-4.2.0.tgz 0ms (cache hit)
438 http cache @types/gensync@https://registry.npmjs.org/@types/gensync/-/gensync-1.0.5.tgz 0ms (cache hit)
439 http cache @babel/types@https://registry.npmjs.org/@babel/types/-/types-8.0.4.tgz 0ms (cache hit)
440 http cache gensync@https://registry.npmjs.org/gensync/-/gensync-1.0.0-beta.2.tgz 0ms (cache hit)
441 http cache empathic@https://registry.npmjs.org/empathic/-/empathic-2.0.1.tgz 0ms (cache hit)
442 http cache convert-source-map@https://registry.npmjs.org/convert-source-map/-/convert-source-map-2.0.0.tgz 0ms (cache hit)
443 http cache @babel/traverse@https://registry.npmjs.org/@babel/traverse/-/traverse-8.0.4.tgz 0ms (cache hit)
444 http cache @babel/parser@https://registry.npmjs.org/@babel/parser/-/parser-8.0.4.tgz 0ms (cache hit)
445 http cache @babel/helper-validator-identifier@https://registry.npmjs.org/@babel/helper-validator-identifier/-/helper-validator-identifier-8.0.4.tgz 0ms (cache hit)
446 http cache @babel/helper-string-parser@https://registry.npmjs.org/@babel/helper-string-parser/-/helper-string-parser-8.0.0.tgz 0ms (cache hit)
447 http cache @babel/parser@https://registry.npmjs.org/@babel/parser/-/parser-8.0.4.tgz 0ms (cache hit)
448 http cache @babel/template@https://registry.npmjs.org/@babel/template/-/template-8.0.0.tgz 0ms (cache hit)
449 http cache semver@https://registry.npmjs.org/semver/-/semver-7.8.5.tgz 0ms (cache hit)
450 http cache @babel/helper-compilation-targets@https://registry.npmjs.org/@babel/helper-compilation-targets/-/helper-compilation-targets-8.0.0.tgz 0ms (cache hit)
451 http cache @babel/parser@https://registry.npmjs.org/@babel/parser/-/parser-8.0.4.tgz 0ms (cache hit)
452 http cache js-tokens@https://registry.npmjs.org/js-tokens/-/js-tokens-10.0.0.tgz 0ms (cache hit)
453 http cache @babel/helpers@https://registry.npmjs.org/@babel/helpers/-/helpers-8.0.0.tgz 0ms (cache hit)
454 http cache @babel/generator@https://registry.npmjs.org/@babel/generator/-/generator-8.0.0.tgz 0ms (cache hit)
455 http cache @babel/helper-validator-identifier@https://registry.npmjs.org/@babel/helper-validator-identifier/-/helper-validator-identifier-8.0.4.tgz 0ms (cache hit)
456 http cache @babel/code-frame@https://registry.npmjs.org/@babel/code-frame/-/code-frame-8.0.0.tgz 1ms (cache hit)
457 http cache semver@https://registry.npmjs.org/semver/-/semver-7.8.5.tgz 0ms (cache hit)
458 http cache @babel/core@https://registry.npmjs.org/@babel/core/-/core-8.0.1.tgz 0ms (cache hit)
459 http cache @emnapi/runtime@https://registry.npmjs.org/@emnapi/runtime/-/runtime-1.10.0.tgz 0ms (cache hit)
460 http cache lightningcss-win32-x64-msvc@https://registry.npmjs.org/lightningcss-win32-x64-msvc/-/lightningcss-win32-x64-msvc-1.30.2.tgz 0ms (cache hit)
461 http cache react-hook-form@https://registry.npmjs.org/react-hook-form/-/react-hook-form-7.82.0.tgz 0ms (cache hit)
462 http cache lightningcss-win32-x64-msvc@https://registry.npmjs.org/lightningcss-win32-x64-msvc/-/lightningcss-win32-x64-msvc-1.32.0.tgz 0ms (cache hit)
463 http cache lru-cache@https://registry.npmjs.org/lru-cache/-/lru-cache-5.1.1.tgz 0ms (cache hit)
464 http cache @babel/compat-data@https://registry.npmjs.org/@babel/compat-data/-/compat-data-7.29.7.tgz 0ms (cache hit)
465 http cache @babel/helper-validator-option@https://registry.npmjs.org/@babel/helper-validator-option/-/helper-validator-option-7.29.7.tgz 0ms (cache hit)
466 http cache @babel/parser@https://registry.npmjs.org/@babel/parser/-/parser-8.0.4.tgz 0ms (cache hit)
467 http cache @babel/helper-globals@https://registry.npmjs.org/@babel/helper-globals/-/helper-globals-7.29.7.tgz 0ms (cache hit)
468 http cache @babel/types@https://registry.npmjs.org/@babel/types/-/types-7.29.7.tgz 0ms (cache hit)
469 http cache @babel/template@https://registry.npmjs.org/@babel/template/-/template-7.29.7.tgz 0ms (cache hit)
470 http cache @babel/helper-module-transforms@https://registry.npmjs.org/@babel/helper-module-transforms/-/helper-module-transforms-7.29.7.tgz 0ms (cache hit)
471 http cache @babel/traverse@https://registry.npmjs.org/@babel/traverse/-/traverse-7.29.7.tgz 0ms (cache hit)
472 http cache @babel/helper-compilation-targets@https://registry.npmjs.org/@babel/helper-compilation-targets/-/helper-compilation-targets-7.29.7.tgz 0ms (cache hit)
473 http cache @babel/helpers@https://registry.npmjs.org/@babel/helpers/-/helpers-7.29.7.tgz 0ms (cache hit)
474 silly tarball no local data for @babel/helper-globals@https://registry.npmjs.org/@babel/helper-globals/-/helper-globals-8.0.0.tgz. Extracting by manifest.
475 silly tarball no local data for @babel/helper-validator-option@https://registry.npmjs.org/@babel/helper-validator-option/-/helper-validator-option-8.0.0.tgz. Extracting by manifest.
476 silly tarball no local data for lru-cache@https://registry.npmjs.org/lru-cache/-/lru-cache-11.5.2.tgz. Extracting by manifest.
477 silly tarball no local data for @types/jsesc@https://registry.npmjs.org/@types/jsesc/-/jsesc-2.5.1.tgz. Extracting by manifest.
478 silly tarball no local data for @babel/compat-data@https://registry.npmjs.org/@babel/compat-data/-/compat-data-8.0.0.tgz. Extracting by manifest.
479 silly tarball no local data for obug@https://registry.npmjs.org/obug/-/obug-2.1.4.tgz. Extracting by manifest.
480 silly tarball no local data for import-meta-resolve@https://registry.npmjs.org/import-meta-resolve/-/import-meta-resolve-4.2.0.tgz. Extracting by manifest.
481 silly tarball no local data for @types/gensync@https://registry.npmjs.org/@types/gensync/-/gensync-1.0.5.tgz. Extracting by manifest.
482 silly tarball no local data for @babel/types@https://registry.npmjs.org/@babel/types/-/types-8.0.4.tgz. Extracting by manifest.
483 silly tarball no local data for empathic@https://registry.npmjs.org/empathic/-/empathic-2.0.1.tgz. Extracting by manifest.
484 silly tarball no local data for @babel/traverse@https://registry.npmjs.org/@babel/traverse/-/traverse-8.0.4.tgz. Extracting by manifest.
485 silly tarball no local data for @babel/parser@https://registry.npmjs.org/@babel/parser/-/parser-8.0.4.tgz. Extracting by manifest.
486 http cache @babel/generator@https://registry.npmjs.org/@babel/generator/-/generator-7.29.7.tgz 0ms (cache hit)
487 silly tarball no local data for @babel/helper-validator-identifier@https://registry.npmjs.org/@babel/helper-validator-identifier/-/helper-validator-identifier-8.0.4.tgz. Extracting by manifest.
488 silly tarball no local data for @babel/helper-string-parser@https://registry.npmjs.org/@babel/helper-string-parser/-/helper-string-parser-8.0.0.tgz. Extracting by manifest.
489 silly tarball no local data for @babel/parser@https://registry.npmjs.org/@babel/parser/-/parser-8.0.4.tgz. Extracting by manifest.
490 silly tarball no local data for @babel/template@https://registry.npmjs.org/@babel/template/-/template-8.0.0.tgz. Extracting by manifest.
491 silly tarball no local data for @babel/helper-compilation-targets@https://registry.npmjs.org/@babel/helper-compilation-targets/-/helper-compilation-targets-8.0.0.tgz. Extracting by manifest.
492 silly tarball no local data for @babel/parser@https://registry.npmjs.org/@babel/parser/-/parser-8.0.4.tgz. Extracting by manifest.
493 silly tarball no local data for js-tokens@https://registry.npmjs.org/js-tokens/-/js-tokens-10.0.0.tgz. Extracting by manifest.
494 silly tarball no local data for @babel/helpers@https://registry.npmjs.org/@babel/helpers/-/helpers-8.0.0.tgz. Extracting by manifest.
495 silly tarball no local data for @babel/generator@https://registry.npmjs.org/@babel/generator/-/generator-8.0.0.tgz. Extracting by manifest.
496 silly tarball no local data for @babel/helper-validator-identifier@https://registry.npmjs.org/@babel/helper-validator-identifier/-/helper-validator-identifier-8.0.4.tgz. Extracting by manifest.
497 silly tarball no local data for @babel/code-frame@https://registry.npmjs.org/@babel/code-frame/-/code-frame-8.0.0.tgz. Extracting by manifest.
498 http cache @babel/code-frame@https://registry.npmjs.org/@babel/code-frame/-/code-frame-7.29.7.tgz 0ms (cache hit)
499 silly tarball no local data for @babel/core@https://registry.npmjs.org/@babel/core/-/core-8.0.1.tgz. Extracting by manifest.
500 silly tarball no local data for lightningcss-win32-x64-msvc@https://registry.npmjs.org/lightningcss-win32-x64-msvc/-/lightningcss-win32-x64-msvc-1.30.2.tgz. Extracting by manifest.
501 silly tarball no local data for react-hook-form@https://registry.npmjs.org/react-hook-form/-/react-hook-form-7.82.0.tgz. Extracting by manifest.
502 http cache @babel/core@https://registry.npmjs.org/@babel/core/-/core-7.29.7.tgz 0ms (cache hit)
503 silly tarball no local data for lightningcss-win32-x64-msvc@https://registry.npmjs.org/lightningcss-win32-x64-msvc/-/lightningcss-win32-x64-msvc-1.32.0.tgz. Extracting by manifest.
504 silly tarball no local data for @babel/parser@https://registry.npmjs.org/@babel/parser/-/parser-8.0.4.tgz. Extracting by manifest.
505 http fetch POST 200 https://registry.npmjs.org/-/npm/v1/security/advisories/bulk 420ms
506 silly audit report {
506 silly audit report   postcss: [
506 silly audit report     {
506 silly audit report       id: 1117015,
506 silly audit report       url: 'https://github.com/advisories/GHSA-qx2v-qp2m-jg93',
506 silly audit report       title: 'PostCSS has XSS via Unescaped </style> in its CSS Stringify Output',
506 silly audit report       severity: 'moderate',
506 silly audit report       vulnerable_versions: '<8.5.10',
506 silly audit report       cwe: [Array],
506 silly audit report       cvss: [Object]
506 silly audit report     }
506 silly audit report   ]
506 silly audit report }
507 silly packumentCache corgi:https://registry.npmjs.org/postcss cache-miss
508 http fetch GET 200 https://registry.npmjs.org/@types/jsesc/-/jsesc-2.5.1.tgz 475ms (cache miss)
509 http fetch GET 200 https://registry.npmjs.org/@babel/helper-validator-option/-/helper-validator-option-8.0.0.tgz 513ms (cache miss)
510 http fetch GET 200 https://registry.npmjs.org/@babel/helper-globals/-/helper-globals-8.0.0.tgz 515ms (cache miss)
511 http fetch GET 200 https://registry.npmjs.org/@types/gensync/-/gensync-1.0.5.tgz 527ms (cache miss)
512 http fetch GET 200 https://registry.npmjs.org/js-tokens/-/js-tokens-10.0.0.tgz 597ms (cache miss)
513 http fetch GET 200 https://registry.npmjs.org/obug/-/obug-2.1.4.tgz 631ms (cache miss)
514 http fetch GET 200 https://registry.npmjs.org/import-meta-resolve/-/import-meta-resolve-4.2.0.tgz 845ms (cache miss)
515 http fetch GET 200 https://registry.npmjs.org/@babel/helper-string-parser/-/helper-string-parser-8.0.0.tgz 913ms (cache miss)
516 http fetch GET 200 https://registry.npmjs.org/@babel/compat-data/-/compat-data-8.0.0.tgz 973ms (cache miss)
517 http fetch GET 200 https://registry.npmjs.org/postcss 634ms (cache revalidated)
518 silly packumentCache corgi:https://registry.npmjs.org/postcss set size:349702 disposed:false
519 silly packumentCache corgi:https://registry.npmjs.org/next cache-miss
520 http fetch GET 200 https://registry.npmjs.org/empathic/-/empathic-2.0.1.tgz 995ms (cache miss)
521 http fetch GET 200 https://registry.npmjs.org/@babel/helper-compilation-targets/-/helper-compilation-targets-8.0.0.tgz 990ms (cache miss)
522 http fetch GET 200 https://registry.npmjs.org/@babel/template/-/template-8.0.0.tgz 1042ms (cache miss)
523 http fetch GET 200 https://registry.npmjs.org/@babel/code-frame/-/code-frame-8.0.0.tgz 1098ms (cache miss)
524 http fetch GET 200 https://registry.npmjs.org/@babel/helper-validator-identifier/-/helper-validator-identifier-8.0.4.tgz 1133ms (cache miss)
525 http fetch GET 200 https://registry.npmjs.org/@babel/helper-validator-identifier/-/helper-validator-identifier-8.0.4.tgz 1150ms (cache miss)
526 http fetch GET 200 https://registry.npmjs.org/@babel/helpers/-/helpers-8.0.0.tgz 1214ms (cache miss)
527 http fetch GET 200 https://registry.npmjs.org/next 343ms (cache revalidated)
528 silly packumentCache corgi:https://registry.npmjs.org/next set size:25374844 disposed:false
529 http fetch GET 200 https://registry.npmjs.org/@babel/generator/-/generator-8.0.0.tgz 2487ms (cache miss)
530 http fetch GET 200 https://registry.npmjs.org/@babel/traverse/-/traverse-8.0.4.tgz 2601ms (cache miss)
531 http fetch GET 200 https://registry.npmjs.org/@babel/parser/-/parser-8.0.4.tgz 2623ms (cache miss)
532 http fetch GET 200 https://registry.npmjs.org/@babel/parser/-/parser-8.0.4.tgz 2723ms (cache miss)
533 http fetch GET 200 https://registry.npmjs.org/@babel/parser/-/parser-8.0.4.tgz 2731ms (cache miss)
534 http fetch GET 200 https://registry.npmjs.org/@babel/types/-/types-8.0.4.tgz 2772ms (cache miss)
535 http fetch GET 200 https://registry.npmjs.org/@babel/parser/-/parser-8.0.4.tgz 2760ms (cache miss)
536 http fetch GET 200 https://registry.npmjs.org/@babel/core/-/core-8.0.1.tgz 2825ms (cache miss)
537 http fetch GET 200 https://registry.npmjs.org/lru-cache/-/lru-cache-11.5.2.tgz 3131ms (cache miss)
538 http fetch GET 200 https://registry.npmjs.org/react-hook-form/-/react-hook-form-7.82.0.tgz 3397ms (cache miss)
539 http fetch GET 200 https://registry.npmjs.org/lightningcss-win32-x64-msvc/-/lightningcss-win32-x64-msvc-1.30.2.tgz 3914ms (cache miss)
540 http fetch GET 200 https://registry.npmjs.org/lightningcss-win32-x64-msvc/-/lightningcss-win32-x64-msvc-1.32.0.tgz 5813ms (cache miss)
541 silly ADD node_modules/yallist
542 silly ADD node_modules/@babel/helper-module-imports
543 silly ADD node_modules/@babel/helper-module-imports/node_modules/@babel/template
544 silly ADD node_modules/@babel/helper-module-imports/node_modules/@babel/helper-globals
545 silly ADD node_modules/@babel/helper-module-imports/node_modules/@babel/generator
546 silly ADD node_modules/@babel/helper-module-imports/node_modules/@babel/code-frame
547 silly ADD node_modules/@babel/helper-module-imports/node_modules/@babel/types
548 silly ADD node_modules/@babel/helper-module-imports/node_modules/@babel/traverse
549 silly ADD node_modules/escalade
550 silly ADD node_modules/update-browserslist-db
551 silly ADD node_modules/node-releases
552 silly ADD node_modules/electron-to-chromium
553 silly ADD node_modules/@babel/helper-globals
554 silly ADD node_modules/lru-cache
555 silly ADD node_modules/browserslist
556 silly ADD node_modules/@babel/helper-validator-option
557 silly ADD node_modules/@babel/compat-data
558 silly ADD node_modules/jsesc
559 silly ADD node_modules/@types/jsesc
560 silly ADD node_modules/obug
561 silly ADD node_modules/json5
562 silly ADD node_modules/import-meta-resolve
563 silly ADD node_modules/gensync
564 silly ADD node_modules/empathic
565 silly ADD node_modules/convert-source-map
566 silly ADD node_modules/@types/gensync
567 silly ADD node_modules/@babel/types
568 silly ADD node_modules/@babel/types/node_modules/@babel/helper-validator-identifier
569 silly ADD node_modules/@babel/types/node_modules/@babel/helper-string-parser
570 silly ADD node_modules/@babel/traverse
571 silly ADD node_modules/@babel/traverse/node_modules/@babel/parser
572 silly ADD node_modules/@babel/template
573 silly ADD node_modules/@babel/template/node_modules/@babel/parser
574 silly ADD node_modules/@babel/helpers
575 silly ADD node_modules/@babel/helper-compilation-targets
576 silly ADD node_modules/@babel/helper-compilation-targets/node_modules/semver
577 silly ADD node_modules/@babel/generator
578 silly ADD node_modules/@babel/generator/node_modules/@babel/parser
579 silly ADD node_modules/@babel/code-frame
580 silly ADD node_modules/@babel/code-frame/node_modules/js-tokens
581 silly ADD node_modules/@babel/code-frame/node_modules/@babel/helper-validator-identifier
582 silly ADD node_modules/@babel/core
583 silly ADD node_modules/@babel/core/node_modules/semver
584 silly ADD node_modules/@babel/core/node_modules/@babel/parser
585 silly ADD
586 silly ADD
587 silly ADD
588 silly ADD
589 silly ADD
590 silly ADD
591 silly ADD
592 silly ADD
593 silly ADD
594 silly ADD
595 silly ADD
596 silly ADD
597 silly ADD
598 silly ADD
599 silly ADD
600 silly ADD
601 silly ADD
602 silly ADD
603 silly ADD
604 silly ADD
605 silly ADD
606 silly ADD
607 silly ADD
608 silly ADD
609 silly ADD
610 silly ADD
611 silly ADD
612 silly ADD
613 silly ADD
614 silly ADD
615 silly ADD
616 silly ADD
617 silly ADD
618 silly ADD
619 silly ADD
620 silly ADD
621 silly ADD
622 silly ADD
623 silly ADD
624 silly ADD
625 silly ADD
626 silly ADD
627 silly ADD
628 silly ADD
629 silly ADD
630 silly ADD
631 silly ADD
632 silly ADD
633 silly ADD
634 silly ADD
635 silly ADD
636 silly ADD
637 silly CHANGE node_modules/react-hook-form
638 silly CHANGE node_modules/lightningcss-win32-x64-msvc
639 silly ADD node_modules/lightningcss/node_modules/lightningcss-win32-x64-msvc
640 silly ADD
641 silly ADD
642 silly ADD
643 silly ADD
644 silly ADD
645 silly ADD
646 silly ADD
647 silly ADD
648 silly ADD
649 silly ADD
650 silly ADD node_modules/eslint-plugin-react-hooks/node_modules/@babel/helper-globals
651 silly ADD node_modules/eslint-plugin-react-hooks/node_modules/lru-cache
652 silly ADD node_modules/eslint-plugin-react-hooks/node_modules/@babel/helper-validator-option
653 silly ADD node_modules/eslint-plugin-react-hooks/node_modules/@babel/compat-data
654 silly ADD node_modules/eslint-plugin-react-hooks/node_modules/@babel/types
655 silly ADD node_modules/eslint-plugin-react-hooks/node_modules/@babel/traverse
656 silly ADD node_modules/eslint-plugin-react-hooks/node_modules/@babel/template
657 silly ADD node_modules/eslint-plugin-react-hooks/node_modules/@babel/helpers
658 silly ADD node_modules/eslint-plugin-react-hooks/node_modules/@babel/helper-module-transforms
659 silly ADD node_modules/eslint-plugin-react-hooks/node_modules/@babel/helper-compilation-targets
660 silly ADD node_modules/eslint-plugin-react-hooks/node_modules/@babel/generator
661 silly ADD node_modules/eslint-plugin-react-hooks/node_modules/@babel/code-frame
662 silly ADD node_modules/eslint-plugin-react-hooks/node_modules/@babel/core
663 silly ADD
664 silly ADD
665 silly ADD
666 silly ADD
667 silly ADD
668 silly ADD
669 silly ADD
670 silly ADD
671 silly ADD
672 silly ADD
673 silly ADD
674 verbose cwd C:\My_Projects\Cell_Xchange_Web
675 verbose os Windows_NT 10.0.26200
676 verbose node v22.21.1
677 verbose npm  v10.9.4
678 verbose exit 0
679 info ok
