0 verbose cli C:\nvm4w\nodejs\node.exe C:\nvm4w\nodejs\node_modules\npm\bin\npm-cli.js
1 info using npm@10.9.4
2 info using node@v22.21.1
3 silly config load:file:C:\Users\DELL\AppData\Local\nvm\v22.21.1\node_modules\npm\npmrc
4 silly config load:file:C:\My_Projects\Cell_Xchange_Web\.npmrc
5 silly config load:file:C:\Users\DELL\.npmrc
6 silly config load:file:C:\nvm4w\nodejs\etc\npmrc
7 verbose title npm install
8 verbose argv "install" "--package-lock-only" "--ignore-scripts" "--cache" ".npm-cache"
9 verbose logfile logs-max:10 dir:C:\My_Projects\Cell_Xchange_Web\.npm-cache\_logs\2026-07-21T05_40_18_734Z-
10 verbose logfile C:\My_Projects\Cell_Xchange_Web\.npm-cache\_logs\2026-07-21T05_40_18_734Z-debug-0.log
11 silly logfile done cleaning log files
12 silly packumentCache heap:4345298944 maxSize:1086324736 maxEntrySize:543162368
13 silly idealTree buildDeps
14 http cache https://registry.npmjs.org/@tailwindcss/oxide-wasm32-wasi/-/oxide-wasm32-wasi-4.3.3.tgz 1ms (cache hit)
15 silly tarball no local data for https://registry.npmjs.org/@tailwindcss/oxide-wasm32-wasi/-/oxide-wasm32-wasi-4.3.3.tgz. Extracting by manifest.
16 http fetch GET 200 https://registry.npmjs.org/@tailwindcss/oxide-wasm32-wasi/-/oxide-wasm32-wasi-4.3.3.tgz 1628ms (cache miss)
17 silly audit bulk request {
17 silly audit   '@alloc/quick-lru': [ '5.2.0' ],
17 silly audit   '@babel/code-frame': [ '8.0.0', '7.29.7' ],
17 silly audit   '@babel/helper-validator-identifier': [ '8.0.4', '7.29.7' ],
17 silly audit   'js-tokens': [ '10.0.0', '4.0.0' ],
17 silly audit   '@babel/compat-data': [ '8.0.0', '7.29.7' ],
17 silly audit   '@babel/core': [ '8.0.1', '7.29.7' ],
17 silly audit   '@babel/parser': [ '8.0.4', '7.29.7' ],
17 silly audit   semver: [ '7.8.5', '6.3.1' ],
17 silly audit   '@babel/generator': [ '8.0.0', '7.29.7' ],
17 silly audit   '@babel/helper-compilation-targets': [ '8.0.0', '7.29.7' ],
17 silly audit   '@babel/helper-globals': [ '8.0.0', '7.29.7' ],
17 silly audit   '@babel/helper-module-imports': [ '7.29.7' ],
17 silly audit   '@babel/template': [ '7.29.7', '8.0.0' ],
17 silly audit   '@babel/traverse': [ '7.29.7', '8.0.4' ],
17 silly audit   '@babel/types': [ '7.29.7', '8.0.4' ],
17 silly audit   '@babel/helper-string-parser': [ '7.29.7', '8.0.0' ],
17 silly audit   '@babel/helper-validator-option': [ '8.0.0', '7.29.7' ],
17 silly audit   '@babel/helpers': [ '8.0.0', '7.29.7' ],
17 silly audit   '@emnapi/core': [ '1.10.0', '1.11.1' ],
17 silly audit   '@emnapi/runtime': [ '1.11.2', '1.10.0', '1.11.1' ],
17 silly audit   '@emnapi/wasi-threads': [ '1.2.1', '1.2.2' ],
17 silly audit   '@eslint-community/eslint-utils': [ '4.9.1' ],
17 silly audit   'eslint-visitor-keys': [ '3.4.3', '5.0.1', '4.2.1' ],
17 silly audit   '@eslint-community/regexpp': [ '4.12.2' ],
17 silly audit   '@eslint/config-array': [ '0.21.2' ],
17 silly audit   '@eslint/config-helpers': [ '0.4.2' ],
17 silly audit   '@eslint/core': [ '0.17.0' ],
17 silly audit   '@eslint/eslintrc': [ '3.3.6' ],
17 silly audit   '@eslint/js': [ '9.39.5' ],
17 silly audit   '@eslint/object-schema': [ '2.1.7' ],
17 silly audit   '@eslint/plugin-kit': [ '0.4.1' ],
17 silly audit   '@hookform/resolvers': [ '5.4.0' ],
17 silly audit   '@humanfs/core': [ '0.19.2' ],
17 silly audit   '@humanfs/node': [ '0.16.8' ],
17 silly audit   '@humanfs/types': [ '0.15.0' ],
17 silly audit   '@humanwhocodes/module-importer': [ '1.0.1' ],
17 silly audit   '@humanwhocodes/retry': [ '0.4.3' ],
17 silly audit   '@img/colour': [ '1.1.0' ],
17 silly audit   '@jridgewell/gen-mapping': [ '0.3.13' ],
17 silly audit   '@jridgewell/remapping': [ '2.3.5' ],
17 silly audit   '@jridgewell/resolve-uri': [ '3.1.2' ],
17 silly audit   '@jridgewell/sourcemap-codec': [ '1.5.5' ],
17 silly audit   '@jridgewell/trace-mapping': [ '0.3.31' ],
17 silly audit   '@mongodb-js/saslprep': [ '1.4.12' ],
17 silly audit   '@napi-rs/wasm-runtime': [ '1.1.6', '1.1.4' ],
17 silly audit   '@next/env': [ '16.2.10' ],
17 silly audit   '@next/eslint-plugin-next': [ '16.2.10' ],
17 silly audit   '@next/swc-darwin-arm64': [ '16.2.10' ],
17 silly audit   '@next/swc-darwin-x64': [ '16.2.10' ],
17 silly audit   '@next/swc-linux-arm64-gnu': [ '16.2.10' ],
17 silly audit   '@next/swc-linux-arm64-musl': [ '16.2.10' ],
17 silly audit   '@next/swc-linux-x64-gnu': [ '16.2.10' ],
17 silly audit   '@next/swc-linux-x64-musl': [ '16.2.10' ],
17 silly audit   '@next/swc-win32-arm64-msvc': [ '16.2.10' ],
17 silly audit   '@next/swc-win32-x64-msvc': [ '16.2.10' ],
17 silly audit   '@nodelib/fs.scandir': [ '2.1.5' ],
17 silly audit   '@nodelib/fs.stat': [ '2.0.5' ],
17 silly audit   '@nodelib/fs.walk': [ '1.2.8' ],
17 silly audit   '@nolyfill/is-core-module': [ '1.0.39' ],
17 silly audit   '@rtsao/scc': [ '1.1.0' ],
17 silly audit   '@standard-schema/utils': [ '0.3.0' ],
17 silly audit   '@swc/helpers': [ '0.5.15' ],
17 silly audit   '@tailwindcss/node': [ '4.3.3' ],
17 silly audit   '@tailwindcss/oxide': [ '4.3.3' ],
17 silly audit   '@tailwindcss/oxide-win32-x64-msvc': [ '4.3.3' ],
17 silly audit   '@tailwindcss/oxide-android-arm64': [ '4.3.3' ],
17 silly audit   '@tailwindcss/oxide-darwin-arm64': [ '4.3.3' ],
17 silly audit   '@tailwindcss/oxide-darwin-x64': [ '4.3.3' ],
17 silly audit   '@tailwindcss/oxide-freebsd-x64': [ '4.3.3' ],
17 silly audit   '@tailwindcss/oxide-linux-arm-gnueabihf': [ '4.3.3' ],
17 silly audit   '@tailwindcss/oxide-linux-arm64-gnu': [ '4.3.3' ],
17 silly audit   '@tailwindcss/oxide-linux-arm64-musl': [ '4.3.3' ],
17 silly audit   '@tailwindcss/oxide-linux-x64-gnu': [ '4.3.3' ],
17 silly audit   '@tailwindcss/oxide-linux-x64-musl': [ '4.3.3' ],
17 silly audit   '@tailwindcss/oxide-win32-arm64-msvc': [ '4.3.3' ],
17 silly audit   '@tailwindcss/postcss': [ '4.3.3' ],
17 silly audit   '@tybys/wasm-util': [ '0.10.3', '0.10.2' ],
17 silly audit   '@types/estree': [ '1.0.9' ],
17 silly audit   '@types/gensync': [ '1.0.5' ],
17 silly audit   '@types/jsesc': [ '2.5.1' ],
17 silly audit   '@types/json-schema': [ '7.0.15' ],
17 silly audit   '@types/json5': [ '0.0.29' ],
17 silly audit   '@types/webidl-conversions': [ '7.0.3' ],
17 silly audit   '@types/whatwg-url': [ '11.0.5' ],
17 silly audit   '@typescript-eslint/parser': [ '8.65.0' ],
17 silly audit   '@typescript-eslint/scope-manager': [ '8.65.0' ],
17 silly audit   '@typescript-eslint/project-service': [ '8.65.0' ],
17 silly audit   '@typescript-eslint/tsconfig-utils': [ '8.65.0' ],
17 silly audit   '@typescript-eslint/type-utils': [ '8.65.0' ],
17 silly audit   '@typescript-eslint/types': [ '8.65.0' ],
17 silly audit   '@typescript-eslint/typescript-estree': [ '8.65.0' ],
17 silly audit   'balanced-match': [ '4.0.4', '1.0.2' ],
17 silly audit   'brace-expansion': [ '5.0.7', '1.1.16' ],
17 silly audit   minimatch: [ '10.2.5', '3.1.5' ],
17 silly audit   '@typescript-eslint/utils': [ '8.65.0' ],
17 silly audit   '@typescript-eslint/visitor-keys': [ '8.65.0' ],
17 silly audit   '@unrs/resolver-binding-win32-x64-msvc': [ '1.12.2' ],
17 silly audit   acorn: [ '8.17.0' ],
17 silly audit   'acorn-jsx': [ '5.3.2' ],
17 silly audit   'agent-base': [ '6.0.2' ],
17 silly audit   ajv: [ '6.15.0' ],
17 silly audit   'ansi-styles': [ '4.3.0' ],
17 silly audit   'append-field': [ '1.0.0' ],
17 silly audit   argparse: [ '2.0.1' ],
17 silly audit   'array-buffer-byte-length': [ '1.0.2' ],
17 silly audit   'array-includes': [ '3.1.9' ],
17 silly audit   'array.prototype.findlast': [ '1.2.5' ],
17 silly audit   'array.prototype.findlastindex': [ '1.2.6' ],
17 silly audit   'array.prototype.flat': [ '1.3.3' ],
17 silly audit   'array.prototype.flatmap': [ '1.3.3' ],
17 silly audit   'array.prototype.tosorted': [ '1.1.4' ],
17 silly audit   'arraybuffer.prototype.slice': [ '1.0.4' ],
17 silly audit   'ast-types-flow': [ '0.0.8' ],
17 silly audit   'async-function': [ '1.0.0' ],
17 silly audit   asynckit: [ '0.4.0' ],
17 silly audit   'available-typed-arrays': [ '1.0.7' ],
17 silly audit   'axe-core': [ '4.12.1' ],
17 silly audit   axios: [ '1.18.1' ],
17 silly audit   'baseline-browser-mapping': [ '2.10.44' ],
17 silly audit   bcryptjs: [ '3.0.3' ],
17 silly audit   braces: [ '3.0.3' ],
17 silly audit   browserslist: [ '4.28.6' ],
17 silly audit   bson: [ '6.10.4' ],
17 silly audit   'buffer-equal-constant-time': [ '1.0.1' ],
17 silly audit   'buffer-from': [ '1.1.2' ],
17 silly audit   busboy: [ '1.6.0' ],
17 silly audit   'call-bind': [ '1.0.9' ],
17 silly audit   'call-bind-apply-helpers': [ '1.0.2' ],
17 silly audit   'call-bound': [ '1.0.4' ],
17 silly audit   callsites: [ '3.1.0' ],
17 silly audit   'caniuse-lite': [ '1.0.30001806' ],
17 silly audit   chalk: [ '4.1.2' ],
17 silly audit   'client-only': [ '0.0.1' ],
17 silly audit   cloudinary: [ '2.10.0' ],
17 silly audit   lodash: [ '4.18.1' ],
17 silly audit   'color-convert': [ '2.0.1' ],
17 silly audit   'color-name': [ '1.1.4' ],
17 silly audit   'combined-stream': [ '1.0.8' ],
17 silly audit   'concat-map': [ '0.0.1' ],
17 silly audit   'concat-stream': [ '2.0.0' ],
17 silly audit   'convert-source-map': [ '2.0.0' ],
17 silly audit   'cross-spawn': [ '7.0.6' ],
17 silly audit   csstype: [ '3.2.3' ],
17 silly audit   'damerau-levenshtein': [ '1.0.8' ],
17 silly audit   'data-view-buffer': [ '1.0.2' ],
17 silly audit   'data-view-byte-length': [ '1.0.2' ],
17 silly audit   'data-view-byte-offset': [ '1.0.1' ],
17 silly audit   debug: [ '4.4.3', '3.2.7' ],
17 silly audit   'deep-is': [ '0.1.4' ],
17 silly audit   'define-data-property': [ '1.1.4' ],
17 silly audit   'define-properties': [ '1.2.1' ],
17 silly audit   'delayed-stream': [ '1.0.0' ],
17 silly audit   'detect-libc': [ '2.1.2' ],
17 silly audit   doctrine: [ '2.1.0' ],
17 silly audit   'dunder-proto': [ '1.0.1' ],
17 silly audit   'ecdsa-sig-formatter': [ '1.0.11' ],
17 silly audit   'electron-to-chromium': [ '1.5.394' ],
17 silly audit   'emoji-regex': [ '9.2.2' ],
17 silly audit   empathic: [ '2.0.1' ],
17 silly audit   'enhanced-resolve': [ '5.24.3' ],
17 silly audit   'es-abstract': [ '1.24.2' ],
17 silly audit   'es-abstract-get': [ '1.0.0' ],
17 silly audit   'es-define-property': [ '1.0.1' ],
17 silly audit   'es-errors': [ '1.3.0' ],
17 silly audit   'es-object-atoms': [ '1.1.2' ],
17 silly audit   'es-set-tostringtag': [ '2.1.0' ],
17 silly audit   'es-shim-unscopables': [ '1.1.0' ],
17 silly audit   'es-to-primitive': [ '1.3.4' ],
17 silly audit   escalade: [ '3.2.0' ],
17 silly audit   'escape-string-regexp': [ '4.0.0' ],
17 silly audit   eslint: [ '9.39.5' ],
17 silly audit   'eslint-config-next': [ '16.2.10' ],
17 silly audit   'aria-query': [ '5.3.2' ],
17 silly audit   'axobject-query': [ '4.1.0' ],
17 silly audit   'es-iterator-helpers': [ '1.4.0' ],
17 silly audit   'eslint-plugin-jsx-a11y': [ '6.10.2' ],
17 silly audit   'eslint-plugin-react': [ '7.37.5' ],
17 silly audit   globals: [ '16.4.0', '14.0.0' ],
17 silly audit   'eslint-import-resolver-node': [ '0.3.10' ],
17 silly audit   'eslint-import-resolver-typescript': [ '3.10.1' ],
17 silly audit   'eslint-module-utils': [ '2.14.0' ],
17 silly audit   'eslint-plugin-import': [ '2.32.0' ],
17 silly audit   'eslint-plugin-react-hooks': [ '7.1.1' ],
17 silly audit   '@babel/helper-module-transforms': [ '7.29.7' ],
17 silly audit   'lru-cache': [ '5.1.1', '11.5.2' ],
17 silly audit   'eslint-scope': [ '8.4.0' ],
17 silly audit   espree: [ '10.4.0' ],
17 silly audit   esquery: [ '1.7.0' ],
17 silly audit   esrecurse: [ '4.3.0' ],
17 silly audit   estraverse: [ '5.3.0' ],
17 silly audit   esutils: [ '2.0.3' ],
17 silly audit   'fast-deep-equal': [ '3.1.3' ],
17 silly audit   'fast-glob': [ '3.3.1' ],
17 silly audit   'glob-parent': [ '5.1.2', '6.0.2' ],
17 silly audit   'fast-json-stable-stringify': [ '2.1.0' ],
17 silly audit   'fast-levenshtein': [ '2.0.6' ],
17 silly audit   fastq: [ '1.20.1' ],
17 silly audit   'file-entry-cache': [ '8.0.0' ],
17 silly audit   'fill-range': [ '7.1.1' ],
17 silly audit   'find-up': [ '5.0.0' ],
17 silly audit   'flat-cache': [ '4.0.1' ],
17 silly audit   flatted: [ '3.4.2' ],
17 silly audit   'follow-redirects': [ '1.16.0' ],
17 silly audit   'for-each': [ '0.3.5' ],
17 silly audit   'form-data': [ '4.0.6' ],
17 silly audit   'framer-motion': [ '12.42.2' ],
17 silly audit   'function-bind': [ '1.1.2' ],
17 silly audit   'function.prototype.name': [ '1.2.0' ],
17 silly audit   'functions-have-names': [ '1.2.3' ],
17 silly audit   'generator-function': [ '2.0.1' ],
17 silly audit   gensync: [ '1.0.0-beta.2' ],
17 silly audit   'get-intrinsic': [ '1.3.0' ],
17 silly audit   'get-proto': [ '1.0.1' ],
17 silly audit   'get-symbol-description': [ '1.1.0' ],
17 silly audit   'get-tsconfig': [ '4.14.0' ],
17 silly audit   globalthis: [ '1.0.4' ],
17 silly audit   goober: [ '2.1.19' ],
17 silly audit   gopd: [ '1.2.0' ],
17 silly audit   'graceful-fs': [ '4.2.11' ],
17 silly audit   'has-bigints': [ '1.1.0' ],
17 silly audit   'has-flag': [ '4.0.0' ],
17 silly audit   'has-property-descriptors': [ '1.0.2' ],
17 silly audit   'has-proto': [ '1.2.0' ],
17 silly audit   'has-symbols': [ '1.1.0' ],
17 silly audit   'has-tostringtag': [ '1.0.2' ],
17 silly audit   hasown: [ '2.0.4' ],
17 silly audit   'hermes-estree': [ '0.25.1' ],
17 silly audit   'hermes-parser': [ '0.25.1' ],
17 silly audit   'https-proxy-agent': [ '5.0.1' ],
17 silly audit   ignore: [ '5.3.2', '7.0.6' ],
17 silly audit   'import-fresh': [ '3.3.1' ],
17 silly audit   'import-meta-resolve': [ '4.2.0' ],
17 silly audit   imurmurhash: [ '0.1.4' ],
17 silly audit   inherits: [ '2.0.4' ],
17 silly audit   'internal-slot': [ '1.1.0' ],
17 silly audit   'is-array-buffer': [ '3.0.5' ],
17 silly audit   'is-async-function': [ '2.1.1' ],
17 silly audit   'is-bigint': [ '1.1.0' ],
17 silly audit   'is-boolean-object': [ '1.2.2' ],
17 silly audit   'is-bun-module': [ '2.0.0' ],
17 silly audit   'is-callable': [ '1.2.7' ],
17 silly audit   'is-core-module': [ '2.16.2' ],
17 silly audit   'is-data-view': [ '1.0.2' ],
17 silly audit   'is-date-object': [ '1.1.0' ],
17 silly audit   'is-document.all': [ '1.0.0' ],
17 silly audit   'is-extglob': [ '2.1.1' ],
17 silly audit   'is-finalizationregistry': [ '1.1.1' ],
17 silly audit   'is-generator-function': [ '1.1.2' ],
17 silly audit   'is-glob': [ '4.0.3' ],
17 silly audit   'is-map': [ '2.0.3' ],
17 silly audit   'is-negative-zero': [ '2.0.3' ],
17 silly audit   'is-number': [ '7.0.0' ],
17 silly audit   'is-number-object': [ '1.1.1' ],
17 silly audit   'is-regex': [ '1.2.1' ],
17 silly audit   'is-set': [ '2.0.3' ],
17 silly audit   'is-shared-array-buffer': [ '1.0.4' ],
17 silly audit   'is-string': [ '1.1.1' ],
17 silly audit   'is-symbol': [ '1.1.1' ],
17 silly audit   'is-typed-array': [ '1.1.15' ],
17 silly audit   'is-weakmap': [ '2.0.2' ],
17 silly audit   'is-weakref': [ '1.1.1' ],
17 silly audit   'is-weakset': [ '2.0.4' ],
17 silly audit   isarray: [ '2.0.5' ],
17 silly audit   isexe: [ '2.0.0' ],
17 silly audit   'iterator.prototype': [ '1.1.5' ],
17 silly audit   jiti: [ '2.7.0' ],
17 silly audit   jose: [ '6.2.3' ],
17 silly audit   'js-yaml': [ '4.3.0' ],
17 silly audit   jsesc: [ '3.1.0' ],
17 silly audit   'json-buffer': [ '3.0.1' ],
17 silly audit   'json-schema-traverse': [ '0.4.1' ],
17 silly audit   'json-stable-stringify-without-jsonify': [ '1.0.1' ],
17 silly audit   json5: [ '2.2.3', '1.0.2' ],
17 silly audit   jsonwebtoken: [ '9.0.3' ],
17 silly audit   'jsx-ast-utils': [ '3.3.5' ],
17 silly audit   jwa: [ '2.0.1' ],
17 silly audit   jws: [ '4.0.1' ],
17 silly audit   kareem: [ '2.6.3' ],
17 silly audit   keyv: [ '4.5.4' ],
17 silly audit   'language-subtag-registry': [ '0.3.23' ],
17 silly audit   'language-tags': [ '1.0.9' ],
17 silly audit   levn: [ '0.4.1' ],
17 silly audit   lightningcss: [ '1.32.0' ],
17 silly audit   'lightningcss-win32-x64-msvc': [ '1.30.2', '1.32.0' ],
17 silly audit   'lightningcss-android-arm64': [ '1.32.0' ],
17 silly audit   'lightningcss-darwin-arm64': [ '1.32.0' ],
17 silly audit   'lightningcss-darwin-x64': [ '1.32.0' ],
17 silly audit   'lightningcss-freebsd-x64': [ '1.32.0' ],
17 silly audit   'lightningcss-linux-arm-gnueabihf': [ '1.32.0' ],
17 silly audit   'lightningcss-linux-arm64-gnu': [ '1.32.0' ],
17 silly audit   'lightningcss-linux-arm64-musl': [ '1.32.0' ],
17 silly audit   'lightningcss-linux-x64-gnu': [ '1.32.0' ],
17 silly audit   'lightningcss-linux-x64-musl': [ '1.32.0' ],
17 silly audit   'lightningcss-win32-arm64-msvc': [ '1.32.0' ],
17 silly audit   'locate-path': [ '6.0.0' ],
17 silly audit   'lodash.includes': [ '4.3.0' ],
17 silly audit   'lodash.isboolean': [ '3.0.3' ],
17 silly audit   'lodash.isinteger': [ '4.0.4' ],
17 silly audit   'lodash.isnumber': [ '3.0.3' ],
17 silly audit   'lodash.isplainobject': [ '4.0.6' ],
17 silly audit   'lodash.isstring': [ '4.0.1' ],
17 silly audit   'lodash.merge': [ '4.6.2' ],
17 silly audit   'lodash.once': [ '4.1.1' ],
17 silly audit   'loose-envify': [ '1.4.0' ],
17 silly audit   'lucide-react': [ '0.468.0' ],
17 silly audit   'magic-string': [ '0.30.21' ],
17 silly audit   'math-intrinsics': [ '1.1.0' ],
17 silly audit   'media-typer': [ '0.3.0' ],
17 silly audit   'memory-pager': [ '1.5.0' ],
17 silly audit   merge2: [ '1.4.1' ],
17 silly audit   micromatch: [ '4.0.8' ],
17 silly audit   'mime-db': [ '1.52.0' ],
17 silly audit   'mime-types': [ '2.1.35' ],
17 silly audit   minimist: [ '1.2.8' ],
17 silly audit   mongodb: [ '6.20.0' ],
17 silly audit   'mongodb-connection-string-url': [ '3.0.2' ],
17 silly audit   mongoose: [ '8.24.1' ],
17 silly audit   'motion-dom': [ '12.42.2' ],
17 silly audit   'motion-utils': [ '12.39.0' ],
17 silly audit   mpath: [ '0.9.0' ],
17 silly audit   mquery: [ '5.0.0' ],
17 silly audit   ms: [ '2.1.3' ],
17 silly audit   multer: [ '2.2.0' ],
17 silly audit   nanoid: [ '3.3.16' ],
17 silly audit   'napi-postinstall': [ '0.3.4' ],
17 silly audit   'natural-compare': [ '1.4.0' ],
17 silly audit   next: [ '16.2.10' ],
17 silly audit   postcss: [ '8.4.31', '8.5.20' ],
17 silly audit   'node-exports-info': [ '1.6.2' ],
17 silly audit   'node-releases': [ '2.0.51' ],
17 silly audit   'object-assign': [ '4.1.1' ],
17 silly audit   'object-inspect': [ '1.13.4' ],
17 silly audit   'object-keys': [ '1.1.1' ],
17 silly audit   'object.assign': [ '4.1.7' ],
17 silly audit   'object.entries': [ '1.1.9' ],
17 silly audit   'object.fromentries': [ '2.0.8' ],
17 silly audit   'object.groupby': [ '1.0.3' ],
17 silly audit   'object.values': [ '1.2.1' ],
17 silly audit   obug: [ '2.1.4' ],
17 silly audit   optionator: [ '0.9.4' ],
17 silly audit   'own-keys': [ '1.0.1' ],
17 silly audit   'p-limit': [ '3.1.0' ],
17 silly audit   'p-locate': [ '5.0.0' ],
17 silly audit   'parent-module': [ '1.0.1' ],
17 silly audit   'path-exists': [ '4.0.0' ],
17 silly audit   'path-key': [ '3.1.1' ],
17 silly audit   'path-parse': [ '1.0.7' ],
17 silly audit   picocolors: [ '1.1.1' ],
17 silly audit   picomatch: [ '2.3.2', '4.0.5' ],
17 silly audit   'possible-typed-array-names': [ '1.1.0' ],
17 silly audit   'prelude-ls': [ '1.2.1' ],
17 silly audit   'prop-types': [ '15.8.1' ],
17 silly audit   'proxy-from-env': [ '2.1.0' ],
17 silly audit   punycode: [ '2.3.1' ],
17 silly audit   'queue-microtask': [ '1.2.3' ],
17 silly audit   react: [ '19.2.7' ],
17 silly audit   'react-dom': [ '19.2.7' ],
17 silly audit   'react-hook-form': [ '7.82.0' ],
17 silly audit   'react-hot-toast': [ '2.6.0' ],
17 silly audit   'react-is': [ '16.13.1' ],
17 silly audit   'readable-stream': [ '3.6.2' ],
17 silly audit   'reflect.getprototypeof': [ '1.0.10' ],
17 silly audit   'regexp.prototype.flags': [ '1.5.4' ],
17 silly audit   resolve: [ '2.0.0-next.7' ],
17 silly audit   'resolve-from': [ '4.0.0' ],
17 silly audit   'resolve-pkg-maps': [ '1.0.0' ],
17 silly audit   reusify: [ '1.1.0' ],
17 silly audit   'run-parallel': [ '1.2.0' ],
17 silly audit   'safe-array-concat': [ '1.1.4' ],
17 silly audit   'safe-buffer': [ '5.2.1' ],
17 silly audit   'safe-push-apply': [ '1.0.0' ],
17 silly audit   'safe-regex-test': [ '1.1.0' ],
17 silly audit   scheduler: [ '0.27.0' ],
17 silly audit   'set-function-length': [ '1.2.2' ],
17 silly audit   'set-function-name': [ '2.0.2' ],
17 silly audit   'set-proto': [ '1.0.0' ],
17 silly audit   sharp: [ '0.34.5' ],
17 silly audit   '@img/sharp-darwin-arm64': [ '0.34.5' ],
17 silly audit   '@img/sharp-darwin-x64': [ '0.34.5' ],
17 silly audit   '@img/sharp-libvips-darwin-arm64': [ '1.2.4' ],
17 silly audit   '@img/sharp-libvips-darwin-x64': [ '1.2.4' ],
17 silly audit   '@img/sharp-libvips-linux-arm': [ '1.2.4' ],
17 silly audit   '@img/sharp-libvips-linux-arm64': [ '1.2.4' ],
17 silly audit   '@img/sharp-libvips-linux-ppc64': [ '1.2.4' ],
17 silly audit   '@img/sharp-libvips-linux-riscv64': [ '1.2.4' ],
17 silly audit   '@img/sharp-libvips-linux-s390x': [ '1.2.4' ],
17 silly audit   '@img/sharp-libvips-linux-x64': [ '1.2.4' ],
17 silly audit   '@img/sharp-libvips-linuxmusl-arm64': [ '1.2.4' ],
17 silly audit   '@img/sharp-libvips-linuxmusl-x64': [ '1.2.4' ],
17 silly audit   '@img/sharp-linux-arm': [ '0.34.5' ],
17 silly audit   '@img/sharp-linux-arm64': [ '0.34.5' ],
17 silly audit   '@img/sharp-linux-ppc64': [ '0.34.5' ],
17 silly audit   '@img/sharp-linux-riscv64': [ '0.34.5' ],
17 silly audit   '@img/sharp-linux-s390x': [ '0.34.5' ],
17 silly audit   '@img/sharp-linux-x64': [ '0.34.5' ],
17 silly audit   '@img/sharp-linuxmusl-arm64': [ '0.34.5' ],
17 silly audit   '@img/sharp-linuxmusl-x64': [ '0.34.5' ],
17 silly audit   '@img/sharp-wasm32': [ '0.34.5' ],
17 silly audit   '@img/sharp-win32-arm64': [ '0.34.5' ],
17 silly audit   '@img/sharp-win32-ia32': [ '0.34.5' ],
17 silly audit   '@img/sharp-win32-x64': [ '0.34.5' ],
17 silly audit   'shebang-command': [ '2.0.0' ],
17 silly audit   'shebang-regex': [ '3.0.0' ],
17 silly audit   'side-channel': [ '1.1.1' ],
17 silly audit   'side-channel-list': [ '1.0.1' ],
17 silly audit   'side-channel-map': [ '1.0.1' ],
17 silly audit   'side-channel-weakmap': [ '1.0.2' ],
17 silly audit   sift: [ '17.1.3' ],
17 silly audit   'source-map-js': [ '1.2.1' ],
17 silly audit   'sparse-bitfield': [ '3.0.3' ],
17 silly audit   'stable-hash': [ '0.0.5' ],
17 silly audit   'stop-iteration-iterator': [ '1.1.0' ],
17 silly audit   streamsearch: [ '1.1.0' ],
17 silly audit   string_decoder: [ '1.3.0' ],
17 silly audit   'string.prototype.includes': [ '2.0.1' ],
17 silly audit   'string.prototype.matchall': [ '4.0.12' ],
17 silly audit   'string.prototype.repeat': [ '1.0.0' ],
17 silly audit   'string.prototype.trim': [ '1.2.11' ],
17 silly audit   'string.prototype.trimend': [ '1.0.10' ],
17 silly audit   'string.prototype.trimstart': [ '1.0.8' ],
17 silly audit   'strip-bom': [ '3.0.0' ],
17 silly audit   'strip-json-comments': [ '3.1.1' ],
17 silly audit   'styled-jsx': [ '5.1.6' ],
17 silly audit   'supports-color': [ '7.2.0' ],
17 silly audit   'supports-preserve-symlinks-flag': [ '1.0.0' ],
17 silly audit   tailwindcss: [ '4.3.3' ],
17 silly audit   tapable: [ '2.3.3' ],
17 silly audit   tinyglobby: [ '0.2.17' ],
17 silly audit   fdir: [ '6.5.0' ],
17 silly audit   'to-regex-range': [ '5.0.1' ],
17 silly audit   tr46: [ '5.1.1' ],
17 silly audit   'ts-api-utils': [ '2.5.0' ],
17 silly audit   'tsconfig-paths': [ '3.15.0' ],
17 silly audit   tslib: [ '2.8.1' ],
17 silly audit   'type-check': [ '0.4.0' ],
17 silly audit   'type-is': [ '1.6.18' ],
17 silly audit   'typed-array-buffer': [ '1.0.3' ],
17 silly audit   'typed-array-byte-length': [ '1.0.3' ],
17 silly audit   'typed-array-byte-offset': [ '1.0.4' ],
17 silly audit   'typed-array-length': [ '1.0.8' ],
17 silly audit   typedarray: [ '0.0.6' ],
17 silly audit   typescript: [ '6.0.3' ],
17 silly audit   'typescript-eslint': [ '8.65.0' ],
17 silly audit   '@typescript-eslint/eslint-plugin': [ '8.65.0' ],
17 silly audit   'unbox-primitive': [ '1.1.0' ],
17 silly audit   'unrs-resolver': [ '1.12.2' ],
17 silly audit   '@unrs/resolver-binding-android-arm-eabi': [ '1.12.2' ],
17 silly audit   '@unrs/resolver-binding-android-arm64': [ '1.12.2' ],
17 silly audit   '@unrs/resolver-binding-darwin-arm64': [ '1.12.2' ],
17 silly audit   '@unrs/resolver-binding-darwin-x64': [ '1.12.2' ],
17 silly audit   '@unrs/resolver-binding-freebsd-x64': [ '1.12.2' ],
17 silly audit   '@unrs/resolver-binding-linux-arm-gnueabihf': [ '1.12.2' ],
17 silly audit   '@unrs/resolver-binding-linux-arm-musleabihf': [ '1.12.2' ],
17 silly audit   '@unrs/resolver-binding-linux-arm64-gnu': [ '1.12.2' ],
17 silly audit   '@unrs/resolver-binding-linux-arm64-musl': [ '1.12.2' ],
17 silly audit   '@unrs/resolver-binding-linux-loong64-gnu': [ '1.12.2' ],
17 silly audit   '@unrs/resolver-binding-linux-loong64-musl': [ '1.12.2' ],
17 silly audit   '@unrs/resolver-binding-linux-ppc64-gnu': [ '1.12.2' ],
17 silly audit   '@unrs/resolver-binding-linux-riscv64-gnu': [ '1.12.2' ],
17 silly audit   '@unrs/resolver-binding-linux-riscv64-musl': [ '1.12.2' ],
17 silly audit   '@unrs/resolver-binding-linux-s390x-gnu': [ '1.12.2' ],
17 silly audit   '@unrs/resolver-binding-linux-x64-gnu': [ '1.12.2' ],
17 silly audit   '@unrs/resolver-binding-linux-x64-musl': [ '1.12.2' ],
17 silly audit   '@unrs/resolver-binding-openharmony-arm64': [ '1.12.2' ],
17 silly audit   '@unrs/resolver-binding-wasm32-wasi': [ '1.12.2' ],
17 silly audit   '@unrs/resolver-binding-win32-arm64-msvc': [ '1.12.2' ],
17 silly audit   '@unrs/resolver-binding-win32-ia32-msvc': [ '1.12.2' ],
17 silly audit   'update-browserslist-db': [ '1.2.3' ],
17 silly audit   'uri-js': [ '4.4.1' ],
17 silly audit   'util-deprecate': [ '1.0.2' ],
17 silly audit   'webidl-conversions': [ '7.0.0' ],
17 silly audit   'whatwg-url': [ '14.2.0' ],
17 silly audit   which: [ '2.0.2' ],
17 silly audit   'which-boxed-primitive': [ '1.1.1' ],
17 silly audit   'which-builtin-type': [ '1.2.1' ],
17 silly audit   'which-collection': [ '1.0.2' ],
17 silly audit   'which-typed-array': [ '1.1.22' ],
17 silly audit   'word-wrap': [ '1.2.5' ],
17 silly audit   yallist: [ '3.1.1' ],
17 silly audit   'yocto-queue': [ '0.1.0' ],
17 silly audit   zod: [ '4.4.3' ],
17 silly audit   'zod-validation-error': [ '4.0.2' ],
17 silly audit   '@tailwindcss/oxide-wasm32-wasi': [ '4.3.3' ]
17 silly audit }
18 http fetch POST 200 https://registry.npmjs.org/-/npm/v1/security/advisories/bulk 719ms
19 silly audit report {
19 silly audit report   postcss: [
19 silly audit report     {
19 silly audit report       id: 1117015,
19 silly audit report       url: 'https://github.com/advisories/GHSA-qx2v-qp2m-jg93',
19 silly audit report       title: 'PostCSS has XSS via Unescaped </style> in its CSS Stringify Output',
19 silly audit report       severity: 'moderate',
19 silly audit report       vulnerable_versions: '<8.5.10',
19 silly audit report       cwe: [Array],
19 silly audit report       cvss: [Object]
19 silly audit report     }
19 silly audit report   ]
19 silly audit report }
20 silly packumentCache corgi:https://registry.npmjs.org/postcss cache-miss
21 http fetch GET 200 https://registry.npmjs.org/postcss 50ms (cache revalidated)
22 silly packumentCache corgi:https://registry.npmjs.org/postcss set size:349702 disposed:false
23 silly packumentCache corgi:https://registry.npmjs.org/next cache-miss
24 http fetch GET 200 https://registry.npmjs.org/next 144ms (cache revalidated)
25 silly packumentCache corgi:https://registry.npmjs.org/next set size:25374844 disposed:false
26 verbose cwd C:\My_Projects\Cell_Xchange_Web
27 verbose os Windows_NT 10.0.26200
28 verbose node v22.21.1
29 verbose npm  v10.9.4
30 verbose exit 0
31 info ok
