0 verbose cli C:\nvm4w\nodejs\node.exe C:\nvm4w\nodejs\node_modules\npm\bin\npm-cli.js
1 info using npm@10.9.4
2 info using node@v22.21.1
3 silly config load:file:C:\Users\DELL\AppData\Local\nvm\v22.21.1\node_modules\npm\npmrc
4 silly config load:file:C:\My_Projects\Cell_Xchange_Web\.npmrc
5 silly config load:file:C:\Users\DELL\.npmrc
6 silly config load:file:C:\nvm4w\nodejs\etc\npmrc
7 verbose title npm install
8 verbose argv "install" "--cache" ".npm-cache"
9 verbose logfile logs-max:10 dir:C:\My_Projects\Cell_Xchange_Web\.npm-cache\_logs\2026-07-21T05_45_58_338Z-
10 verbose logfile C:\My_Projects\Cell_Xchange_Web\.npm-cache\_logs\2026-07-21T05_45_58_338Z-debug-0.log
11 silly logfile done cleaning log files
12 silly packumentCache heap:4345298944 maxSize:1086324736 maxEntrySize:543162368
13 silly idealTree buildDeps
14 silly fetch manifest postcss@^8.5.10
15 silly packumentCache full:https://registry.npmjs.org/postcss cache-miss
16 verbose shrinkwrap failed to load node_modules/.package-lock.json missing from node_modules: node_modules/@next/swc-darwin-arm64
17 http fetch GET 200 https://registry.npmjs.org/postcss 1656ms (cache revalidated)
18 silly packumentCache full:https://registry.npmjs.org/postcss set size:739941 disposed:false
19 silly placeDep ROOT postcss@8.5.20 KEEP for: next@16.2.10 want: ^8.5.10
20 silly reify mark retired [
20 silly reify   'C:\\My_Projects\\Cell_Xchange_Web\\node_modules\\next\\node_modules\\postcss'
20 silly reify ]
21 silly reify moves {
21 silly reify   'C:\\My_Projects\\Cell_Xchange_Web\\node_modules\\next\\node_modules\\postcss': 'C:\\My_Projects\\Cell_Xchange_Web\\node_modules\\next\\node_modules\\.postcss-25P3ay2W'
21 silly reify }
22 verbose reify failed optional dependency C:\My_Projects\Cell_Xchange_Web\node_modules\@tailwindcss\oxide\node_modules\@tailwindcss\oxide-wasm32-wasi
23 silly reify mark deleted [
23 silly reify   'C:\\My_Projects\\Cell_Xchange_Web\\node_modules\\@tailwindcss\\oxide\\node_modules\\@tailwindcss\\oxide-wasm32-wasi'
23 silly reify ]
24 verbose reify failed optional dependency C:\My_Projects\Cell_Xchange_Web\node_modules\@tailwindcss\oxide\node_modules\@tailwindcss\oxide-wasm32-wasi\node_modules\@emnapi\core
25 silly reify mark deleted [
25 silly reify   'C:\\My_Projects\\Cell_Xchange_Web\\node_modules\\@tailwindcss\\oxide\\node_modules\\@tailwindcss\\oxide-wasm32-wasi\\node_modules\\@emnapi\\core'
25 silly reify ]
26 verbose reify failed optional dependency C:\My_Projects\Cell_Xchange_Web\node_modules\@tailwindcss\oxide\node_modules\@tailwindcss\oxide-wasm32-wasi\node_modules\@emnapi\runtime
27 silly reify mark deleted [
27 silly reify   'C:\\My_Projects\\Cell_Xchange_Web\\node_modules\\@tailwindcss\\oxide\\node_modules\\@tailwindcss\\oxide-wasm32-wasi\\node_modules\\@emnapi\\runtime'
27 silly reify ]
28 verbose reify failed optional dependency C:\My_Projects\Cell_Xchange_Web\node_modules\@tailwindcss\oxide\node_modules\@tailwindcss\oxide-wasm32-wasi\node_modules\@emnapi\wasi-threads
29 silly reify mark deleted [
29 silly reify   'C:\\My_Projects\\Cell_Xchange_Web\\node_modules\\@tailwindcss\\oxide\\node_modules\\@tailwindcss\\oxide-wasm32-wasi\\node_modules\\@emnapi\\wasi-threads'
29 silly reify ]
30 verbose reify failed optional dependency C:\My_Projects\Cell_Xchange_Web\node_modules\@tailwindcss\oxide\node_modules\@tailwindcss\oxide-wasm32-wasi\node_modules\@napi-rs\wasm-runtime
31 silly reify mark deleted [
31 silly reify   'C:\\My_Projects\\Cell_Xchange_Web\\node_modules\\@tailwindcss\\oxide\\node_modules\\@tailwindcss\\oxide-wasm32-wasi\\node_modules\\@napi-rs\\wasm-runtime'
31 silly reify ]
32 verbose reify failed optional dependency C:\My_Projects\Cell_Xchange_Web\node_modules\@tailwindcss\oxide\node_modules\@tailwindcss\oxide-wasm32-wasi\node_modules\@tybys\wasm-util
33 silly reify mark deleted [
33 silly reify   'C:\\My_Projects\\Cell_Xchange_Web\\node_modules\\@tailwindcss\\oxide\\node_modules\\@tailwindcss\\oxide-wasm32-wasi\\node_modules\\@tybys\\wasm-util'
33 silly reify ]
34 verbose reify failed optional dependency C:\My_Projects\Cell_Xchange_Web\node_modules\@tailwindcss\oxide\node_modules\@tailwindcss\oxide-wasm32-wasi\node_modules\tslib
35 silly reify mark deleted [
35 silly reify   'C:\\My_Projects\\Cell_Xchange_Web\\node_modules\\@tailwindcss\\oxide\\node_modules\\@tailwindcss\\oxide-wasm32-wasi\\node_modules\\tslib'
35 silly reify ]
36 silly audit bulk request {
36 silly audit   '@alloc/quick-lru': [ '5.2.0' ],
36 silly audit   '@babel/code-frame': [ '8.0.0', '7.29.7' ],
36 silly audit   '@babel/helper-validator-identifier': [ '8.0.4', '7.29.7' ],
36 silly audit   'js-tokens': [ '10.0.0', '4.0.0' ],
36 silly audit   '@babel/compat-data': [ '8.0.0', '7.29.7' ],
36 silly audit   '@babel/core': [ '8.0.1', '7.29.7' ],
36 silly audit   '@babel/parser': [ '8.0.4', '7.29.7' ],
36 silly audit   semver: [ '7.8.5', '6.3.1' ],
36 silly audit   '@babel/generator': [ '8.0.0', '7.29.7' ],
36 silly audit   '@babel/helper-compilation-targets': [ '8.0.0', '7.29.7' ],
36 silly audit   '@babel/helper-globals': [ '8.0.0', '7.29.7' ],
36 silly audit   '@babel/helper-module-imports': [ '7.29.7' ],
36 silly audit   '@babel/template': [ '7.29.7', '8.0.0' ],
36 silly audit   '@babel/traverse': [ '7.29.7', '8.0.4' ],
36 silly audit   '@babel/types': [ '7.29.7', '8.0.4' ],
36 silly audit   '@babel/helper-string-parser': [ '7.29.7', '8.0.0' ],
36 silly audit   '@babel/helper-validator-option': [ '8.0.0', '7.29.7' ],
36 silly audit   '@babel/helpers': [ '8.0.0', '7.29.7' ],
36 silly audit   '@emnapi/core': [ '1.10.0', '1.11.1' ],
36 silly audit   '@emnapi/runtime': [ '1.11.2', '1.11.1', '1.10.0' ],
36 silly audit   '@emnapi/wasi-threads': [ '1.2.1', '1.2.2' ],
36 silly audit   '@eslint-community/eslint-utils': [ '4.9.1' ],
36 silly audit   'eslint-visitor-keys': [ '3.4.3', '5.0.1', '4.2.1' ],
36 silly audit   '@eslint-community/regexpp': [ '4.12.2' ],
36 silly audit   '@eslint/config-array': [ '0.21.2' ],
36 silly audit   '@eslint/config-helpers': [ '0.4.2' ],
36 silly audit   '@eslint/core': [ '0.17.0' ],
36 silly audit   '@eslint/eslintrc': [ '3.3.6' ],
36 silly audit   '@eslint/js': [ '9.39.5' ],
36 silly audit   '@eslint/object-schema': [ '2.1.7' ],
36 silly audit   '@eslint/plugin-kit': [ '0.4.1' ],
36 silly audit   '@hookform/resolvers': [ '5.4.0' ],
36 silly audit   '@humanfs/core': [ '0.19.2' ],
36 silly audit   '@humanfs/node': [ '0.16.8' ],
36 silly audit   '@humanfs/types': [ '0.15.0' ],
36 silly audit   '@humanwhocodes/module-importer': [ '1.0.1' ],
36 silly audit   '@humanwhocodes/retry': [ '0.4.3' ],
36 silly audit   '@img/colour': [ '1.1.0' ],
36 silly audit   '@jridgewell/gen-mapping': [ '0.3.13' ],
36 silly audit   '@jridgewell/remapping': [ '2.3.5' ],
36 silly audit   '@jridgewell/resolve-uri': [ '3.1.2' ],
36 silly audit   '@jridgewell/sourcemap-codec': [ '1.5.5' ],
36 silly audit   '@jridgewell/trace-mapping': [ '0.3.31' ],
36 silly audit   '@mongodb-js/saslprep': [ '1.4.12' ],
36 silly audit   '@napi-rs/wasm-runtime': [ '1.1.6', '1.1.4' ],
36 silly audit   '@next/env': [ '16.2.10' ],
36 silly audit   '@next/eslint-plugin-next': [ '16.2.10' ],
36 silly audit   '@next/swc-darwin-arm64': [ '16.2.10' ],
36 silly audit   '@next/swc-darwin-x64': [ '16.2.10' ],
36 silly audit   '@next/swc-linux-arm64-gnu': [ '16.2.10' ],
36 silly audit   '@next/swc-linux-arm64-musl': [ '16.2.10' ],
36 silly audit   '@next/swc-linux-x64-gnu': [ '16.2.10' ],
36 silly audit   '@next/swc-linux-x64-musl': [ '16.2.10' ],
36 silly audit   '@next/swc-win32-arm64-msvc': [ '16.2.10' ],
36 silly audit   '@next/swc-win32-x64-msvc': [ '16.2.10' ],
36 silly audit   '@nodelib/fs.scandir': [ '2.1.5' ],
36 silly audit   '@nodelib/fs.stat': [ '2.0.5' ],
36 silly audit   '@nodelib/fs.walk': [ '1.2.8' ],
36 silly audit   '@nolyfill/is-core-module': [ '1.0.39' ],
36 silly audit   '@rtsao/scc': [ '1.1.0' ],
36 silly audit   '@standard-schema/utils': [ '0.3.0' ],
36 silly audit   '@swc/helpers': [ '0.5.15' ],
36 silly audit   '@tailwindcss/node': [ '4.3.3' ],
36 silly audit   '@tailwindcss/oxide': [ '4.3.3' ],
36 silly audit   '@tailwindcss/oxide-win32-x64-msvc': [ '4.3.3' ],
36 silly audit   '@tailwindcss/oxide-android-arm64': [ '4.3.3' ],
36 silly audit   '@tailwindcss/oxide-darwin-arm64': [ '4.3.3' ],
36 silly audit   '@tailwindcss/oxide-darwin-x64': [ '4.3.3' ],
36 silly audit   '@tailwindcss/oxide-freebsd-x64': [ '4.3.3' ],
36 silly audit   '@tailwindcss/oxide-linux-arm-gnueabihf': [ '4.3.3' ],
36 silly audit   '@tailwindcss/oxide-linux-arm64-gnu': [ '4.3.3' ],
36 silly audit   '@tailwindcss/oxide-linux-arm64-musl': [ '4.3.3' ],
36 silly audit   '@tailwindcss/oxide-linux-x64-gnu': [ '4.3.3' ],
36 silly audit   '@tailwindcss/oxide-linux-x64-musl': [ '4.3.3' ],
36 silly audit   '@tybys/wasm-util': [ '0.10.2', '0.10.3' ],
36 silly audit   tslib: [ '2.8.1' ],
36 silly audit   '@tailwindcss/oxide-win32-arm64-msvc': [ '4.3.3' ],
36 silly audit   '@tailwindcss/postcss': [ '4.3.3' ],
36 silly audit   '@types/estree': [ '1.0.9' ],
36 silly audit   '@types/gensync': [ '1.0.5' ],
36 silly audit   '@types/jsesc': [ '2.5.1' ],
36 silly audit   '@types/json-schema': [ '7.0.15' ],
36 silly audit   '@types/json5': [ '0.0.29' ],
36 silly audit   '@types/webidl-conversions': [ '7.0.3' ],
36 silly audit   '@types/whatwg-url': [ '11.0.5' ],
36 silly audit   '@typescript-eslint/parser': [ '8.65.0' ],
36 silly audit   '@typescript-eslint/scope-manager': [ '8.65.0' ],
36 silly audit   '@typescript-eslint/project-service': [ '8.65.0' ],
36 silly audit   '@typescript-eslint/tsconfig-utils': [ '8.65.0' ],
36 silly audit   '@typescript-eslint/type-utils': [ '8.65.0' ],
36 silly audit   '@typescript-eslint/types': [ '8.65.0' ],
36 silly audit   '@typescript-eslint/typescript-estree': [ '8.65.0' ],
36 silly audit   'balanced-match': [ '4.0.4', '1.0.2' ],
36 silly audit   'brace-expansion': [ '5.0.7', '1.1.16' ],
36 silly audit   minimatch: [ '10.2.5', '3.1.5' ],
36 silly audit   '@typescript-eslint/utils': [ '8.65.0' ],
36 silly audit   '@typescript-eslint/visitor-keys': [ '8.65.0' ],
36 silly audit   '@unrs/resolver-binding-win32-x64-msvc': [ '1.12.2' ],
36 silly audit   acorn: [ '8.17.0' ],
36 silly audit   'acorn-jsx': [ '5.3.2' ],
36 silly audit   'agent-base': [ '6.0.2' ],
36 silly audit   ajv: [ '6.15.0' ],
36 silly audit   'ansi-styles': [ '4.3.0' ],
36 silly audit   'append-field': [ '1.0.0' ],
36 silly audit   argparse: [ '2.0.1' ],
36 silly audit   'array-buffer-byte-length': [ '1.0.2' ],
36 silly audit   'array-includes': [ '3.1.9' ],
36 silly audit   'array.prototype.findlast': [ '1.2.5' ],
36 silly audit   'array.prototype.findlastindex': [ '1.2.6' ],
36 silly audit   'array.prototype.flat': [ '1.3.3' ],
36 silly audit   'array.prototype.flatmap': [ '1.3.3' ],
36 silly audit   'array.prototype.tosorted': [ '1.1.4' ],
36 silly audit   'arraybuffer.prototype.slice': [ '1.0.4' ],
36 silly audit   'ast-types-flow': [ '0.0.8' ],
36 silly audit   'async-function': [ '1.0.0' ],
36 silly audit   asynckit: [ '0.4.0' ],
36 silly audit   'available-typed-arrays': [ '1.0.7' ],
36 silly audit   'axe-core': [ '4.12.1' ],
36 silly audit   axios: [ '1.18.1' ],
36 silly audit   'baseline-browser-mapping': [ '2.10.44' ],
36 silly audit   bcryptjs: [ '3.0.3' ],
36 silly audit   braces: [ '3.0.3' ],
36 silly audit   browserslist: [ '4.28.6' ],
36 silly audit   bson: [ '6.10.4' ],
36 silly audit   'buffer-equal-constant-time': [ '1.0.1' ],
36 silly audit   'buffer-from': [ '1.1.2' ],
36 silly audit   busboy: [ '1.6.0' ],
36 silly audit   'call-bind': [ '1.0.9' ],
36 silly audit   'call-bind-apply-helpers': [ '1.0.2' ],
36 silly audit   'call-bound': [ '1.0.4' ],
36 silly audit   callsites: [ '3.1.0' ],
36 silly audit   'caniuse-lite': [ '1.0.30001806' ],
36 silly audit   chalk: [ '4.1.2' ],
36 silly audit   'client-only': [ '0.0.1' ],
36 silly audit   cloudinary: [ '2.10.0' ],
36 silly audit   lodash: [ '4.18.1' ],
36 silly audit   'color-convert': [ '2.0.1' ],
36 silly audit   'color-name': [ '1.1.4' ],
36 silly audit   'combined-stream': [ '1.0.8' ],
36 silly audit   'concat-map': [ '0.0.1' ],
36 silly audit   'concat-stream': [ '2.0.0' ],
36 silly audit   'convert-source-map': [ '2.0.0' ],
36 silly audit   'cross-spawn': [ '7.0.6' ],
36 silly audit   csstype: [ '3.2.3' ],
36 silly audit   'damerau-levenshtein': [ '1.0.8' ],
36 silly audit   'data-view-buffer': [ '1.0.2' ],
36 silly audit   'data-view-byte-length': [ '1.0.2' ],
36 silly audit   'data-view-byte-offset': [ '1.0.1' ],
36 silly audit   debug: [ '4.4.3', '3.2.7' ],
36 silly audit   'deep-is': [ '0.1.4' ],
36 silly audit   'define-data-property': [ '1.1.4' ],
36 silly audit   'define-properties': [ '1.2.1' ],
36 silly audit   'delayed-stream': [ '1.0.0' ],
36 silly audit   'detect-libc': [ '2.1.2' ],
36 silly audit   doctrine: [ '2.1.0' ],
36 silly audit   'dunder-proto': [ '1.0.1' ],
36 silly audit   'ecdsa-sig-formatter': [ '1.0.11' ],
36 silly audit   'electron-to-chromium': [ '1.5.394' ],
36 silly audit   'emoji-regex': [ '9.2.2' ],
36 silly audit   empathic: [ '2.0.1' ],
36 silly audit   'enhanced-resolve': [ '5.24.3' ],
36 silly audit   'es-abstract': [ '1.24.2' ],
36 silly audit   'es-abstract-get': [ '1.0.0' ],
36 silly audit   'es-define-property': [ '1.0.1' ],
36 silly audit   'es-errors': [ '1.3.0' ],
36 silly audit   'es-object-atoms': [ '1.1.2' ],
36 silly audit   'es-set-tostringtag': [ '2.1.0' ],
36 silly audit   'es-shim-unscopables': [ '1.1.0' ],
36 silly audit   'es-to-primitive': [ '1.3.4' ],
36 silly audit   escalade: [ '3.2.0' ],
36 silly audit   'escape-string-regexp': [ '4.0.0' ],
36 silly audit   eslint: [ '9.39.5' ],
36 silly audit   'eslint-config-next': [ '16.2.10' ],
36 silly audit   'aria-query': [ '5.3.2' ],
36 silly audit   'axobject-query': [ '4.1.0' ],
36 silly audit   'es-iterator-helpers': [ '1.4.0' ],
36 silly audit   'eslint-plugin-jsx-a11y': [ '6.10.2' ],
36 silly audit   'eslint-plugin-react': [ '7.37.5' ],
36 silly audit   globals: [ '16.4.0', '14.0.0' ],
36 silly audit   'eslint-import-resolver-node': [ '0.3.10' ],
36 silly audit   'eslint-import-resolver-typescript': [ '3.10.1' ],
36 silly audit   'eslint-module-utils': [ '2.14.0' ],
36 silly audit   'eslint-plugin-import': [ '2.32.0' ],
36 silly audit   'eslint-plugin-react-hooks': [ '7.1.1' ],
36 silly audit   '@babel/helper-module-transforms': [ '7.29.7' ],
36 silly audit   'lru-cache': [ '5.1.1', '11.5.2' ],
36 silly audit   'eslint-scope': [ '8.4.0' ],
36 silly audit   espree: [ '10.4.0' ],
36 silly audit   esquery: [ '1.7.0' ],
36 silly audit   esrecurse: [ '4.3.0' ],
36 silly audit   estraverse: [ '5.3.0' ],
36 silly audit   esutils: [ '2.0.3' ],
36 silly audit   'fast-deep-equal': [ '3.1.3' ],
36 silly audit   'fast-glob': [ '3.3.1' ],
36 silly audit   'glob-parent': [ '5.1.2', '6.0.2' ],
36 silly audit   'fast-json-stable-stringify': [ '2.1.0' ],
36 silly audit   'fast-levenshtein': [ '2.0.6' ],
36 silly audit   fastq: [ '1.20.1' ],
36 silly audit   'file-entry-cache': [ '8.0.0' ],
36 silly audit   'fill-range': [ '7.1.1' ],
36 silly audit   'find-up': [ '5.0.0' ],
36 silly audit   'flat-cache': [ '4.0.1' ],
36 silly audit   flatted: [ '3.4.2' ],
36 silly audit   'follow-redirects': [ '1.16.0' ],
36 silly audit   'for-each': [ '0.3.5' ],
36 silly audit   'form-data': [ '4.0.6' ],
36 silly audit   'framer-motion': [ '12.42.2' ],
36 silly audit   'function-bind': [ '1.1.2' ],
36 silly audit   'function.prototype.name': [ '1.2.0' ],
36 silly audit   'functions-have-names': [ '1.2.3' ],
36 silly audit   'generator-function': [ '2.0.1' ],
36 silly audit   gensync: [ '1.0.0-beta.2' ],
36 silly audit   'get-intrinsic': [ '1.3.0' ],
36 silly audit   'get-proto': [ '1.0.1' ],
36 silly audit   'get-symbol-description': [ '1.1.0' ],
36 silly audit   'get-tsconfig': [ '4.14.0' ],
36 silly audit   globalthis: [ '1.0.4' ],
36 silly audit   goober: [ '2.1.19' ],
36 silly audit   gopd: [ '1.2.0' ],
36 silly audit   'graceful-fs': [ '4.2.11' ],
36 silly audit   'has-bigints': [ '1.1.0' ],
36 silly audit   'has-flag': [ '4.0.0' ],
36 silly audit   'has-property-descriptors': [ '1.0.2' ],
36 silly audit   'has-proto': [ '1.2.0' ],
36 silly audit   'has-symbols': [ '1.1.0' ],
36 silly audit   'has-tostringtag': [ '1.0.2' ],
36 silly audit   hasown: [ '2.0.4' ],
36 silly audit   'hermes-estree': [ '0.25.1' ],
36 silly audit   'hermes-parser': [ '0.25.1' ],
36 silly audit   'https-proxy-agent': [ '5.0.1' ],
36 silly audit   ignore: [ '5.3.2', '7.0.6' ],
36 silly audit   'import-fresh': [ '3.3.1' ],
36 silly audit   'import-meta-resolve': [ '4.2.0' ],
36 silly audit   imurmurhash: [ '0.1.4' ],
36 silly audit   inherits: [ '2.0.4' ],
36 silly audit   'internal-slot': [ '1.1.0' ],
36 silly audit   'is-array-buffer': [ '3.0.5' ],
36 silly audit   'is-async-function': [ '2.1.1' ],
36 silly audit   'is-bigint': [ '1.1.0' ],
36 silly audit   'is-boolean-object': [ '1.2.2' ],
36 silly audit   'is-bun-module': [ '2.0.0' ],
36 silly audit   'is-callable': [ '1.2.7' ],
36 silly audit   'is-core-module': [ '2.16.2' ],
36 silly audit   'is-data-view': [ '1.0.2' ],
36 silly audit   'is-date-object': [ '1.1.0' ],
36 silly audit   'is-document.all': [ '1.0.0' ],
36 silly audit   'is-extglob': [ '2.1.1' ],
36 silly audit   'is-finalizationregistry': [ '1.1.1' ],
36 silly audit   'is-generator-function': [ '1.1.2' ],
36 silly audit   'is-glob': [ '4.0.3' ],
36 silly audit   'is-map': [ '2.0.3' ],
36 silly audit   'is-negative-zero': [ '2.0.3' ],
36 silly audit   'is-number': [ '7.0.0' ],
36 silly audit   'is-number-object': [ '1.1.1' ],
36 silly audit   'is-regex': [ '1.2.1' ],
36 silly audit   'is-set': [ '2.0.3' ],
36 silly audit   'is-shared-array-buffer': [ '1.0.4' ],
36 silly audit   'is-string': [ '1.1.1' ],
36 silly audit   'is-symbol': [ '1.1.1' ],
36 silly audit   'is-typed-array': [ '1.1.15' ],
36 silly audit   'is-weakmap': [ '2.0.2' ],
36 silly audit   'is-weakref': [ '1.1.1' ],
36 silly audit   'is-weakset': [ '2.0.4' ],
36 silly audit   isarray: [ '2.0.5' ],
36 silly audit   isexe: [ '2.0.0' ],
36 silly audit   'iterator.prototype': [ '1.1.5' ],
36 silly audit   jiti: [ '2.7.0' ],
36 silly audit   jose: [ '6.2.3' ],
36 silly audit   'js-yaml': [ '4.3.0' ],
36 silly audit   jsesc: [ '3.1.0' ],
36 silly audit   'json-buffer': [ '3.0.1' ],
36 silly audit   'json-schema-traverse': [ '0.4.1' ],
36 silly audit   'json-stable-stringify-without-jsonify': [ '1.0.1' ],
36 silly audit   json5: [ '2.2.3', '1.0.2' ],
36 silly audit   jsonwebtoken: [ '9.0.3' ],
36 silly audit   'jsx-ast-utils': [ '3.3.5' ],
36 silly audit   jwa: [ '2.0.1' ],
36 silly audit   jws: [ '4.0.1' ],
36 silly audit   kareem: [ '2.6.3' ],
36 silly audit   keyv: [ '4.5.4' ],
36 silly audit   'language-subtag-registry': [ '0.3.23' ],
36 silly audit   'language-tags': [ '1.0.9' ],
36 silly audit   levn: [ '0.4.1' ],
36 silly audit   lightningcss: [ '1.32.0' ],
36 silly audit   'lightningcss-win32-x64-msvc': [ '1.30.2', '1.32.0' ],
36 silly audit   'lightningcss-android-arm64': [ '1.32.0' ],
36 silly audit   'lightningcss-darwin-arm64': [ '1.32.0' ],
36 silly audit   'lightningcss-darwin-x64': [ '1.32.0' ],
36 silly audit   'lightningcss-freebsd-x64': [ '1.32.0' ],
36 silly audit   'lightningcss-linux-arm-gnueabihf': [ '1.32.0' ],
36 silly audit   'lightningcss-linux-arm64-gnu': [ '1.32.0' ],
36 silly audit   'lightningcss-linux-arm64-musl': [ '1.32.0' ],
36 silly audit   'lightningcss-linux-x64-gnu': [ '1.32.0' ],
36 silly audit   'lightningcss-linux-x64-musl': [ '1.32.0' ],
36 silly audit   'lightningcss-win32-arm64-msvc': [ '1.32.0' ],
36 silly audit   'locate-path': [ '6.0.0' ],
36 silly audit   'lodash.includes': [ '4.3.0' ],
36 silly audit   'lodash.isboolean': [ '3.0.3' ],
36 silly audit   'lodash.isinteger': [ '4.0.4' ],
36 silly audit   'lodash.isnumber': [ '3.0.3' ],
36 silly audit   'lodash.isplainobject': [ '4.0.6' ],
36 silly audit   'lodash.isstring': [ '4.0.1' ],
36 silly audit   'lodash.merge': [ '4.6.2' ],
36 silly audit   'lodash.once': [ '4.1.1' ],
36 silly audit   'loose-envify': [ '1.4.0' ],
36 silly audit   'lucide-react': [ '0.468.0' ],
36 silly audit   'magic-string': [ '0.30.21' ],
36 silly audit   'math-intrinsics': [ '1.1.0' ],
36 silly audit   'media-typer': [ '0.3.0' ],
36 silly audit   'memory-pager': [ '1.5.0' ],
36 silly audit   merge2: [ '1.4.1' ],
36 silly audit   micromatch: [ '4.0.8' ],
36 silly audit   'mime-db': [ '1.52.0' ],
36 silly audit   'mime-types': [ '2.1.35' ],
36 silly audit   minimist: [ '1.2.8' ],
36 silly audit   mongodb: [ '6.20.0' ],
36 silly audit   'mongodb-connection-string-url': [ '3.0.2' ],
36 silly audit   mongoose: [ '8.24.1' ],
36 silly audit   'motion-dom': [ '12.42.2' ],
36 silly audit   'motion-utils': [ '12.39.0' ],
36 silly audit   mpath: [ '0.9.0' ],
36 silly audit   mquery: [ '5.0.0' ],
36 silly audit   ms: [ '2.1.3' ],
36 silly audit   multer: [ '2.2.0' ],
36 silly audit   nanoid: [ '3.3.16' ],
36 silly audit   'napi-postinstall': [ '0.3.4' ],
36 silly audit   'natural-compare': [ '1.4.0' ],
36 silly audit   next: [ '16.2.10' ],
36 silly audit   postcss: [ '8.5.20' ],
36 silly audit   'node-exports-info': [ '1.6.2' ],
36 silly audit   'node-releases': [ '2.0.51' ],
36 silly audit   'object-assign': [ '4.1.1' ],
36 silly audit   'object-inspect': [ '1.13.4' ],
36 silly audit   'object-keys': [ '1.1.1' ],
36 silly audit   'object.assign': [ '4.1.7' ],
36 silly audit   'object.entries': [ '1.1.9' ],
36 silly audit   'object.fromentries': [ '2.0.8' ],
36 silly audit   'object.groupby': [ '1.0.3' ],
36 silly audit   'object.values': [ '1.2.1' ],
36 silly audit   obug: [ '2.1.4' ],
36 silly audit   optionator: [ '0.9.4' ],
36 silly audit   'own-keys': [ '1.0.1' ],
36 silly audit   'p-limit': [ '3.1.0' ],
36 silly audit   'p-locate': [ '5.0.0' ],
36 silly audit   'parent-module': [ '1.0.1' ],
36 silly audit   'path-exists': [ '4.0.0' ],
36 silly audit   'path-key': [ '3.1.1' ],
36 silly audit   'path-parse': [ '1.0.7' ],
36 silly audit   picocolors: [ '1.1.1' ],
36 silly audit   picomatch: [ '2.3.2', '4.0.5' ],
36 silly audit   'possible-typed-array-names': [ '1.1.0' ],
36 silly audit   'prelude-ls': [ '1.2.1' ],
36 silly audit   'prop-types': [ '15.8.1' ],
36 silly audit   'proxy-from-env': [ '2.1.0' ],
36 silly audit   punycode: [ '2.3.1' ],
36 silly audit   'queue-microtask': [ '1.2.3' ],
36 silly audit   react: [ '19.2.7' ],
36 silly audit   'react-dom': [ '19.2.7' ],
36 silly audit   'react-hook-form': [ '7.82.0' ],
36 silly audit   'react-hot-toast': [ '2.6.0' ],
36 silly audit   'react-is': [ '16.13.1' ],
36 silly audit   'readable-stream': [ '3.6.2' ],
36 silly audit   'reflect.getprototypeof': [ '1.0.10' ],
36 silly audit   'regexp.prototype.flags': [ '1.5.4' ],
36 silly audit   resolve: [ '2.0.0-next.7' ],
36 silly audit   'resolve-from': [ '4.0.0' ],
36 silly audit   'resolve-pkg-maps': [ '1.0.0' ],
36 silly audit   reusify: [ '1.1.0' ],
36 silly audit   'run-parallel': [ '1.2.0' ],
36 silly audit   'safe-array-concat': [ '1.1.4' ],
36 silly audit   'safe-buffer': [ '5.2.1' ],
36 silly audit   'safe-push-apply': [ '1.0.0' ],
36 silly audit   'safe-regex-test': [ '1.1.0' ],
36 silly audit   scheduler: [ '0.27.0' ],
36 silly audit   'set-function-length': [ '1.2.2' ],
36 silly audit   'set-function-name': [ '2.0.2' ],
36 silly audit   'set-proto': [ '1.0.0' ],
36 silly audit   sharp: [ '0.34.5' ],
36 silly audit   '@img/sharp-darwin-arm64': [ '0.34.5' ],
36 silly audit   '@img/sharp-darwin-x64': [ '0.34.5' ],
36 silly audit   '@img/sharp-libvips-darwin-arm64': [ '1.2.4' ],
36 silly audit   '@img/sharp-libvips-darwin-x64': [ '1.2.4' ],
36 silly audit   '@img/sharp-libvips-linux-arm': [ '1.2.4' ],
36 silly audit   '@img/sharp-libvips-linux-arm64': [ '1.2.4' ],
36 silly audit   '@img/sharp-libvips-linux-ppc64': [ '1.2.4' ],
36 silly audit   '@img/sharp-libvips-linux-riscv64': [ '1.2.4' ],
36 silly audit   '@img/sharp-libvips-linux-s390x': [ '1.2.4' ],
36 silly audit   '@img/sharp-libvips-linux-x64': [ '1.2.4' ],
36 silly audit   '@img/sharp-libvips-linuxmusl-arm64': [ '1.2.4' ],
36 silly audit   '@img/sharp-libvips-linuxmusl-x64': [ '1.2.4' ],
36 silly audit   '@img/sharp-linux-arm': [ '0.34.5' ],
36 silly audit   '@img/sharp-linux-arm64': [ '0.34.5' ],
36 silly audit   '@img/sharp-linux-ppc64': [ '0.34.5' ],
36 silly audit   '@img/sharp-linux-riscv64': [ '0.34.5' ],
36 silly audit   '@img/sharp-linux-s390x': [ '0.34.5' ],
36 silly audit   '@img/sharp-linux-x64': [ '0.34.5' ],
36 silly audit   '@img/sharp-linuxmusl-arm64': [ '0.34.5' ],
36 silly audit   '@img/sharp-linuxmusl-x64': [ '0.34.5' ],
36 silly audit   '@img/sharp-wasm32': [ '0.34.5' ],
36 silly audit   '@img/sharp-win32-arm64': [ '0.34.5' ],
36 silly audit   '@img/sharp-win32-ia32': [ '0.34.5' ],
36 silly audit   '@img/sharp-win32-x64': [ '0.34.5' ],
36 silly audit   'shebang-command': [ '2.0.0' ],
36 silly audit   'shebang-regex': [ '3.0.0' ],
36 silly audit   'side-channel': [ '1.1.1' ],
36 silly audit   'side-channel-list': [ '1.0.1' ],
36 silly audit   'side-channel-map': [ '1.0.1' ],
36 silly audit   'side-channel-weakmap': [ '1.0.2' ],
36 silly audit   sift: [ '17.1.3' ],
36 silly audit   'source-map-js': [ '1.2.1' ],
36 silly audit   'sparse-bitfield': [ '3.0.3' ],
36 silly audit   'stable-hash': [ '0.0.5' ],
36 silly audit   'stop-iteration-iterator': [ '1.1.0' ],
36 silly audit   streamsearch: [ '1.1.0' ],
36 silly audit   string_decoder: [ '1.3.0' ],
36 silly audit   'string.prototype.includes': [ '2.0.1' ],
36 silly audit   'string.prototype.matchall': [ '4.0.12' ],
36 silly audit   'string.prototype.repeat': [ '1.0.0' ],
36 silly audit   'string.prototype.trim': [ '1.2.11' ],
36 silly audit   'string.prototype.trimend': [ '1.0.10' ],
36 silly audit   'string.prototype.trimstart': [ '1.0.8' ],
36 silly audit   'strip-bom': [ '3.0.0' ],
36 silly audit   'strip-json-comments': [ '3.1.1' ],
36 silly audit   'styled-jsx': [ '5.1.6' ],
36 silly audit   'supports-color': [ '7.2.0' ],
36 silly audit   'supports-preserve-symlinks-flag': [ '1.0.0' ],
36 silly audit   tailwindcss: [ '4.3.3' ],
36 silly audit   tapable: [ '2.3.3' ],
36 silly audit   tinyglobby: [ '0.2.17' ],
36 silly audit   fdir: [ '6.5.0' ],
36 silly audit   'to-regex-range': [ '5.0.1' ],
36 silly audit   tr46: [ '5.1.1' ],
36 silly audit   'ts-api-utils': [ '2.5.0' ],
36 silly audit   'tsconfig-paths': [ '3.15.0' ],
36 silly audit   'type-check': [ '0.4.0' ],
36 silly audit   'type-is': [ '1.6.18' ],
36 silly audit   'typed-array-buffer': [ '1.0.3' ],
36 silly audit   'typed-array-byte-length': [ '1.0.3' ],
36 silly audit   'typed-array-byte-offset': [ '1.0.4' ],
36 silly audit   'typed-array-length': [ '1.0.8' ],
36 silly audit   typedarray: [ '0.0.6' ],
36 silly audit   typescript: [ '6.0.3' ],
36 silly audit   'typescript-eslint': [ '8.65.0' ],
36 silly audit   '@typescript-eslint/eslint-plugin': [ '8.65.0' ],
36 silly audit   'unbox-primitive': [ '1.1.0' ],
36 silly audit   'unrs-resolver': [ '1.12.2' ],
36 silly audit   '@unrs/resolver-binding-android-arm-eabi': [ '1.12.2' ],
36 silly audit   '@unrs/resolver-binding-android-arm64': [ '1.12.2' ],
36 silly audit   '@unrs/resolver-binding-darwin-arm64': [ '1.12.2' ],
36 silly audit   '@unrs/resolver-binding-darwin-x64': [ '1.12.2' ],
36 silly audit   '@unrs/resolver-binding-freebsd-x64': [ '1.12.2' ],
36 silly audit   '@unrs/resolver-binding-linux-arm-gnueabihf': [ '1.12.2' ],
36 silly audit   '@unrs/resolver-binding-linux-arm-musleabihf': [ '1.12.2' ],
36 silly audit   '@unrs/resolver-binding-linux-arm64-gnu': [ '1.12.2' ],
36 silly audit   '@unrs/resolver-binding-linux-arm64-musl': [ '1.12.2' ],
36 silly audit   '@unrs/resolver-binding-linux-loong64-gnu': [ '1.12.2' ],
36 silly audit   '@unrs/resolver-binding-linux-loong64-musl': [ '1.12.2' ],
36 silly audit   '@unrs/resolver-binding-linux-ppc64-gnu': [ '1.12.2' ],
36 silly audit   '@unrs/resolver-binding-linux-riscv64-gnu': [ '1.12.2' ],
36 silly audit   '@unrs/resolver-binding-linux-riscv64-musl': [ '1.12.2' ],
36 silly audit   '@unrs/resolver-binding-linux-s390x-gnu': [ '1.12.2' ],
36 silly audit   '@unrs/resolver-binding-linux-x64-gnu': [ '1.12.2' ],
36 silly audit   '@unrs/resolver-binding-linux-x64-musl': [ '1.12.2' ],
36 silly audit   '@unrs/resolver-binding-openharmony-arm64': [ '1.12.2' ],
36 silly audit   '@unrs/resolver-binding-wasm32-wasi': [ '1.12.2' ],
36 silly audit   '@unrs/resolver-binding-win32-arm64-msvc': [ '1.12.2' ],
36 silly audit   '@unrs/resolver-binding-win32-ia32-msvc': [ '1.12.2' ],
36 silly audit   'update-browserslist-db': [ '1.2.3' ],
36 silly audit   'uri-js': [ '4.4.1' ],
36 silly audit   'util-deprecate': [ '1.0.2' ],
36 silly audit   'webidl-conversions': [ '7.0.0' ],
36 silly audit   'whatwg-url': [ '14.2.0' ],
36 silly audit   which: [ '2.0.2' ],
36 silly audit   'which-boxed-primitive': [ '1.1.1' ],
36 silly audit   'which-builtin-type': [ '1.2.1' ],
36 silly audit   'which-collection': [ '1.0.2' ],
36 silly audit   'which-typed-array': [ '1.1.22' ],
36 silly audit   'word-wrap': [ '1.2.5' ],
36 silly audit   yallist: [ '3.1.1' ],
36 silly audit   'yocto-queue': [ '0.1.0' ],
36 silly audit   zod: [ '4.4.3' ],
36 silly audit   'zod-validation-error': [ '4.0.2' ],
36 silly audit   '@tailwindcss/oxide-wasm32-wasi': [ '4.3.3' ]
36 silly audit }
37 verbose reify failed optional dependency C:\My_Projects\Cell_Xchange_Web\node_modules\@next\swc-win32-arm64-msvc
38 silly reify mark deleted [
38 silly reify   'C:\\My_Projects\\Cell_Xchange_Web\\node_modules\\@next\\swc-win32-arm64-msvc'
38 silly reify ]
39 verbose reify failed optional dependency C:\My_Projects\Cell_Xchange_Web\node_modules\@next\swc-linux-x64-musl
40 silly reify mark deleted [
40 silly reify   'C:\\My_Projects\\Cell_Xchange_Web\\node_modules\\@next\\swc-linux-x64-musl'
40 silly reify ]
41 verbose reify failed optional dependency C:\My_Projects\Cell_Xchange_Web\node_modules\@next\swc-linux-x64-gnu
42 silly reify mark deleted [
42 silly reify   'C:\\My_Projects\\Cell_Xchange_Web\\node_modules\\@next\\swc-linux-x64-gnu'
42 silly reify ]
43 verbose reify failed optional dependency C:\My_Projects\Cell_Xchange_Web\node_modules\@next\swc-linux-arm64-musl
44 silly reify mark deleted [
44 silly reify   'C:\\My_Projects\\Cell_Xchange_Web\\node_modules\\@next\\swc-linux-arm64-musl'
44 silly reify ]
45 verbose reify failed optional dependency C:\My_Projects\Cell_Xchange_Web\node_modules\@next\swc-linux-arm64-gnu
46 silly reify mark deleted [
46 silly reify   'C:\\My_Projects\\Cell_Xchange_Web\\node_modules\\@next\\swc-linux-arm64-gnu'
46 silly reify ]
47 verbose reify failed optional dependency C:\My_Projects\Cell_Xchange_Web\node_modules\@next\swc-darwin-x64
48 silly reify mark deleted [
48 silly reify   'C:\\My_Projects\\Cell_Xchange_Web\\node_modules\\@next\\swc-darwin-x64'
48 silly reify ]
49 verbose reify failed optional dependency C:\My_Projects\Cell_Xchange_Web\node_modules\@next\swc-darwin-arm64
50 silly reify mark deleted [
50 silly reify   'C:\\My_Projects\\Cell_Xchange_Web\\node_modules\\@next\\swc-darwin-arm64'
50 silly reify ]
51 verbose reify failed optional dependency C:\My_Projects\Cell_Xchange_Web\node_modules\@tailwindcss\oxide\node_modules\@tailwindcss\oxide-win32-arm64-msvc
52 silly reify mark deleted [
52 silly reify   'C:\\My_Projects\\Cell_Xchange_Web\\node_modules\\@tailwindcss\\oxide\\node_modules\\@tailwindcss\\oxide-win32-arm64-msvc'
52 silly reify ]
53 verbose reify failed optional dependency C:\My_Projects\Cell_Xchange_Web\node_modules\@tailwindcss\oxide\node_modules\@tailwindcss\oxide-linux-x64-musl
54 silly reify mark deleted [
54 silly reify   'C:\\My_Projects\\Cell_Xchange_Web\\node_modules\\@tailwindcss\\oxide\\node_modules\\@tailwindcss\\oxide-linux-x64-musl'
54 silly reify ]
55 verbose reify failed optional dependency C:\My_Projects\Cell_Xchange_Web\node_modules\@tailwindcss\oxide\node_modules\@tailwindcss\oxide-linux-x64-gnu
56 silly reify mark deleted [
56 silly reify   'C:\\My_Projects\\Cell_Xchange_Web\\node_modules\\@tailwindcss\\oxide\\node_modules\\@tailwindcss\\oxide-linux-x64-gnu'
56 silly reify ]
57 verbose reify failed optional dependency C:\My_Projects\Cell_Xchange_Web\node_modules\@tailwindcss\oxide\node_modules\@tailwindcss\oxide-linux-arm64-musl
58 silly reify mark deleted [
58 silly reify   'C:\\My_Projects\\Cell_Xchange_Web\\node_modules\\@tailwindcss\\oxide\\node_modules\\@tailwindcss\\oxide-linux-arm64-musl'
58 silly reify ]
59 verbose reify failed optional dependency C:\My_Projects\Cell_Xchange_Web\node_modules\@tailwindcss\oxide\node_modules\@tailwindcss\oxide-linux-arm64-gnu
60 silly reify mark deleted [
60 silly reify   'C:\\My_Projects\\Cell_Xchange_Web\\node_modules\\@tailwindcss\\oxide\\node_modules\\@tailwindcss\\oxide-linux-arm64-gnu'
60 silly reify ]
61 verbose reify failed optional dependency C:\My_Projects\Cell_Xchange_Web\node_modules\@tailwindcss\oxide\node_modules\@tailwindcss\oxide-linux-arm-gnueabihf
62 silly reify mark deleted [
62 silly reify   'C:\\My_Projects\\Cell_Xchange_Web\\node_modules\\@tailwindcss\\oxide\\node_modules\\@tailwindcss\\oxide-linux-arm-gnueabihf'
62 silly reify ]
63 verbose reify failed optional dependency C:\My_Projects\Cell_Xchange_Web\node_modules\@tailwindcss\oxide\node_modules\@tailwindcss\oxide-freebsd-x64
64 silly reify mark deleted [
64 silly reify   'C:\\My_Projects\\Cell_Xchange_Web\\node_modules\\@tailwindcss\\oxide\\node_modules\\@tailwindcss\\oxide-freebsd-x64'
64 silly reify ]
65 verbose reify failed optional dependency C:\My_Projects\Cell_Xchange_Web\node_modules\@tailwindcss\oxide\node_modules\@tailwindcss\oxide-darwin-x64
66 silly reify mark deleted [
66 silly reify   'C:\\My_Projects\\Cell_Xchange_Web\\node_modules\\@tailwindcss\\oxide\\node_modules\\@tailwindcss\\oxide-darwin-x64'
66 silly reify ]
67 verbose reify failed optional dependency C:\My_Projects\Cell_Xchange_Web\node_modules\@tailwindcss\oxide\node_modules\@tailwindcss\oxide-darwin-arm64
68 silly reify mark deleted [
68 silly reify   'C:\\My_Projects\\Cell_Xchange_Web\\node_modules\\@tailwindcss\\oxide\\node_modules\\@tailwindcss\\oxide-darwin-arm64'
68 silly reify ]
69 verbose reify failed optional dependency C:\My_Projects\Cell_Xchange_Web\node_modules\@tailwindcss\oxide\node_modules\@tailwindcss\oxide-android-arm64
70 silly reify mark deleted [
70 silly reify   'C:\\My_Projects\\Cell_Xchange_Web\\node_modules\\@tailwindcss\\oxide\\node_modules\\@tailwindcss\\oxide-android-arm64'
70 silly reify ]
71 verbose reify failed optional dependency C:\My_Projects\Cell_Xchange_Web\node_modules\unrs-resolver\node_modules\@unrs\resolver-binding-win32-ia32-msvc
72 silly reify mark deleted [
72 silly reify   'C:\\My_Projects\\Cell_Xchange_Web\\node_modules\\unrs-resolver\\node_modules\\@unrs\\resolver-binding-win32-ia32-msvc'
72 silly reify ]
73 verbose reify failed optional dependency C:\My_Projects\Cell_Xchange_Web\node_modules\unrs-resolver\node_modules\@unrs\resolver-binding-win32-arm64-msvc
74 silly reify mark deleted [
74 silly reify   'C:\\My_Projects\\Cell_Xchange_Web\\node_modules\\unrs-resolver\\node_modules\\@unrs\\resolver-binding-win32-arm64-msvc'
74 silly reify ]
75 verbose reify failed optional dependency C:\My_Projects\Cell_Xchange_Web\node_modules\unrs-resolver\node_modules\@unrs\resolver-binding-wasm32-wasi
76 silly reify mark deleted [
76 silly reify   'C:\\My_Projects\\Cell_Xchange_Web\\node_modules\\unrs-resolver\\node_modules\\@unrs\\resolver-binding-wasm32-wasi'
76 silly reify ]
77 verbose reify failed optional dependency C:\My_Projects\Cell_Xchange_Web\node_modules\@emnapi\core
78 silly reify mark deleted [ 'C:\\My_Projects\\Cell_Xchange_Web\\node_modules\\@emnapi\\core' ]
79 verbose reify failed optional dependency C:\My_Projects\Cell_Xchange_Web\node_modules\unrs-resolver\node_modules\@emnapi\runtime
80 silly reify mark deleted [
80 silly reify   'C:\\My_Projects\\Cell_Xchange_Web\\node_modules\\unrs-resolver\\node_modules\\@emnapi\\runtime'
80 silly reify ]
81 verbose reify failed optional dependency C:\My_Projects\Cell_Xchange_Web\node_modules\@napi-rs\wasm-runtime
82 silly reify mark deleted [
82 silly reify   'C:\\My_Projects\\Cell_Xchange_Web\\node_modules\\@napi-rs\\wasm-runtime'
82 silly reify ]
83 verbose reify failed optional dependency C:\My_Projects\Cell_Xchange_Web\node_modules\@emnapi\wasi-threads
84 silly reify mark deleted [
84 silly reify   'C:\\My_Projects\\Cell_Xchange_Web\\node_modules\\@emnapi\\wasi-threads'
84 silly reify ]
85 verbose reify failed optional dependency C:\My_Projects\Cell_Xchange_Web\node_modules\@tybys\wasm-util
86 silly reify mark deleted [
86 silly reify   'C:\\My_Projects\\Cell_Xchange_Web\\node_modules\\@tybys\\wasm-util'
86 silly reify ]
87 verbose reify failed optional dependency C:\My_Projects\Cell_Xchange_Web\node_modules\unrs-resolver\node_modules\@unrs\resolver-binding-openharmony-arm64
88 silly reify mark deleted [
88 silly reify   'C:\\My_Projects\\Cell_Xchange_Web\\node_modules\\unrs-resolver\\node_modules\\@unrs\\resolver-binding-openharmony-arm64'
88 silly reify ]
89 verbose reify failed optional dependency C:\My_Projects\Cell_Xchange_Web\node_modules\unrs-resolver\node_modules\@unrs\resolver-binding-linux-x64-musl
90 silly reify mark deleted [
90 silly reify   'C:\\My_Projects\\Cell_Xchange_Web\\node_modules\\unrs-resolver\\node_modules\\@unrs\\resolver-binding-linux-x64-musl'
90 silly reify ]
91 verbose reify failed optional dependency C:\My_Projects\Cell_Xchange_Web\node_modules\unrs-resolver\node_modules\@unrs\resolver-binding-linux-x64-gnu
92 silly reify mark deleted [
92 silly reify   'C:\\My_Projects\\Cell_Xchange_Web\\node_modules\\unrs-resolver\\node_modules\\@unrs\\resolver-binding-linux-x64-gnu'
92 silly reify ]
93 verbose reify failed optional dependency C:\My_Projects\Cell_Xchange_Web\node_modules\unrs-resolver\node_modules\@unrs\resolver-binding-linux-s390x-gnu
94 silly reify mark deleted [
94 silly reify   'C:\\My_Projects\\Cell_Xchange_Web\\node_modules\\unrs-resolver\\node_modules\\@unrs\\resolver-binding-linux-s390x-gnu'
94 silly reify ]
95 verbose reify failed optional dependency C:\My_Projects\Cell_Xchange_Web\node_modules\unrs-resolver\node_modules\@unrs\resolver-binding-linux-riscv64-musl
96 silly reify mark deleted [
96 silly reify   'C:\\My_Projects\\Cell_Xchange_Web\\node_modules\\unrs-resolver\\node_modules\\@unrs\\resolver-binding-linux-riscv64-musl'
96 silly reify ]
97 verbose reify failed optional dependency C:\My_Projects\Cell_Xchange_Web\node_modules\unrs-resolver\node_modules\@unrs\resolver-binding-linux-riscv64-gnu
98 silly reify mark deleted [
98 silly reify   'C:\\My_Projects\\Cell_Xchange_Web\\node_modules\\unrs-resolver\\node_modules\\@unrs\\resolver-binding-linux-riscv64-gnu'
98 silly reify ]
99 verbose reify failed optional dependency C:\My_Projects\Cell_Xchange_Web\node_modules\unrs-resolver\node_modules\@unrs\resolver-binding-linux-ppc64-gnu
100 silly reify mark deleted [
100 silly reify   'C:\\My_Projects\\Cell_Xchange_Web\\node_modules\\unrs-resolver\\node_modules\\@unrs\\resolver-binding-linux-ppc64-gnu'
100 silly reify ]
101 verbose reify failed optional dependency C:\My_Projects\Cell_Xchange_Web\node_modules\unrs-resolver\node_modules\@unrs\resolver-binding-linux-loong64-musl
102 silly reify mark deleted [
102 silly reify   'C:\\My_Projects\\Cell_Xchange_Web\\node_modules\\unrs-resolver\\node_modules\\@unrs\\resolver-binding-linux-loong64-musl'
102 silly reify ]
103 verbose reify failed optional dependency C:\My_Projects\Cell_Xchange_Web\node_modules\unrs-resolver\node_modules\@unrs\resolver-binding-linux-loong64-gnu
104 silly reify mark deleted [
104 silly reify   'C:\\My_Projects\\Cell_Xchange_Web\\node_modules\\unrs-resolver\\node_modules\\@unrs\\resolver-binding-linux-loong64-gnu'
104 silly reify ]
105 verbose reify failed optional dependency C:\My_Projects\Cell_Xchange_Web\node_modules\unrs-resolver\node_modules\@unrs\resolver-binding-linux-arm64-musl
106 silly reify mark deleted [
106 silly reify   'C:\\My_Projects\\Cell_Xchange_Web\\node_modules\\unrs-resolver\\node_modules\\@unrs\\resolver-binding-linux-arm64-musl'
106 silly reify ]
107 verbose reify failed optional dependency C:\My_Projects\Cell_Xchange_Web\node_modules\unrs-resolver\node_modules\@unrs\resolver-binding-linux-arm64-gnu
108 silly reify mark deleted [
108 silly reify   'C:\\My_Projects\\Cell_Xchange_Web\\node_modules\\unrs-resolver\\node_modules\\@unrs\\resolver-binding-linux-arm64-gnu'
108 silly reify ]
109 verbose reify failed optional dependency C:\My_Projects\Cell_Xchange_Web\node_modules\unrs-resolver\node_modules\@unrs\resolver-binding-linux-arm-musleabihf
110 silly reify mark deleted [
110 silly reify   'C:\\My_Projects\\Cell_Xchange_Web\\node_modules\\unrs-resolver\\node_modules\\@unrs\\resolver-binding-linux-arm-musleabihf'
110 silly reify ]
111 verbose reify failed optional dependency C:\My_Projects\Cell_Xchange_Web\node_modules\unrs-resolver\node_modules\@unrs\resolver-binding-linux-arm-gnueabihf
112 silly reify mark deleted [
112 silly reify   'C:\\My_Projects\\Cell_Xchange_Web\\node_modules\\unrs-resolver\\node_modules\\@unrs\\resolver-binding-linux-arm-gnueabihf'
112 silly reify ]
113 verbose reify failed optional dependency C:\My_Projects\Cell_Xchange_Web\node_modules\unrs-resolver\node_modules\@unrs\resolver-binding-freebsd-x64
114 silly reify mark deleted [
114 silly reify   'C:\\My_Projects\\Cell_Xchange_Web\\node_modules\\unrs-resolver\\node_modules\\@unrs\\resolver-binding-freebsd-x64'
114 silly reify ]
115 verbose reify failed optional dependency C:\My_Projects\Cell_Xchange_Web\node_modules\unrs-resolver\node_modules\@unrs\resolver-binding-darwin-x64
116 silly reify mark deleted [
116 silly reify   'C:\\My_Projects\\Cell_Xchange_Web\\node_modules\\unrs-resolver\\node_modules\\@unrs\\resolver-binding-darwin-x64'
116 silly reify ]
117 verbose reify failed optional dependency C:\My_Projects\Cell_Xchange_Web\node_modules\unrs-resolver\node_modules\@unrs\resolver-binding-darwin-arm64
118 silly reify mark deleted [
118 silly reify   'C:\\My_Projects\\Cell_Xchange_Web\\node_modules\\unrs-resolver\\node_modules\\@unrs\\resolver-binding-darwin-arm64'
118 silly reify ]
119 verbose reify failed optional dependency C:\My_Projects\Cell_Xchange_Web\node_modules\unrs-resolver\node_modules\@unrs\resolver-binding-android-arm64
120 silly reify mark deleted [
120 silly reify   'C:\\My_Projects\\Cell_Xchange_Web\\node_modules\\unrs-resolver\\node_modules\\@unrs\\resolver-binding-android-arm64'
120 silly reify ]
121 verbose reify failed optional dependency C:\My_Projects\Cell_Xchange_Web\node_modules\unrs-resolver\node_modules\@unrs\resolver-binding-android-arm-eabi
122 silly reify mark deleted [
122 silly reify   'C:\\My_Projects\\Cell_Xchange_Web\\node_modules\\unrs-resolver\\node_modules\\@unrs\\resolver-binding-android-arm-eabi'
122 silly reify ]
123 verbose reify failed optional dependency C:\My_Projects\Cell_Xchange_Web\node_modules\sharp\node_modules\@img\sharp-win32-ia32
124 silly reify mark deleted [
124 silly reify   'C:\\My_Projects\\Cell_Xchange_Web\\node_modules\\sharp\\node_modules\\@img\\sharp-win32-ia32'
124 silly reify ]
125 verbose reify failed optional dependency C:\My_Projects\Cell_Xchange_Web\node_modules\sharp\node_modules\@img\sharp-win32-arm64
126 silly reify mark deleted [
126 silly reify   'C:\\My_Projects\\Cell_Xchange_Web\\node_modules\\sharp\\node_modules\\@img\\sharp-win32-arm64'
126 silly reify ]
127 verbose reify failed optional dependency C:\My_Projects\Cell_Xchange_Web\node_modules\sharp\node_modules\@img\sharp-wasm32
128 silly reify mark deleted [
128 silly reify   'C:\\My_Projects\\Cell_Xchange_Web\\node_modules\\sharp\\node_modules\\@img\\sharp-wasm32'
128 silly reify ]
129 verbose reify failed optional dependency C:\My_Projects\Cell_Xchange_Web\node_modules\sharp\node_modules\@img\sharp-linuxmusl-x64
130 silly reify mark deleted [
130 silly reify   'C:\\My_Projects\\Cell_Xchange_Web\\node_modules\\sharp\\node_modules\\@img\\sharp-linuxmusl-x64'
130 silly reify ]
131 verbose reify failed optional dependency C:\My_Projects\Cell_Xchange_Web\node_modules\sharp\node_modules\@img\sharp-linuxmusl-arm64
132 silly reify mark deleted [
132 silly reify   'C:\\My_Projects\\Cell_Xchange_Web\\node_modules\\sharp\\node_modules\\@img\\sharp-linuxmusl-arm64'
132 silly reify ]
133 verbose reify failed optional dependency C:\My_Projects\Cell_Xchange_Web\node_modules\sharp\node_modules\@img\sharp-linux-x64
134 silly reify mark deleted [
134 silly reify   'C:\\My_Projects\\Cell_Xchange_Web\\node_modules\\sharp\\node_modules\\@img\\sharp-linux-x64'
134 silly reify ]
135 verbose reify failed optional dependency C:\My_Projects\Cell_Xchange_Web\node_modules\sharp\node_modules\@img\sharp-linux-s390x
136 silly reify mark deleted [
136 silly reify   'C:\\My_Projects\\Cell_Xchange_Web\\node_modules\\sharp\\node_modules\\@img\\sharp-linux-s390x'
136 silly reify ]
137 verbose reify failed optional dependency C:\My_Projects\Cell_Xchange_Web\node_modules\sharp\node_modules\@img\sharp-linux-riscv64
138 silly reify mark deleted [
138 silly reify   'C:\\My_Projects\\Cell_Xchange_Web\\node_modules\\sharp\\node_modules\\@img\\sharp-linux-riscv64'
138 silly reify ]
139 verbose reify failed optional dependency C:\My_Projects\Cell_Xchange_Web\node_modules\sharp\node_modules\@img\sharp-linux-ppc64
140 silly reify mark deleted [
140 silly reify   'C:\\My_Projects\\Cell_Xchange_Web\\node_modules\\sharp\\node_modules\\@img\\sharp-linux-ppc64'
140 silly reify ]
141 verbose reify failed optional dependency C:\My_Projects\Cell_Xchange_Web\node_modules\sharp\node_modules\@img\sharp-linux-arm64
142 silly reify mark deleted [
142 silly reify   'C:\\My_Projects\\Cell_Xchange_Web\\node_modules\\sharp\\node_modules\\@img\\sharp-linux-arm64'
142 silly reify ]
143 verbose reify failed optional dependency C:\My_Projects\Cell_Xchange_Web\node_modules\sharp\node_modules\@img\sharp-linux-arm
144 silly reify mark deleted [
144 silly reify   'C:\\My_Projects\\Cell_Xchange_Web\\node_modules\\sharp\\node_modules\\@img\\sharp-linux-arm'
144 silly reify ]
145 verbose reify failed optional dependency C:\My_Projects\Cell_Xchange_Web\node_modules\sharp\node_modules\@img\sharp-libvips-linuxmusl-x64
146 silly reify mark deleted [
146 silly reify   'C:\\My_Projects\\Cell_Xchange_Web\\node_modules\\sharp\\node_modules\\@img\\sharp-libvips-linuxmusl-x64'
146 silly reify ]
147 verbose reify failed optional dependency C:\My_Projects\Cell_Xchange_Web\node_modules\sharp\node_modules\@img\sharp-libvips-linuxmusl-arm64
148 silly reify mark deleted [
148 silly reify   'C:\\My_Projects\\Cell_Xchange_Web\\node_modules\\sharp\\node_modules\\@img\\sharp-libvips-linuxmusl-arm64'
148 silly reify ]
149 verbose reify failed optional dependency C:\My_Projects\Cell_Xchange_Web\node_modules\sharp\node_modules\@img\sharp-libvips-linux-x64
150 silly reify mark deleted [
150 silly reify   'C:\\My_Projects\\Cell_Xchange_Web\\node_modules\\sharp\\node_modules\\@img\\sharp-libvips-linux-x64'
150 silly reify ]
151 verbose reify failed optional dependency C:\My_Projects\Cell_Xchange_Web\node_modules\sharp\node_modules\@img\sharp-libvips-linux-s390x
152 silly reify mark deleted [
152 silly reify   'C:\\My_Projects\\Cell_Xchange_Web\\node_modules\\sharp\\node_modules\\@img\\sharp-libvips-linux-s390x'
152 silly reify ]
153 verbose reify failed optional dependency C:\My_Projects\Cell_Xchange_Web\node_modules\sharp\node_modules\@img\sharp-libvips-linux-riscv64
154 silly reify mark deleted [
154 silly reify   'C:\\My_Projects\\Cell_Xchange_Web\\node_modules\\sharp\\node_modules\\@img\\sharp-libvips-linux-riscv64'
154 silly reify ]
155 verbose reify failed optional dependency C:\My_Projects\Cell_Xchange_Web\node_modules\sharp\node_modules\@img\sharp-libvips-linux-ppc64
156 silly reify mark deleted [
156 silly reify   'C:\\My_Projects\\Cell_Xchange_Web\\node_modules\\sharp\\node_modules\\@img\\sharp-libvips-linux-ppc64'
156 silly reify ]
157 verbose reify failed optional dependency C:\My_Projects\Cell_Xchange_Web\node_modules\sharp\node_modules\@img\sharp-libvips-linux-arm64
158 silly reify mark deleted [
158 silly reify   'C:\\My_Projects\\Cell_Xchange_Web\\node_modules\\sharp\\node_modules\\@img\\sharp-libvips-linux-arm64'
158 silly reify ]
159 verbose reify failed optional dependency C:\My_Projects\Cell_Xchange_Web\node_modules\sharp\node_modules\@img\sharp-libvips-linux-arm
160 silly reify mark deleted [
160 silly reify   'C:\\My_Projects\\Cell_Xchange_Web\\node_modules\\sharp\\node_modules\\@img\\sharp-libvips-linux-arm'
160 silly reify ]
161 verbose reify failed optional dependency C:\My_Projects\Cell_Xchange_Web\node_modules\sharp\node_modules\@img\sharp-libvips-darwin-x64
162 silly reify mark deleted [
162 silly reify   'C:\\My_Projects\\Cell_Xchange_Web\\node_modules\\sharp\\node_modules\\@img\\sharp-libvips-darwin-x64'
162 silly reify ]
163 verbose reify failed optional dependency C:\My_Projects\Cell_Xchange_Web\node_modules\sharp\node_modules\@img\sharp-libvips-darwin-arm64
164 silly reify mark deleted [
164 silly reify   'C:\\My_Projects\\Cell_Xchange_Web\\node_modules\\sharp\\node_modules\\@img\\sharp-libvips-darwin-arm64'
164 silly reify ]
165 verbose reify failed optional dependency C:\My_Projects\Cell_Xchange_Web\node_modules\sharp\node_modules\@img\sharp-darwin-x64
166 silly reify mark deleted [
166 silly reify   'C:\\My_Projects\\Cell_Xchange_Web\\node_modules\\sharp\\node_modules\\@img\\sharp-darwin-x64'
166 silly reify ]
167 verbose reify failed optional dependency C:\My_Projects\Cell_Xchange_Web\node_modules\sharp\node_modules\@img\sharp-darwin-arm64
168 silly reify mark deleted [
168 silly reify   'C:\\My_Projects\\Cell_Xchange_Web\\node_modules\\sharp\\node_modules\\@img\\sharp-darwin-arm64'
168 silly reify ]
169 verbose reify failed optional dependency C:\My_Projects\Cell_Xchange_Web\node_modules\lightningcss\node_modules\lightningcss-win32-arm64-msvc
170 silly reify mark deleted [
170 silly reify   'C:\\My_Projects\\Cell_Xchange_Web\\node_modules\\lightningcss\\node_modules\\lightningcss-win32-arm64-msvc'
170 silly reify ]
171 verbose reify failed optional dependency C:\My_Projects\Cell_Xchange_Web\node_modules\lightningcss\node_modules\lightningcss-linux-x64-musl
172 silly reify mark deleted [
172 silly reify   'C:\\My_Projects\\Cell_Xchange_Web\\node_modules\\lightningcss\\node_modules\\lightningcss-linux-x64-musl'
172 silly reify ]
173 verbose reify failed optional dependency C:\My_Projects\Cell_Xchange_Web\node_modules\lightningcss\node_modules\lightningcss-linux-x64-gnu
174 silly reify mark deleted [
174 silly reify   'C:\\My_Projects\\Cell_Xchange_Web\\node_modules\\lightningcss\\node_modules\\lightningcss-linux-x64-gnu'
174 silly reify ]
175 verbose reify failed optional dependency C:\My_Projects\Cell_Xchange_Web\node_modules\lightningcss\node_modules\lightningcss-linux-arm64-musl
176 silly reify mark deleted [
176 silly reify   'C:\\My_Projects\\Cell_Xchange_Web\\node_modules\\lightningcss\\node_modules\\lightningcss-linux-arm64-musl'
176 silly reify ]
177 verbose reify failed optional dependency C:\My_Projects\Cell_Xchange_Web\node_modules\lightningcss\node_modules\lightningcss-linux-arm64-gnu
178 silly reify mark deleted [
178 silly reify   'C:\\My_Projects\\Cell_Xchange_Web\\node_modules\\lightningcss\\node_modules\\lightningcss-linux-arm64-gnu'
178 silly reify ]
179 verbose reify failed optional dependency C:\My_Projects\Cell_Xchange_Web\node_modules\lightningcss\node_modules\lightningcss-linux-arm-gnueabihf
180 silly reify mark deleted [
180 silly reify   'C:\\My_Projects\\Cell_Xchange_Web\\node_modules\\lightningcss\\node_modules\\lightningcss-linux-arm-gnueabihf'
180 silly reify ]
181 verbose reify failed optional dependency C:\My_Projects\Cell_Xchange_Web\node_modules\lightningcss\node_modules\lightningcss-freebsd-x64
182 silly reify mark deleted [
182 silly reify   'C:\\My_Projects\\Cell_Xchange_Web\\node_modules\\lightningcss\\node_modules\\lightningcss-freebsd-x64'
182 silly reify ]
183 verbose reify failed optional dependency C:\My_Projects\Cell_Xchange_Web\node_modules\lightningcss\node_modules\lightningcss-darwin-x64
184 silly reify mark deleted [
184 silly reify   'C:\\My_Projects\\Cell_Xchange_Web\\node_modules\\lightningcss\\node_modules\\lightningcss-darwin-x64'
184 silly reify ]
185 verbose reify failed optional dependency C:\My_Projects\Cell_Xchange_Web\node_modules\lightningcss\node_modules\lightningcss-darwin-arm64
186 silly reify mark deleted [
186 silly reify   'C:\\My_Projects\\Cell_Xchange_Web\\node_modules\\lightningcss\\node_modules\\lightningcss-darwin-arm64'
186 silly reify ]
187 verbose reify failed optional dependency C:\My_Projects\Cell_Xchange_Web\node_modules\lightningcss\node_modules\lightningcss-android-arm64
188 silly reify mark deleted [
188 silly reify   'C:\\My_Projects\\Cell_Xchange_Web\\node_modules\\lightningcss\\node_modules\\lightningcss-android-arm64'
188 silly reify ]
189 http cache @emnapi/runtime@https://registry.npmjs.org/@emnapi/runtime/-/runtime-1.10.0.tgz 1ms (cache hit)
190 http fetch POST 200 https://registry.npmjs.org/-/npm/v1/security/advisories/bulk 414ms
191 silly audit report {}
192 silly ADD
193 silly ADD
194 silly ADD
195 silly ADD
196 silly ADD
197 silly ADD
198 silly ADD
199 silly ADD
200 silly ADD
201 silly ADD
202 silly ADD
203 silly ADD
204 silly ADD
205 silly ADD
206 silly ADD
207 silly ADD
208 silly ADD
209 silly ADD
210 silly ADD
211 silly ADD
212 silly ADD
213 silly ADD
214 silly ADD
215 silly ADD
216 silly ADD
217 silly ADD
218 silly ADD
219 silly ADD
220 silly ADD
221 silly ADD
222 silly ADD
223 silly ADD
224 silly ADD
225 silly ADD
226 silly ADD
227 silly ADD
228 silly ADD
229 silly ADD
230 silly ADD
231 silly ADD
232 silly ADD
233 silly ADD
234 silly ADD
235 silly ADD
236 silly ADD
237 silly ADD
238 silly ADD
239 silly ADD
240 silly ADD
241 silly ADD
242 silly ADD
243 silly ADD
244 silly ADD
245 silly ADD
246 silly ADD
247 silly ADD
248 silly ADD
249 silly ADD
250 silly ADD
251 silly ADD
252 silly ADD
253 silly ADD
254 silly ADD
255 silly REMOVE node_modules/next/node_modules/postcss
256 silly ADD
257 silly ADD
258 silly ADD
259 silly ADD
260 silly ADD
261 silly ADD
262 silly ADD
263 silly ADD
264 silly ADD
265 silly ADD
266 verbose cwd C:\My_Projects\Cell_Xchange_Web
267 verbose os Windows_NT 10.0.26200
268 verbose node v22.21.1
269 verbose npm  v10.9.4
270 verbose exit 0
271 info ok
