0 verbose cli C:\nvm4w\nodejs\node.exe C:\nvm4w\nodejs\node_modules\npm\bin\npm-cli.js
1 info using npm@10.9.4
2 info using node@v22.21.1
3 silly config load:file:C:\Users\DELL\AppData\Local\nvm\v22.21.1\node_modules\npm\npmrc
4 silly config load:file:C:\My_Projects\Cell_Xchange_Web\.npmrc
5 silly config load:file:C:\Users\DELL\.npmrc
6 silly config load:file:C:\nvm4w\nodejs\etc\npmrc
7 verbose title npm audit
8 verbose argv "audit" "--omit" "dev" "--audit-level" "moderate" "--cache" ".npm-cache"
9 verbose logfile logs-max:10 dir:C:\My_Projects\Cell_Xchange_Web\.npm-cache\_logs\2026-07-21T17_36_15_735Z-
10 verbose logfile C:\My_Projects\Cell_Xchange_Web\.npm-cache\_logs\2026-07-21T17_36_15_735Z-debug-0.log
11 silly logfile done cleaning log files
12 silly packumentCache heap:4345298944 maxSize:1086324736 maxEntrySize:543162368
13 silly audit bulk request {
13 silly audit   semver: [ '7.8.5' ],
13 silly audit   '@emnapi/runtime': [ '1.11.2' ],
13 silly audit   '@hookform/resolvers': [ '5.4.0' ],
13 silly audit   '@img/colour': [ '1.1.0' ],
13 silly audit   '@mongodb-js/saslprep': [ '1.4.12' ],
13 silly audit   '@next/env': [ '16.2.10' ],
13 silly audit   '@next/swc-darwin-arm64': [ '16.2.10' ],
13 silly audit   '@next/swc-darwin-x64': [ '16.2.10' ],
13 silly audit   '@next/swc-linux-arm64-gnu': [ '16.2.10' ],
13 silly audit   '@next/swc-linux-arm64-musl': [ '16.2.10' ],
13 silly audit   '@next/swc-linux-x64-gnu': [ '16.2.10' ],
13 silly audit   '@next/swc-linux-x64-musl': [ '16.2.10' ],
13 silly audit   '@next/swc-win32-arm64-msvc': [ '16.2.10' ],
13 silly audit   '@next/swc-win32-x64-msvc': [ '16.2.10' ],
13 silly audit   '@standard-schema/utils': [ '0.3.0' ],
13 silly audit   '@swc/helpers': [ '0.5.15' ],
13 silly audit   tslib: [ '2.8.1' ],
13 silly audit   '@types/webidl-conversions': [ '7.0.3' ],
13 silly audit   '@types/whatwg-url': [ '11.0.5' ],
13 silly audit   'agent-base': [ '6.0.2' ],
13 silly audit   'append-field': [ '1.0.0' ],
13 silly audit   asynckit: [ '0.4.0' ],
13 silly audit   axios: [ '1.18.1' ],
13 silly audit   'baseline-browser-mapping': [ '2.10.44' ],
13 silly audit   bcryptjs: [ '3.0.3' ],
13 silly audit   bson: [ '6.10.4' ],
13 silly audit   'buffer-equal-constant-time': [ '1.0.1' ],
13 silly audit   'buffer-from': [ '1.1.2' ],
13 silly audit   busboy: [ '1.6.0' ],
13 silly audit   'call-bind-apply-helpers': [ '1.0.2' ],
13 silly audit   'caniuse-lite': [ '1.0.30001806' ],
13 silly audit   'client-only': [ '0.0.1' ],
13 silly audit   cloudinary: [ '2.10.0' ],
13 silly audit   lodash: [ '4.18.1' ],
13 silly audit   'combined-stream': [ '1.0.8' ],
13 silly audit   'concat-stream': [ '2.0.0' ],
13 silly audit   csstype: [ '3.2.3' ],
13 silly audit   debug: [ '4.4.3' ],
13 silly audit   'delayed-stream': [ '1.0.0' ],
13 silly audit   'detect-libc': [ '2.1.2' ],
13 silly audit   'dunder-proto': [ '1.0.1' ],
13 silly audit   'ecdsa-sig-formatter': [ '1.0.11' ],
13 silly audit   'es-define-property': [ '1.0.1' ],
13 silly audit   'es-errors': [ '1.3.0' ],
13 silly audit   'es-object-atoms': [ '1.1.2' ],
13 silly audit   'es-set-tostringtag': [ '2.1.0' ],
13 silly audit   'follow-redirects': [ '1.16.0' ],
13 silly audit   'form-data': [ '4.0.6' ],
13 silly audit   'framer-motion': [ '12.42.2' ],
13 silly audit   'function-bind': [ '1.1.2' ],
13 silly audit   'get-intrinsic': [ '1.3.0' ],
13 silly audit   'get-proto': [ '1.0.1' ],
13 silly audit   goober: [ '2.1.19' ],
13 silly audit   gopd: [ '1.2.0' ],
13 silly audit   'has-symbols': [ '1.1.0' ],
13 silly audit   'has-tostringtag': [ '1.0.2' ],
13 silly audit   hasown: [ '2.0.4' ],
13 silly audit   'https-proxy-agent': [ '5.0.1' ],
13 silly audit   inherits: [ '2.0.4' ],
13 silly audit   jose: [ '6.2.3' ],
13 silly audit   jsonwebtoken: [ '9.0.3' ],
13 silly audit   jwa: [ '2.0.1' ],
13 silly audit   jws: [ '4.0.1' ],
13 silly audit   kareem: [ '2.6.3' ],
13 silly audit   'lodash.includes': [ '4.3.0' ],
13 silly audit   'lodash.isboolean': [ '3.0.3' ],
13 silly audit   'lodash.isinteger': [ '4.0.4' ],
13 silly audit   'lodash.isnumber': [ '3.0.3' ],
13 silly audit   'lodash.isplainobject': [ '4.0.6' ],
13 silly audit   'lodash.isstring': [ '4.0.1' ],
13 silly audit   'lodash.once': [ '4.1.1' ],
13 silly audit   'lucide-react': [ '0.468.0' ],
13 silly audit   'math-intrinsics': [ '1.1.0' ],
13 silly audit   'media-typer': [ '0.3.0' ],
13 silly audit   'memory-pager': [ '1.5.0' ],
13 silly audit   'mime-db': [ '1.52.0' ],
13 silly audit   'mime-types': [ '2.1.35' ],
13 silly audit   mongodb: [ '6.20.0' ],
13 silly audit   'mongodb-connection-string-url': [ '3.0.2' ],
13 silly audit   mongoose: [ '8.24.1' ],
13 silly audit   'motion-dom': [ '12.42.2' ],
13 silly audit   'motion-utils': [ '12.39.0' ],
13 silly audit   mpath: [ '0.9.0' ],
13 silly audit   mquery: [ '5.0.0' ],
13 silly audit   ms: [ '2.1.3' ],
13 silly audit   multer: [ '2.2.0' ],
13 silly audit   nanoid: [ '3.3.16' ],
13 silly audit   next: [ '16.2.10' ],
13 silly audit   picocolors: [ '1.1.1' ],
13 silly audit   'proxy-from-env': [ '2.1.0' ],
13 silly audit   punycode: [ '2.3.1' ],
13 silly audit   react: [ '19.2.7' ],
13 silly audit   'react-dom': [ '19.2.7' ],
13 silly audit   'react-hook-form': [ '7.82.0' ],
13 silly audit   'react-hot-toast': [ '2.6.0' ],
13 silly audit   'readable-stream': [ '3.6.2' ],
13 silly audit   'safe-buffer': [ '5.2.1' ],
13 silly audit   scheduler: [ '0.27.0' ],
13 silly audit   sharp: [ '0.34.5' ],
13 silly audit   '@img/sharp-darwin-arm64': [ '0.34.5' ],
13 silly audit   '@img/sharp-darwin-x64': [ '0.34.5' ],
13 silly audit   '@img/sharp-libvips-darwin-arm64': [ '1.2.4' ],
13 silly audit   '@img/sharp-libvips-darwin-x64': [ '1.2.4' ],
13 silly audit   '@img/sharp-libvips-linux-arm': [ '1.2.4' ],
13 silly audit   '@img/sharp-libvips-linux-arm64': [ '1.2.4' ],
13 silly audit   '@img/sharp-libvips-linux-ppc64': [ '1.2.4' ],
13 silly audit   '@img/sharp-libvips-linux-riscv64': [ '1.2.4' ],
13 silly audit   '@img/sharp-libvips-linux-s390x': [ '1.2.4' ],
13 silly audit   '@img/sharp-libvips-linux-x64': [ '1.2.4' ],
13 silly audit   '@img/sharp-libvips-linuxmusl-arm64': [ '1.2.4' ],
13 silly audit   '@img/sharp-libvips-linuxmusl-x64': [ '1.2.4' ],
13 silly audit   '@img/sharp-linux-arm': [ '0.34.5' ],
13 silly audit   '@img/sharp-linux-arm64': [ '0.34.5' ],
13 silly audit   '@img/sharp-linux-ppc64': [ '0.34.5' ],
13 silly audit   '@img/sharp-linux-riscv64': [ '0.34.5' ],
13 silly audit   '@img/sharp-linux-s390x': [ '0.34.5' ],
13 silly audit   '@img/sharp-linux-x64': [ '0.34.5' ],
13 silly audit   '@img/sharp-linuxmusl-arm64': [ '0.34.5' ],
13 silly audit   '@img/sharp-linuxmusl-x64': [ '0.34.5' ],
13 silly audit   '@img/sharp-wasm32': [ '0.34.5' ],
13 silly audit   '@img/sharp-win32-arm64': [ '0.34.5' ],
13 silly audit   '@img/sharp-win32-ia32': [ '0.34.5' ],
13 silly audit   '@img/sharp-win32-x64': [ '0.34.5' ],
13 silly audit   sift: [ '17.1.3' ],
13 silly audit   'source-map-js': [ '1.2.1' ],
13 silly audit   'sparse-bitfield': [ '3.0.3' ],
13 silly audit   streamsearch: [ '1.1.0' ],
13 silly audit   string_decoder: [ '1.3.0' ],
13 silly audit   'styled-jsx': [ '5.1.6' ],
13 silly audit   tr46: [ '5.1.1' ],
13 silly audit   'type-is': [ '1.6.18' ],
13 silly audit   typedarray: [ '0.0.6' ],
13 silly audit   'util-deprecate': [ '1.0.2' ],
13 silly audit   'webidl-conversions': [ '7.0.0' ],
13 silly audit   'whatwg-url': [ '14.2.0' ],
13 silly audit   zod: [ '4.4.3' ]
13 silly audit }
14 http fetch POST 200 https://registry.npmjs.org/-/npm/v1/security/advisories/bulk 434ms
15 silly audit report {}
16 verbose cwd C:\My_Projects\Cell_Xchange_Web
17 verbose os Windows_NT 10.0.26200
18 verbose node v22.21.1
19 verbose npm  v10.9.4
20 verbose exit 0
21 info ok
